[2025-04-26T03:02:49.609+0000] {taskinstance.py:1956} INFO - Dependencies all met for dep_context=non-requeueable deps ti=<TaskInstance: traffic_data_pipeline.submit_traffic_processor_spark_job manual__2025-04-26T03:02:48.138074+00:00 [queued]>
[2025-04-26T03:02:49.622+0000] {taskinstance.py:1956} INFO - Dependencies all met for dep_context=requeueable deps ti=<TaskInstance: traffic_data_pipeline.submit_traffic_processor_spark_job manual__2025-04-26T03:02:48.138074+00:00 [queued]>
[2025-04-26T03:02:49.624+0000] {taskinstance.py:2170} INFO - Starting attempt 1 of 1
[2025-04-26T03:02:49.644+0000] {taskinstance.py:2191} INFO - Executing <Task(BashOperator): submit_traffic_processor_spark_job> on 2025-04-26 03:02:48.138074+00:00
[2025-04-26T03:02:49.657+0000] {standard_task_runner.py:60} INFO - Started process 178 to run task
[2025-04-26T03:02:49.676+0000] {standard_task_runner.py:87} INFO - Running: ['***', 'tasks', 'run', 'traffic_data_pipeline', 'submit_traffic_processor_spark_job', 'manual__2025-04-26T03:02:48.138074+00:00', '--job-id', '8', '--raw', '--subdir', 'DAGS_FOLDER/traffic_pipeline_dag.py', '--cfg-path', '/tmp/tmpcj7frkwj']
[2025-04-26T03:02:49.686+0000] {standard_task_runner.py:88} INFO - Job 8: Subtask submit_traffic_processor_spark_job
[2025-04-26T03:02:49.825+0000] {task_command.py:423} INFO - Running <TaskInstance: traffic_data_pipeline.submit_traffic_processor_spark_job manual__2025-04-26T03:02:48.138074+00:00 [running]> on host bb14edebc3f2
[2025-04-26T03:02:50.177+0000] {taskinstance.py:2480} INFO - Exporting env vars: AIRFLOW_CTX_DAG_OWNER='***' AIRFLOW_CTX_DAG_ID='traffic_data_pipeline' AIRFLOW_CTX_TASK_ID='submit_traffic_processor_spark_job' AIRFLOW_CTX_EXECUTION_DATE='2025-04-26T03:02:48.138074+00:00' AIRFLOW_CTX_TRY_NUMBER='1' AIRFLOW_CTX_DAG_RUN_ID='manual__2025-04-26T03:02:48.138074+00:00'
[2025-04-26T03:02:50.180+0000] {subprocess.py:63} INFO - Tmp dir root location: /tmp
[2025-04-26T03:02:50.185+0000] {subprocess.py:75} INFO - Running command: ['/usr/bin/bash', '-c', '\n            export KAFKA_BROKERS_INTERNAL="kafk-1:9092,kafk-2:9092,kafk-3:9092" && \\\n            export KAFKA_TOPIC="raw_traffic_data" && \\\n            export SCHEMA_REGISTRY_URL="http://schema-registry:8081" && \\\n            export REDIS_HOST="redis" && \\\n            export CLICKHOUSE_HOST="clickhouse-server" && \\\n            export CLICKHOUSE_NATIVE_PORT="9000" && \\\n            export MINIO_ENDPOINT="http://minio:9000" && \\\n            export MINIO_ACCESS_KEY="minioadmin" && \\\n            export MINIO_SECRET_KEY="minioadmin" && \\\n            export MINIO_BUCKET="traffic-data" && \\\n            export CHECKPOINT_LOCATION="s3a://traffic-data/checkpoints_***" && \\\n            export PYSPARK_PYTHON=/usr/bin/python3 && \\\n            spark-submit \\\n            --master local[*] \\\n            --deploy-mode client \\\n            --conf spark.sql.streaming.schemaInference=true \\\n            --conf spark.hadoop.fs.s3a.endpoint=http://minio:9000 \\\n            --conf spark.hadoop.fs.s3a.access.key=minioadmin \\\n            --conf spark.hadoop.fs.s3a.secret.key=minioadmin \\\n            --conf spark.hadoop.fs.s3a.path.style.access=true \\\n            --conf spark.hadoop.fs.s3a.impl=org.apache.hadoop.fs.s3a.S3AFileSystem \\\n            --conf spark.sql.avro.schemaRegistryUrl=http://schema-registry:8081 \\\n            /opt/spark/app/processor.py\n            ']
[2025-04-26T03:02:50.199+0000] {subprocess.py:86} INFO - Output:
[2025-04-26T03:02:50.217+0000] {subprocess.py:93} INFO - /opt/spark/bin/load-spark-env.sh: line 68: ps: command not found
[2025-04-26T03:02:52.357+0000] {subprocess.py:93} INFO - --- RUNNING LATEST processor.py with IMPORTED haversine ---
[2025-04-26T03:02:52.490+0000] {subprocess.py:93} INFO - 25/04/26 03:02:52 INFO SparkContext: Running Spark version 3.3.4
[2025-04-26T03:02:52.569+0000] {subprocess.py:93} INFO - 25/04/26 03:02:52 WARN NativeCodeLoader: Unable to load native-hadoop library for your platform... using builtin-java classes where applicable
[2025-04-26T03:02:52.696+0000] {subprocess.py:93} INFO - 25/04/26 03:02:52 INFO ResourceUtils: ==============================================================
[2025-04-26T03:02:52.697+0000] {subprocess.py:93} INFO - 25/04/26 03:02:52 INFO ResourceUtils: No custom resources configured for spark.driver.
[2025-04-26T03:02:52.699+0000] {subprocess.py:93} INFO - 25/04/26 03:02:52 INFO ResourceUtils: ==============================================================
[2025-04-26T03:02:52.699+0000] {subprocess.py:93} INFO - 25/04/26 03:02:52 INFO SparkContext: Submitted application: TrafficProcessor
[2025-04-26T03:02:52.727+0000] {subprocess.py:93} INFO - 25/04/26 03:02:52 INFO ResourceProfile: Default ResourceProfile created, executor resources: Map(cores -> name: cores, amount: 1, script: , vendor: , memory -> name: memory, amount: 1024, script: , vendor: , offHeap -> name: offHeap, amount: 0, script: , vendor: ), task resources: Map(cpus -> name: cpus, amount: 1.0)
[2025-04-26T03:02:52.735+0000] {subprocess.py:93} INFO - 25/04/26 03:02:52 INFO ResourceProfile: Limiting resource is cpu
[2025-04-26T03:02:52.736+0000] {subprocess.py:93} INFO - 25/04/26 03:02:52 INFO ResourceProfileManager: Added ResourceProfile id: 0
[2025-04-26T03:02:52.804+0000] {subprocess.py:93} INFO - 25/04/26 03:02:52 INFO SecurityManager: Changing view acls to: ***
[2025-04-26T03:02:52.805+0000] {subprocess.py:93} INFO - 25/04/26 03:02:52 INFO SecurityManager: Changing modify acls to: ***
[2025-04-26T03:02:52.806+0000] {subprocess.py:93} INFO - 25/04/26 03:02:52 INFO SecurityManager: Changing view acls groups to:
[2025-04-26T03:02:52.806+0000] {subprocess.py:93} INFO - 25/04/26 03:02:52 INFO SecurityManager: Changing modify acls groups to:
[2025-04-26T03:02:52.807+0000] {subprocess.py:93} INFO - 25/04/26 03:02:52 INFO SecurityManager: SecurityManager: authentication disabled; ui acls disabled; users  with view permissions: Set(***); groups with view permissions: Set(); users  with modify permissions: Set(***); groups with modify permissions: Set()
[2025-04-26T03:02:53.107+0000] {subprocess.py:93} INFO - 25/04/26 03:02:53 INFO Utils: Successfully started service 'sparkDriver' on port 33593.
[2025-04-26T03:02:53.160+0000] {subprocess.py:93} INFO - 25/04/26 03:02:53 INFO SparkEnv: Registering MapOutputTracker
[2025-04-26T03:02:53.211+0000] {subprocess.py:93} INFO - 25/04/26 03:02:53 INFO SparkEnv: Registering BlockManagerMaster
[2025-04-26T03:02:53.238+0000] {subprocess.py:93} INFO - 25/04/26 03:02:53 INFO BlockManagerMasterEndpoint: Using org.apache.spark.storage.DefaultTopologyMapper for getting topology information
[2025-04-26T03:02:53.239+0000] {subprocess.py:93} INFO - 25/04/26 03:02:53 INFO BlockManagerMasterEndpoint: BlockManagerMasterEndpoint up
[2025-04-26T03:02:53.244+0000] {subprocess.py:93} INFO - 25/04/26 03:02:53 INFO SparkEnv: Registering BlockManagerMasterHeartbeat
[2025-04-26T03:02:53.270+0000] {subprocess.py:93} INFO - 25/04/26 03:02:53 INFO DiskBlockManager: Created local directory at /tmp/blockmgr-4772d45f-f1dd-41b8-99b7-5fca5d7e050d
[2025-04-26T03:02:53.291+0000] {subprocess.py:93} INFO - 25/04/26 03:02:53 INFO MemoryStore: MemoryStore started with capacity 434.4 MiB
[2025-04-26T03:02:53.314+0000] {subprocess.py:93} INFO - 25/04/26 03:02:53 INFO SparkEnv: Registering OutputCommitCoordinator
[2025-04-26T03:02:53.580+0000] {subprocess.py:93} INFO - 25/04/26 03:02:53 INFO Utils: Successfully started service 'SparkUI' on port 4040.
[2025-04-26T03:02:53.751+0000] {subprocess.py:93} INFO - 25/04/26 03:02:53 INFO Executor: Starting executor ID driver on host bb14edebc3f2
[2025-04-26T03:02:53.764+0000] {subprocess.py:93} INFO - 25/04/26 03:02:53 INFO Executor: Starting executor with user classpath (userClassPathFirst = false): ''
[2025-04-26T03:02:53.793+0000] {subprocess.py:93} INFO - 25/04/26 03:02:53 INFO Utils: Successfully started service 'org.apache.spark.network.netty.NettyBlockTransferService' on port 41501.
[2025-04-26T03:02:53.794+0000] {subprocess.py:93} INFO - 25/04/26 03:02:53 INFO NettyBlockTransferService: Server created on bb14edebc3f2:41501
[2025-04-26T03:02:53.797+0000] {subprocess.py:93} INFO - 25/04/26 03:02:53 INFO BlockManager: Using org.apache.spark.storage.RandomBlockReplicationPolicy for block replication policy
[2025-04-26T03:02:53.806+0000] {subprocess.py:93} INFO - 25/04/26 03:02:53 INFO BlockManagerMaster: Registering BlockManager BlockManagerId(driver, bb14edebc3f2, 41501, None)
[2025-04-26T03:02:53.812+0000] {subprocess.py:93} INFO - 25/04/26 03:02:53 INFO BlockManagerMasterEndpoint: Registering block manager bb14edebc3f2:41501 with 434.4 MiB RAM, BlockManagerId(driver, bb14edebc3f2, 41501, None)
[2025-04-26T03:02:53.815+0000] {subprocess.py:93} INFO - 25/04/26 03:02:53 INFO BlockManagerMaster: Registered BlockManager BlockManagerId(driver, bb14edebc3f2, 41501, None)
[2025-04-26T03:02:53.817+0000] {subprocess.py:93} INFO - 25/04/26 03:02:53 INFO BlockManager: Initialized BlockManager: BlockManagerId(driver, bb14edebc3f2, 41501, None)
[2025-04-26T03:02:54.295+0000] {subprocess.py:93} INFO - Spark Session created. Version: 3.3.4
[2025-04-26T03:02:54.296+0000] {subprocess.py:93} INFO - Broadcasting segments data...
[2025-04-26T03:02:54.518+0000] {subprocess.py:93} INFO - Segments data broadcasted.
[2025-04-26T03:02:54.519+0000] {subprocess.py:93} INFO - Reading from Kafka: kafk-1:9092,kafk-2:9092,kafk-3:9092 / Topic: raw_traffic_data
[2025-04-26T03:02:54.520+0000] {subprocess.py:93} INFO - Kafka options: {'kafka.bootstrap.servers': 'kafk-1:9092,kafk-2:9092,kafk-3:9092', 'subscribe': 'raw_traffic_data', 'startingOffsets': 'latest', 'failOnDataLoss': 'false'}
[2025-04-26T03:02:57.626+0000] {subprocess.py:93} INFO - Reading Avro schema from file: /opt/spark/schemas/raw_traffic_event.avsc
[2025-04-26T03:02:57.631+0000] {subprocess.py:93} INFO - Successfully read Avro schema string.
[2025-04-26T03:02:57.632+0000] {subprocess.py:93} INFO - Deserializing Kafka messages using schema string from file...
[2025-04-26T03:02:57.905+0000] {subprocess.py:93} INFO - Traceback (most recent call last):
[2025-04-26T03:02:57.906+0000] {subprocess.py:93} INFO -   File "/opt/spark/python/lib/pyspark.zip/pyspark/serializers.py", line 458, in dumps
[2025-04-26T03:02:57.906+0000] {subprocess.py:93} INFO -     return cloudpickle.dumps(obj, pickle_protocol)
[2025-04-26T03:02:57.907+0000] {subprocess.py:93} INFO -            ^^^^^^^^^^^^^^^^^^^^^^^^^^^^^^^^^^^^^^^
[2025-04-26T03:02:57.908+0000] {subprocess.py:93} INFO -   File "/opt/spark/python/lib/pyspark.zip/pyspark/cloudpickle/cloudpickle_fast.py", line 73, in dumps
[2025-04-26T03:02:57.909+0000] {subprocess.py:93} INFO -     cp.dump(obj)
[2025-04-26T03:02:57.909+0000] {subprocess.py:93} INFO -   File "/opt/spark/python/lib/pyspark.zip/pyspark/cloudpickle/cloudpickle_fast.py", line 602, in dump
[2025-04-26T03:02:57.910+0000] {subprocess.py:93} INFO -     return Pickler.dump(self, obj)
[2025-04-26T03:02:57.910+0000] {subprocess.py:93} INFO -            ^^^^^^^^^^^^^^^^^^^^^^^
[2025-04-26T03:02:57.911+0000] {subprocess.py:93} INFO -   File "/opt/spark/python/lib/pyspark.zip/pyspark/cloudpickle/cloudpickle_fast.py", line 692, in reducer_override
[2025-04-26T03:02:57.911+0000] {subprocess.py:93} INFO -     return self._function_reduce(obj)
[2025-04-26T03:02:57.912+0000] {subprocess.py:93} INFO -            ^^^^^^^^^^^^^^^^^^^^^^^^^^
[2025-04-26T03:02:57.912+0000] {subprocess.py:93} INFO -   File "/opt/spark/python/lib/pyspark.zip/pyspark/cloudpickle/cloudpickle_fast.py", line 565, in _function_reduce
[2025-04-26T03:02:57.913+0000] {subprocess.py:93} INFO -     return self._dynamic_function_reduce(obj)
[2025-04-26T03:02:57.913+0000] {subprocess.py:93} INFO -            ^^^^^^^^^^^^^^^^^^^^^^^^^^^^^^^^^^
[2025-04-26T03:02:57.914+0000] {subprocess.py:93} INFO -   File "/opt/spark/python/lib/pyspark.zip/pyspark/cloudpickle/cloudpickle_fast.py", line 546, in _dynamic_function_reduce
[2025-04-26T03:02:57.915+0000] {subprocess.py:93} INFO -     state = _function_getstate(func)
[2025-04-26T03:02:57.915+0000] {subprocess.py:93} INFO -             ^^^^^^^^^^^^^^^^^^^^^^^^
[2025-04-26T03:02:57.916+0000] {subprocess.py:93} INFO -   File "/opt/spark/python/lib/pyspark.zip/pyspark/cloudpickle/cloudpickle_fast.py", line 157, in _function_getstate
[2025-04-26T03:02:57.916+0000] {subprocess.py:93} INFO -     f_globals_ref = _extract_code_globals(func.__code__)
[2025-04-26T03:02:57.917+0000] {subprocess.py:93} INFO -                     ^^^^^^^^^^^^^^^^^^^^^^^^^^^^^^^^^^^^
[2025-04-26T03:02:57.918+0000] {subprocess.py:93} INFO -   File "/opt/spark/python/lib/pyspark.zip/pyspark/cloudpickle/cloudpickle.py", line 334, in _extract_code_globals
[2025-04-26T03:02:57.918+0000] {subprocess.py:93} INFO -     out_names = {names[oparg]: None for _, oparg in _walk_global_ops(co)}
[2025-04-26T03:02:57.919+0000] {subprocess.py:93} INFO -                 ^^^^^^^^^^^^^^^^^^^^^^^^^^^^^^^^^^^^^^^^^^^^^^^^^^^^^^^^^
[2025-04-26T03:02:57.919+0000] {subprocess.py:93} INFO -   File "/opt/spark/python/lib/pyspark.zip/pyspark/cloudpickle/cloudpickle.py", line 334, in <dictcomp>
[2025-04-26T03:02:57.919+0000] {subprocess.py:93} INFO -     out_names = {names[oparg]: None for _, oparg in _walk_global_ops(co)}
[2025-04-26T03:02:57.920+0000] {subprocess.py:93} INFO -                  ~~~~~^^^^^^^
[2025-04-26T03:02:57.921+0000] {subprocess.py:93} INFO - IndexError: tuple index out of range
[2025-04-26T03:02:57.922+0000] {subprocess.py:93} INFO - Traceback (most recent call last):
[2025-04-26T03:02:57.923+0000] {subprocess.py:93} INFO -   File "/opt/spark/python/lib/pyspark.zip/pyspark/serializers.py", line 458, in dumps
[2025-04-26T03:02:57.924+0000] {subprocess.py:93} INFO -   File "/opt/spark/python/lib/pyspark.zip/pyspark/cloudpickle/cloudpickle_fast.py", line 73, in dumps
[2025-04-26T03:02:57.924+0000] {subprocess.py:93} INFO -   File "/opt/spark/python/lib/pyspark.zip/pyspark/cloudpickle/cloudpickle_fast.py", line 602, in dump
[2025-04-26T03:02:57.925+0000] {subprocess.py:93} INFO -   File "/opt/spark/python/lib/pyspark.zip/pyspark/cloudpickle/cloudpickle_fast.py", line 692, in reducer_override
[2025-04-26T03:02:57.926+0000] {subprocess.py:93} INFO -   File "/opt/spark/python/lib/pyspark.zip/pyspark/cloudpickle/cloudpickle_fast.py", line 565, in _function_reduce
[2025-04-26T03:02:57.926+0000] {subprocess.py:93} INFO -   File "/opt/spark/python/lib/pyspark.zip/pyspark/cloudpickle/cloudpickle_fast.py", line 546, in _dynamic_function_reduce
[2025-04-26T03:02:57.927+0000] {subprocess.py:93} INFO -   File "/opt/spark/python/lib/pyspark.zip/pyspark/cloudpickle/cloudpickle_fast.py", line 157, in _function_getstate
[2025-04-26T03:02:57.928+0000] {subprocess.py:93} INFO -   File "/opt/spark/python/lib/pyspark.zip/pyspark/cloudpickle/cloudpickle.py", line 334, in _extract_code_globals
[2025-04-26T03:02:57.929+0000] {subprocess.py:93} INFO -   File "/opt/spark/python/lib/pyspark.zip/pyspark/cloudpickle/cloudpickle.py", line 334, in <dictcomp>
[2025-04-26T03:02:57.929+0000] {subprocess.py:93} INFO - IndexError: tuple index out of range
[2025-04-26T03:02:57.930+0000] {subprocess.py:93} INFO - 
[2025-04-26T03:02:57.931+0000] {subprocess.py:93} INFO - During handling of the above exception, another exception occurred:
[2025-04-26T03:02:57.931+0000] {subprocess.py:93} INFO - 
[2025-04-26T03:02:57.932+0000] {subprocess.py:93} INFO - Traceback (most recent call last):
[2025-04-26T03:02:57.932+0000] {subprocess.py:93} INFO -   File "/opt/spark/app/processor.py", line 263, in <module>
[2025-04-26T03:02:57.933+0000] {subprocess.py:93} INFO -     main()
[2025-04-26T03:02:57.933+0000] {subprocess.py:93} INFO -   File "/opt/spark/app/processor.py", line 219, in main
[2025-04-26T03:02:57.934+0000] {subprocess.py:93} INFO -     find_nearest_segment_udf_new(col("latitude"), col("longitude"))
[2025-04-26T03:02:57.935+0000] {subprocess.py:93} INFO -   File "/opt/spark/python/lib/pyspark.zip/pyspark/sql/udf.py", line 276, in wrapper
[2025-04-26T03:02:57.935+0000] {subprocess.py:93} INFO -   File "/opt/spark/python/lib/pyspark.zip/pyspark/sql/udf.py", line 249, in __call__
[2025-04-26T03:02:57.936+0000] {subprocess.py:93} INFO -   File "/opt/spark/python/lib/pyspark.zip/pyspark/sql/udf.py", line 215, in _judf
[2025-04-26T03:02:57.937+0000] {subprocess.py:93} INFO -   File "/opt/spark/python/lib/pyspark.zip/pyspark/sql/udf.py", line 224, in _create_judf
[2025-04-26T03:02:57.938+0000] {subprocess.py:93} INFO -   File "/opt/spark/python/lib/pyspark.zip/pyspark/sql/udf.py", line 50, in _wrap_function
[2025-04-26T03:02:57.938+0000] {subprocess.py:93} INFO -   File "/opt/spark/python/lib/pyspark.zip/pyspark/rdd.py", line 3345, in _prepare_for_python_RDD
[2025-04-26T03:02:57.939+0000] {subprocess.py:93} INFO -   File "/opt/spark/python/lib/pyspark.zip/pyspark/serializers.py", line 468, in dumps
[2025-04-26T03:02:57.940+0000] {subprocess.py:93} INFO - _pickle.PicklingError: Could not serialize object: IndexError: tuple index out of range
[2025-04-26T03:02:58.069+0000] {subprocess.py:97} INFO - Command exited with return code 1
[2025-04-26T03:02:58.089+0000] {taskinstance.py:2698} ERROR - Task failed with exception
Traceback (most recent call last):
  File "/home/airflow/.local/lib/python3.10/site-packages/airflow/models/taskinstance.py", line 433, in _execute_task
    result = execute_callable(context=context, **execute_callable_kwargs)
  File "/home/airflow/.local/lib/python3.10/site-packages/airflow/operators/bash.py", line 212, in execute
    raise AirflowException(
airflow.exceptions.AirflowException: Bash command failed. The command returned a non-zero exit code 1.
[2025-04-26T03:02:58.095+0000] {taskinstance.py:1138} INFO - Marking task as FAILED. dag_id=traffic_data_pipeline, task_id=submit_traffic_processor_spark_job, execution_date=20250426T030248, start_date=20250426T030249, end_date=20250426T030258
[2025-04-26T03:02:58.112+0000] {standard_task_runner.py:107} ERROR - Failed to execute job 8 for task submit_traffic_processor_spark_job (Bash command failed. The command returned a non-zero exit code 1.; 178)
[2025-04-26T03:02:58.128+0000] {local_task_job_runner.py:234} INFO - Task exited with return code 1
[2025-04-26T03:02:58.162+0000] {taskinstance.py:3280} INFO - 0 downstream tasks scheduled from follow-on schedule check
