[2025-04-25T11:28:56.243+0000] {taskinstance.py:1956} INFO - Dependencies all met for dep_context=non-requeueable deps ti=<TaskInstance: traffic_data_pipeline.submit_traffic_processor_spark_job manual__2025-04-25T11:28:55.407154+00:00 [queued]>
[2025-04-25T11:28:56.252+0000] {taskinstance.py:1956} INFO - Dependencies all met for dep_context=requeueable deps ti=<TaskInstance: traffic_data_pipeline.submit_traffic_processor_spark_job manual__2025-04-25T11:28:55.407154+00:00 [queued]>
[2025-04-25T11:28:56.253+0000] {taskinstance.py:2170} INFO - Starting attempt 1 of 1
[2025-04-25T11:28:56.270+0000] {taskinstance.py:2191} INFO - Executing <Task(BashOperator): submit_traffic_processor_spark_job> on 2025-04-25 11:28:55.407154+00:00
[2025-04-25T11:28:56.277+0000] {standard_task_runner.py:60} INFO - Started process 1281 to run task
[2025-04-25T11:28:56.281+0000] {standard_task_runner.py:87} INFO - Running: ['***', 'tasks', 'run', 'traffic_data_pipeline', 'submit_traffic_processor_spark_job', 'manual__2025-04-25T11:28:55.407154+00:00', '--job-id', '13', '--raw', '--subdir', 'DAGS_FOLDER/traffic_pipeline_dag.py', '--cfg-path', '/tmp/tmp_g6uatm1']
[2025-04-25T11:28:56.284+0000] {standard_task_runner.py:88} INFO - Job 13: Subtask submit_traffic_processor_spark_job
[2025-04-25T11:28:56.378+0000] {task_command.py:423} INFO - Running <TaskInstance: traffic_data_pipeline.submit_traffic_processor_spark_job manual__2025-04-25T11:28:55.407154+00:00 [running]> on host 4d1d6bdd19a4
[2025-04-25T11:28:56.652+0000] {taskinstance.py:2480} INFO - Exporting env vars: AIRFLOW_CTX_DAG_OWNER='***' AIRFLOW_CTX_DAG_ID='traffic_data_pipeline' AIRFLOW_CTX_TASK_ID='submit_traffic_processor_spark_job' AIRFLOW_CTX_EXECUTION_DATE='2025-04-25T11:28:55.407154+00:00' AIRFLOW_CTX_TRY_NUMBER='1' AIRFLOW_CTX_DAG_RUN_ID='manual__2025-04-25T11:28:55.407154+00:00'
[2025-04-25T11:28:56.654+0000] {subprocess.py:63} INFO - Tmp dir root location: /tmp
[2025-04-25T11:28:56.655+0000] {subprocess.py:75} INFO - Running command: ['/usr/bin/bash', '-c', '\n            export KAFKA_BROKERS_INTERNAL="kafk-1:9092,kafk-2:9092,kafk-3:9092" && \\\n            export KAFKA_TOPIC="raw_traffic_data" && \\\n            export SCHEMA_REGISTRY_URL="http://schema-registry:8081" && \\\n            export REDIS_HOST="redis" && \\\n            export CLICKHOUSE_HOST="clickhouse-server" && \\\n            export CLICKHOUSE_NATIVE_PORT="9000" && \\\n            export MINIO_ENDPOINT="http://minio:9000" && \\\n            export MINIO_ACCESS_KEY="minioadmin" && \\\n            export MINIO_SECRET_KEY="minioadmin" && \\\n            export MINIO_BUCKET="traffic-data" && \\\n            export CHECKPOINT_LOCATION="s3a://traffic-data/checkpoints_***" && \\\n            export PYSPARK_PYTHON=/usr/bin/python3 && \\\n            spark-submit \\\n            --master local[*] \\\n            --deploy-mode client \\\n            --conf spark.sql.streaming.schemaInference=true \\\n            --conf spark.hadoop.fs.s3a.endpoint=http://minio:9000 \\\n            --conf spark.hadoop.fs.s3a.access.key=minioadmin \\\n            --conf spark.hadoop.fs.s3a.secret.key=minioadmin \\\n            --conf spark.hadoop.fs.s3a.path.style.access=true \\\n            --conf spark.hadoop.fs.s3a.impl=org.apache.hadoop.fs.s3a.S3AFileSystem \\\n            --conf spark.sql.avro.schemaRegistryUrl=http://schema-registry:8081 \\\n            /opt/spark/app/processor.py\n            ']
[2025-04-25T11:28:56.667+0000] {subprocess.py:86} INFO - Output:
[2025-04-25T11:28:56.676+0000] {subprocess.py:93} INFO - /opt/spark/bin/load-spark-env.sh: line 68: ps: command not found
[2025-04-25T11:28:58.915+0000] {subprocess.py:93} INFO - --- Starting Spark Streaming Traffic Processor ---
[2025-04-25T11:28:58.916+0000] {subprocess.py:93} INFO - Reading from Kafka: kafk-1:9092,kafk-2:9092,kafk-3:9092 / Topic: raw_traffic_data
[2025-04-25T11:28:58.917+0000] {subprocess.py:93} INFO - Schema Registry URL: http://schema-registry:8081
[2025-04-25T11:28:58.918+0000] {subprocess.py:93} INFO - Writing state to Redis: redis:6379
[2025-04-25T11:28:58.919+0000] {subprocess.py:93} INFO - Writing history to ClickHouse: clickhouse-server:9000 (DB: traffic_db)
[2025-04-25T11:28:58.920+0000] {subprocess.py:93} INFO - Writing Parquet to MinIO Bucket: traffic-data
[2025-04-25T11:28:58.920+0000] {subprocess.py:93} INFO - Checkpoint Location Base: s3a://traffic-data/checkpoints_***
[2025-04-25T11:28:59.015+0000] {subprocess.py:93} INFO - 25/04/25 11:28:59 INFO SparkContext: Running Spark version 3.3.4
[2025-04-25T11:28:59.064+0000] {subprocess.py:93} INFO - 25/04/25 11:28:59 WARN NativeCodeLoader: Unable to load native-hadoop library for your platform... using builtin-java classes where applicable
[2025-04-25T11:28:59.145+0000] {subprocess.py:93} INFO - 25/04/25 11:28:59 INFO ResourceUtils: ==============================================================
[2025-04-25T11:28:59.146+0000] {subprocess.py:93} INFO - 25/04/25 11:28:59 INFO ResourceUtils: No custom resources configured for spark.driver.
[2025-04-25T11:28:59.146+0000] {subprocess.py:93} INFO - 25/04/25 11:28:59 INFO ResourceUtils: ==============================================================
[2025-04-25T11:28:59.147+0000] {subprocess.py:93} INFO - 25/04/25 11:28:59 INFO SparkContext: Submitted application: TrafficProcessor
[2025-04-25T11:28:59.168+0000] {subprocess.py:93} INFO - 25/04/25 11:28:59 INFO ResourceProfile: Default ResourceProfile created, executor resources: Map(cores -> name: cores, amount: 1, script: , vendor: , memory -> name: memory, amount: 1024, script: , vendor: , offHeap -> name: offHeap, amount: 0, script: , vendor: ), task resources: Map(cpus -> name: cpus, amount: 1.0)
[2025-04-25T11:28:59.175+0000] {subprocess.py:93} INFO - 25/04/25 11:28:59 INFO ResourceProfile: Limiting resource is cpu
[2025-04-25T11:28:59.176+0000] {subprocess.py:93} INFO - 25/04/25 11:28:59 INFO ResourceProfileManager: Added ResourceProfile id: 0
[2025-04-25T11:28:59.216+0000] {subprocess.py:93} INFO - 25/04/25 11:28:59 INFO SecurityManager: Changing view acls to: ***
[2025-04-25T11:28:59.217+0000] {subprocess.py:93} INFO - 25/04/25 11:28:59 INFO SecurityManager: Changing modify acls to: ***
[2025-04-25T11:28:59.217+0000] {subprocess.py:93} INFO - 25/04/25 11:28:59 INFO SecurityManager: Changing view acls groups to:
[2025-04-25T11:28:59.218+0000] {subprocess.py:93} INFO - 25/04/25 11:28:59 INFO SecurityManager: Changing modify acls groups to:
[2025-04-25T11:28:59.219+0000] {subprocess.py:93} INFO - 25/04/25 11:28:59 INFO SecurityManager: SecurityManager: authentication disabled; ui acls disabled; users  with view permissions: Set(***); groups with view permissions: Set(); users  with modify permissions: Set(***); groups with modify permissions: Set()
[2025-04-25T11:28:59.519+0000] {subprocess.py:93} INFO - 25/04/25 11:28:59 INFO Utils: Successfully started service 'sparkDriver' on port 35103.
[2025-04-25T11:28:59.541+0000] {subprocess.py:93} INFO - 25/04/25 11:28:59 INFO SparkEnv: Registering MapOutputTracker
[2025-04-25T11:28:59.572+0000] {subprocess.py:93} INFO - 25/04/25 11:28:59 INFO SparkEnv: Registering BlockManagerMaster
[2025-04-25T11:28:59.589+0000] {subprocess.py:93} INFO - 25/04/25 11:28:59 INFO BlockManagerMasterEndpoint: Using org.apache.spark.storage.DefaultTopologyMapper for getting topology information
[2025-04-25T11:28:59.590+0000] {subprocess.py:93} INFO - 25/04/25 11:28:59 INFO BlockManagerMasterEndpoint: BlockManagerMasterEndpoint up
[2025-04-25T11:28:59.596+0000] {subprocess.py:93} INFO - 25/04/25 11:28:59 INFO SparkEnv: Registering BlockManagerMasterHeartbeat
[2025-04-25T11:28:59.613+0000] {subprocess.py:93} INFO - 25/04/25 11:28:59 INFO DiskBlockManager: Created local directory at /tmp/blockmgr-698502bb-9405-4fec-97c0-6b47a2c8cc1b
[2025-04-25T11:28:59.637+0000] {subprocess.py:93} INFO - 25/04/25 11:28:59 INFO MemoryStore: MemoryStore started with capacity 434.4 MiB
[2025-04-25T11:28:59.651+0000] {subprocess.py:93} INFO - 25/04/25 11:28:59 INFO SparkEnv: Registering OutputCommitCoordinator
[2025-04-25T11:28:59.816+0000] {subprocess.py:93} INFO - 25/04/25 11:28:59 INFO Utils: Successfully started service 'SparkUI' on port 4040.
[2025-04-25T11:28:59.905+0000] {subprocess.py:93} INFO - 25/04/25 11:28:59 INFO Executor: Starting executor ID driver on host 4d1d6bdd19a4
[2025-04-25T11:28:59.912+0000] {subprocess.py:93} INFO - 25/04/25 11:28:59 INFO Executor: Starting executor with user classpath (userClassPathFirst = false): ''
[2025-04-25T11:28:59.932+0000] {subprocess.py:93} INFO - 25/04/25 11:28:59 INFO Utils: Successfully started service 'org.apache.spark.network.netty.NettyBlockTransferService' on port 37357.
[2025-04-25T11:28:59.933+0000] {subprocess.py:93} INFO - 25/04/25 11:28:59 INFO NettyBlockTransferService: Server created on 4d1d6bdd19a4:37357
[2025-04-25T11:28:59.934+0000] {subprocess.py:93} INFO - 25/04/25 11:28:59 INFO BlockManager: Using org.apache.spark.storage.RandomBlockReplicationPolicy for block replication policy
[2025-04-25T11:28:59.940+0000] {subprocess.py:93} INFO - 25/04/25 11:28:59 INFO BlockManagerMaster: Registering BlockManager BlockManagerId(driver, 4d1d6bdd19a4, 37357, None)
[2025-04-25T11:28:59.943+0000] {subprocess.py:93} INFO - 25/04/25 11:28:59 INFO BlockManagerMasterEndpoint: Registering block manager 4d1d6bdd19a4:37357 with 434.4 MiB RAM, BlockManagerId(driver, 4d1d6bdd19a4, 37357, None)
[2025-04-25T11:28:59.945+0000] {subprocess.py:93} INFO - 25/04/25 11:28:59 INFO BlockManagerMaster: Registered BlockManager BlockManagerId(driver, 4d1d6bdd19a4, 37357, None)
[2025-04-25T11:28:59.946+0000] {subprocess.py:93} INFO - 25/04/25 11:28:59 INFO BlockManager: Initialized BlockManager: BlockManagerId(driver, 4d1d6bdd19a4, 37357, None)
[2025-04-25T11:29:00.281+0000] {subprocess.py:93} INFO - Spark Session created. Version: 3.3.4
[2025-04-25T11:29:00.282+0000] {subprocess.py:93} INFO - Broadcasting segments data...
[2025-04-25T11:29:00.418+0000] {subprocess.py:93} INFO - Segments data broadcasted.
[2025-04-25T11:29:02.669+0000] {subprocess.py:93} INFO - Reading Avro schema from file: /opt/spark/schemas/raw_traffic_event.avsc
[2025-04-25T11:29:02.673+0000] {subprocess.py:93} INFO - Successfully read Avro schema string.
[2025-04-25T11:29:02.674+0000] {subprocess.py:93} INFO - Deserializing Kafka messages using schema string from file...
[2025-04-25T11:29:02.823+0000] {subprocess.py:93} INFO - 25/04/25 11:29:02 WARN Schema: Ignored the com.traffic.events.RawTrafficEvent.timestamp.logicalType property ("iso8601-timestamp-millis"). It should probably be nested inside the "type" for the field.
[2025-04-25T11:29:03.409+0000] {subprocess.py:93} INFO - Using checkpoint location: s3a://traffic-data/checkpoints_***/traffic_processing_pipeline
[2025-04-25T11:29:03.614+0000] {subprocess.py:93} INFO - 25/04/25 11:29:03 WARN MetricsConfig: Cannot locate configuration: tried hadoop-metrics2-s3a-file-system.properties,hadoop-metrics2.properties
[2025-04-25T11:29:04.376+0000] {subprocess.py:93} INFO - 25/04/25 11:29:04 WARN ResolveWriteToStream: spark.sql.adaptive.enabled is not supported in streaming DataFrames/Datasets and will be disabled.
[2025-04-25T11:29:04.594+0000] {subprocess.py:93} INFO - Streaming query 'traffic_processing_pipeline' started.
[2025-04-25T11:29:04.608+0000] {subprocess.py:93} INFO - 25/04/25 11:29:04 ERROR MicroBatchExecution: Query traffic_processing_pipeline [id = 5e03d62e-cf04-4af4-95a7-b2203ba8cf76, runId = b88c8b90-5015-46cc-b623-fadb63259562] terminated with error
[2025-04-25T11:29:04.609+0000] {subprocess.py:93} INFO - java.lang.NoClassDefFoundError: org/apache/spark/kafka010/KafkaConfigUpdater
[2025-04-25T11:29:04.610+0000] {subprocess.py:93} INFO - 	at org.apache.spark.sql.kafka010.KafkaSourceProvider$.kafkaParamsForDriver(KafkaSourceProvider.scala:645)
[2025-04-25T11:29:04.610+0000] {subprocess.py:93} INFO - 	at org.apache.spark.sql.kafka010.KafkaSourceProvider$KafkaScan.toMicroBatchStream(KafkaSourceProvider.scala:482)
[2025-04-25T11:29:04.611+0000] {subprocess.py:93} INFO - 	at org.apache.spark.sql.execution.streaming.MicroBatchExecution$$anonfun$1.$anonfun$applyOrElse$4(MicroBatchExecution.scala:104)
[2025-04-25T11:29:04.611+0000] {subprocess.py:93} INFO - 	at scala.collection.mutable.HashMap.getOrElseUpdate(HashMap.scala:86)
[2025-04-25T11:29:04.612+0000] {subprocess.py:93} INFO - 	at org.apache.spark.sql.execution.streaming.MicroBatchExecution$$anonfun$1.applyOrElse(MicroBatchExecution.scala:97)
[2025-04-25T11:29:04.612+0000] {subprocess.py:93} INFO - 	at org.apache.spark.sql.execution.streaming.MicroBatchExecution$$anonfun$1.applyOrElse(MicroBatchExecution.scala:82)
[2025-04-25T11:29:04.613+0000] {subprocess.py:93} INFO - 	at org.apache.spark.sql.catalyst.trees.TreeNode.$anonfun$transformDownWithPruning$1(TreeNode.scala:584)
[2025-04-25T11:29:04.614+0000] {subprocess.py:93} INFO - 	at org.apache.spark.sql.catalyst.trees.CurrentOrigin$.withOrigin(TreeNode.scala:176)
[2025-04-25T11:29:04.614+0000] {subprocess.py:93} INFO - 	at org.apache.spark.sql.catalyst.trees.TreeNode.transformDownWithPruning(TreeNode.scala:584)
[2025-04-25T11:29:04.615+0000] {subprocess.py:93} INFO - 	at org.apache.spark.sql.catalyst.plans.logical.LogicalPlan.org$apache$spark$sql$catalyst$plans$logical$AnalysisHelper$$super$transformDownWithPruning(LogicalPlan.scala:30)
[2025-04-25T11:29:04.615+0000] {subprocess.py:93} INFO - 	at org.apache.spark.sql.catalyst.plans.logical.AnalysisHelper.transformDownWithPruning(AnalysisHelper.scala:267)
[2025-04-25T11:29:04.616+0000] {subprocess.py:93} INFO - 	at org.apache.spark.sql.catalyst.plans.logical.AnalysisHelper.transformDownWithPruning$(AnalysisHelper.scala:263)
[2025-04-25T11:29:04.617+0000] {subprocess.py:93} INFO - 	at org.apache.spark.sql.catalyst.plans.logical.LogicalPlan.transformDownWithPruning(LogicalPlan.scala:30)
[2025-04-25T11:29:04.618+0000] {subprocess.py:93} INFO - 	at org.apache.spark.sql.catalyst.plans.logical.LogicalPlan.transformDownWithPruning(LogicalPlan.scala:30)
[2025-04-25T11:29:04.618+0000] {subprocess.py:93} INFO - 	at org.apache.spark.sql.catalyst.trees.TreeNode.$anonfun$transformDownWithPruning$3(TreeNode.scala:589)
[2025-04-25T11:29:04.619+0000] {subprocess.py:93} INFO - 	at org.apache.spark.sql.catalyst.trees.UnaryLike.mapChildren(TreeNode.scala:1228)
[2025-04-25T11:29:04.620+0000] {subprocess.py:93} INFO - 	at org.apache.spark.sql.catalyst.trees.UnaryLike.mapChildren$(TreeNode.scala:1227)
[2025-04-25T11:29:04.620+0000] {subprocess.py:93} INFO - 	at org.apache.spark.sql.catalyst.plans.logical.OrderPreservingUnaryNode.mapChildren(LogicalPlan.scala:208)
[2025-04-25T11:29:04.621+0000] {subprocess.py:93} INFO - 	at org.apache.spark.sql.catalyst.trees.TreeNode.transformDownWithPruning(TreeNode.scala:589)
[2025-04-25T11:29:04.621+0000] {subprocess.py:93} INFO - 	at org.apache.spark.sql.catalyst.plans.logical.LogicalPlan.org$apache$spark$sql$catalyst$plans$logical$AnalysisHelper$$super$transformDownWithPruning(LogicalPlan.scala:30)
[2025-04-25T11:29:04.622+0000] {subprocess.py:93} INFO - 	at org.apache.spark.sql.catalyst.plans.logical.AnalysisHelper.transformDownWithPruning(AnalysisHelper.scala:267)
[2025-04-25T11:29:04.623+0000] {subprocess.py:93} INFO - 	at org.apache.spark.sql.catalyst.plans.logical.AnalysisHelper.transformDownWithPruning$(AnalysisHelper.scala:263)
[2025-04-25T11:29:04.623+0000] {subprocess.py:93} INFO - 	at org.apache.spark.sql.catalyst.plans.logical.LogicalPlan.transformDownWithPruning(LogicalPlan.scala:30)
[2025-04-25T11:29:04.623+0000] {subprocess.py:93} INFO - 	at org.apache.spark.sql.catalyst.plans.logical.LogicalPlan.transformDownWithPruning(LogicalPlan.scala:30)
[2025-04-25T11:29:04.624+0000] {subprocess.py:93} INFO - 	at org.apache.spark.sql.catalyst.trees.TreeNode.$anonfun$transformDownWithPruning$3(TreeNode.scala:589)
[2025-04-25T11:29:04.624+0000] {subprocess.py:93} INFO - 	at org.apache.spark.sql.catalyst.trees.UnaryLike.mapChildren(TreeNode.scala:1228)
[2025-04-25T11:29:04.625+0000] {subprocess.py:93} INFO - 	at org.apache.spark.sql.catalyst.trees.UnaryLike.mapChildren$(TreeNode.scala:1227)
[2025-04-25T11:29:04.625+0000] {subprocess.py:93} INFO - 	at org.apache.spark.sql.catalyst.plans.logical.OrderPreservingUnaryNode.mapChildren(LogicalPlan.scala:208)
[2025-04-25T11:29:04.625+0000] {subprocess.py:93} INFO - 	at org.apache.spark.sql.catalyst.trees.TreeNode.transformDownWithPruning(TreeNode.scala:589)
[2025-04-25T11:29:04.626+0000] {subprocess.py:93} INFO - 	at org.apache.spark.sql.catalyst.plans.logical.LogicalPlan.org$apache$spark$sql$catalyst$plans$logical$AnalysisHelper$$super$transformDownWithPruning(LogicalPlan.scala:30)
[2025-04-25T11:29:04.626+0000] {subprocess.py:93} INFO - 	at org.apache.spark.sql.catalyst.plans.logical.AnalysisHelper.transformDownWithPruning(AnalysisHelper.scala:267)
[2025-04-25T11:29:04.627+0000] {subprocess.py:93} INFO - 	at org.apache.spark.sql.catalyst.plans.logical.AnalysisHelper.transformDownWithPruning$(AnalysisHelper.scala:263)
[2025-04-25T11:29:04.627+0000] {subprocess.py:93} INFO - 	at org.apache.spark.sql.catalyst.plans.logical.LogicalPlan.transformDownWithPruning(LogicalPlan.scala:30)
[2025-04-25T11:29:04.627+0000] {subprocess.py:93} INFO - 	at org.apache.spark.sql.catalyst.plans.logical.LogicalPlan.transformDownWithPruning(LogicalPlan.scala:30)
[2025-04-25T11:29:04.628+0000] {subprocess.py:93} INFO - 	at org.apache.spark.sql.catalyst.trees.TreeNode.$anonfun$transformDownWithPruning$3(TreeNode.scala:589)
[2025-04-25T11:29:04.628+0000] {subprocess.py:93} INFO - 	at org.apache.spark.sql.catalyst.trees.UnaryLike.mapChildren(TreeNode.scala:1228)
[2025-04-25T11:29:04.629+0000] {subprocess.py:93} INFO - 	at org.apache.spark.sql.catalyst.trees.UnaryLike.mapChildren$(TreeNode.scala:1227)
[2025-04-25T11:29:04.629+0000] {subprocess.py:93} INFO - 	at org.apache.spark.sql.catalyst.plans.logical.OrderPreservingUnaryNode.mapChildren(LogicalPlan.scala:208)
[2025-04-25T11:29:04.630+0000] {subprocess.py:93} INFO - 	at org.apache.spark.sql.catalyst.trees.TreeNode.transformDownWithPruning(TreeNode.scala:589)
[2025-04-25T11:29:04.630+0000] {subprocess.py:93} INFO - 	at org.apache.spark.sql.catalyst.plans.logical.LogicalPlan.org$apache$spark$sql$catalyst$plans$logical$AnalysisHelper$$super$transformDownWithPruning(LogicalPlan.scala:30)
[2025-04-25T11:29:04.631+0000] {subprocess.py:93} INFO - 	at org.apache.spark.sql.catalyst.plans.logical.AnalysisHelper.transformDownWithPruning(AnalysisHelper.scala:267)
[2025-04-25T11:29:04.632+0000] {subprocess.py:93} INFO - 	at org.apache.spark.sql.catalyst.plans.logical.AnalysisHelper.transformDownWithPruning$(AnalysisHelper.scala:263)
[2025-04-25T11:29:04.633+0000] {subprocess.py:93} INFO - 	at org.apache.spark.sql.catalyst.plans.logical.LogicalPlan.transformDownWithPruning(LogicalPlan.scala:30)
[2025-04-25T11:29:04.634+0000] {subprocess.py:93} INFO - 	at org.apache.spark.sql.catalyst.plans.logical.LogicalPlan.transformDownWithPruning(LogicalPlan.scala:30)
[2025-04-25T11:29:04.634+0000] {subprocess.py:93} INFO - 	at org.apache.spark.sql.catalyst.trees.TreeNode.$anonfun$transformDownWithPruning$3(TreeNode.scala:589)
[2025-04-25T11:29:04.635+0000] {subprocess.py:93} INFO - 	at org.apache.spark.sql.catalyst.trees.UnaryLike.mapChildren(TreeNode.scala:1228)
[2025-04-25T11:29:04.635+0000] {subprocess.py:93} INFO - 	at org.apache.spark.sql.catalyst.trees.UnaryLike.mapChildren$(TreeNode.scala:1227)
[2025-04-25T11:29:04.636+0000] {subprocess.py:93} INFO - 	at org.apache.spark.sql.catalyst.plans.logical.OrderPreservingUnaryNode.mapChildren(LogicalPlan.scala:208)
[2025-04-25T11:29:04.636+0000] {subprocess.py:93} INFO - 	at org.apache.spark.sql.catalyst.trees.TreeNode.transformDownWithPruning(TreeNode.scala:589)
[2025-04-25T11:29:04.637+0000] {subprocess.py:93} INFO - 	at org.apache.spark.sql.catalyst.plans.logical.LogicalPlan.org$apache$spark$sql$catalyst$plans$logical$AnalysisHelper$$super$transformDownWithPruning(LogicalPlan.scala:30)
[2025-04-25T11:29:04.637+0000] {subprocess.py:93} INFO - 	at org.apache.spark.sql.catalyst.plans.logical.AnalysisHelper.transformDownWithPruning(AnalysisHelper.scala:267)
[2025-04-25T11:29:04.637+0000] {subprocess.py:93} INFO - 	at org.apache.spark.sql.catalyst.plans.logical.AnalysisHelper.transformDownWithPruning$(AnalysisHelper.scala:263)
[2025-04-25T11:29:04.638+0000] {subprocess.py:93} INFO - 	at org.apache.spark.sql.catalyst.plans.logical.LogicalPlan.transformDownWithPruning(LogicalPlan.scala:30)
[2025-04-25T11:29:04.638+0000] {subprocess.py:93} INFO - 	at org.apache.spark.sql.catalyst.plans.logical.LogicalPlan.transformDownWithPruning(LogicalPlan.scala:30)
[2025-04-25T11:29:04.639+0000] {subprocess.py:93} INFO - 	at org.apache.spark.sql.catalyst.trees.TreeNode.$anonfun$transformDownWithPruning$3(TreeNode.scala:589)
[2025-04-25T11:29:04.639+0000] {subprocess.py:93} INFO - 	at org.apache.spark.sql.catalyst.trees.UnaryLike.mapChildren(TreeNode.scala:1228)
[2025-04-25T11:29:04.639+0000] {subprocess.py:93} INFO - 	at org.apache.spark.sql.catalyst.trees.UnaryLike.mapChildren$(TreeNode.scala:1227)
[2025-04-25T11:29:04.640+0000] {subprocess.py:93} INFO - 	at org.apache.spark.sql.catalyst.plans.logical.OrderPreservingUnaryNode.mapChildren(LogicalPlan.scala:208)
[2025-04-25T11:29:04.640+0000] {subprocess.py:93} INFO - 	at org.apache.spark.sql.catalyst.trees.TreeNode.transformDownWithPruning(TreeNode.scala:589)
[2025-04-25T11:29:04.641+0000] {subprocess.py:93} INFO - 	at org.apache.spark.sql.catalyst.plans.logical.LogicalPlan.org$apache$spark$sql$catalyst$plans$logical$AnalysisHelper$$super$transformDownWithPruning(LogicalPlan.scala:30)
[2025-04-25T11:29:04.641+0000] {subprocess.py:93} INFO - 	at org.apache.spark.sql.catalyst.plans.logical.AnalysisHelper.transformDownWithPruning(AnalysisHelper.scala:267)
[2025-04-25T11:29:04.642+0000] {subprocess.py:93} INFO - 	at org.apache.spark.sql.catalyst.plans.logical.AnalysisHelper.transformDownWithPruning$(AnalysisHelper.scala:263)
[2025-04-25T11:29:04.642+0000] {subprocess.py:93} INFO - 	at org.apache.spark.sql.catalyst.plans.logical.LogicalPlan.transformDownWithPruning(LogicalPlan.scala:30)
[2025-04-25T11:29:04.642+0000] {subprocess.py:93} INFO - 	at org.apache.spark.sql.catalyst.plans.logical.LogicalPlan.transformDownWithPruning(LogicalPlan.scala:30)
[2025-04-25T11:29:04.643+0000] {subprocess.py:93} INFO - 	at org.apache.spark.sql.catalyst.trees.TreeNode.$anonfun$transformDownWithPruning$3(TreeNode.scala:589)
[2025-04-25T11:29:04.643+0000] {subprocess.py:93} INFO - 	at org.apache.spark.sql.catalyst.trees.UnaryLike.mapChildren(TreeNode.scala:1228)
[2025-04-25T11:29:04.644+0000] {subprocess.py:93} INFO - 	at org.apache.spark.sql.catalyst.trees.UnaryLike.mapChildren$(TreeNode.scala:1227)
[2025-04-25T11:29:04.644+0000] {subprocess.py:93} INFO - 	at org.apache.spark.sql.catalyst.plans.logical.OrderPreservingUnaryNode.mapChildren(LogicalPlan.scala:208)
[2025-04-25T11:29:04.644+0000] {subprocess.py:93} INFO - 	at org.apache.spark.sql.catalyst.trees.TreeNode.transformDownWithPruning(TreeNode.scala:589)
[2025-04-25T11:29:04.645+0000] {subprocess.py:93} INFO - 	at org.apache.spark.sql.catalyst.plans.logical.LogicalPlan.org$apache$spark$sql$catalyst$plans$logical$AnalysisHelper$$super$transformDownWithPruning(LogicalPlan.scala:30)
[2025-04-25T11:29:04.645+0000] {subprocess.py:93} INFO - 	at org.apache.spark.sql.catalyst.plans.logical.AnalysisHelper.transformDownWithPruning(AnalysisHelper.scala:267)
[2025-04-25T11:29:04.646+0000] {subprocess.py:93} INFO - 	at org.apache.spark.sql.catalyst.plans.logical.AnalysisHelper.transformDownWithPruning$(AnalysisHelper.scala:263)
[2025-04-25T11:29:04.646+0000] {subprocess.py:93} INFO - 	at org.apache.spark.sql.catalyst.plans.logical.LogicalPlan.transformDownWithPruning(LogicalPlan.scala:30)
[2025-04-25T11:29:04.647+0000] {subprocess.py:93} INFO - 	at org.apache.spark.sql.catalyst.plans.logical.LogicalPlan.transformDownWithPruning(LogicalPlan.scala:30)
[2025-04-25T11:29:04.647+0000] {subprocess.py:93} INFO - 	at org.apache.spark.sql.catalyst.trees.TreeNode.$anonfun$transformDownWithPruning$3(TreeNode.scala:589)
[2025-04-25T11:29:04.647+0000] {subprocess.py:93} INFO - 	at org.apache.spark.sql.catalyst.trees.UnaryLike.mapChildren(TreeNode.scala:1228)
[2025-04-25T11:29:04.648+0000] {subprocess.py:93} INFO - 	at org.apache.spark.sql.catalyst.trees.UnaryLike.mapChildren$(TreeNode.scala:1227)
[2025-04-25T11:29:04.648+0000] {subprocess.py:93} INFO - 	at org.apache.spark.sql.catalyst.plans.logical.OrderPreservingUnaryNode.mapChildren(LogicalPlan.scala:208)
[2025-04-25T11:29:04.649+0000] {subprocess.py:93} INFO - 	at org.apache.spark.sql.catalyst.trees.TreeNode.transformDownWithPruning(TreeNode.scala:589)
[2025-04-25T11:29:04.649+0000] {subprocess.py:93} INFO - 	at org.apache.spark.sql.catalyst.plans.logical.LogicalPlan.org$apache$spark$sql$catalyst$plans$logical$AnalysisHelper$$super$transformDownWithPruning(LogicalPlan.scala:30)
[2025-04-25T11:29:04.650+0000] {subprocess.py:93} INFO - 	at org.apache.spark.sql.catalyst.plans.logical.AnalysisHelper.transformDownWithPruning(AnalysisHelper.scala:267)
[2025-04-25T11:29:04.650+0000] {subprocess.py:93} INFO - 	at org.apache.spark.sql.catalyst.plans.logical.AnalysisHelper.transformDownWithPruning$(AnalysisHelper.scala:263)
[2025-04-25T11:29:04.650+0000] {subprocess.py:93} INFO - 	at org.apache.spark.sql.catalyst.plans.logical.LogicalPlan.transformDownWithPruning(LogicalPlan.scala:30)
[2025-04-25T11:29:04.651+0000] {subprocess.py:93} INFO - 	at org.apache.spark.sql.catalyst.plans.logical.LogicalPlan.transformDownWithPruning(LogicalPlan.scala:30)
[2025-04-25T11:29:04.651+0000] {subprocess.py:93} INFO - 	at org.apache.spark.sql.catalyst.trees.TreeNode.$anonfun$transformDownWithPruning$3(TreeNode.scala:589)
[2025-04-25T11:29:04.652+0000] {subprocess.py:93} INFO - 	at org.apache.spark.sql.catalyst.trees.UnaryLike.mapChildren(TreeNode.scala:1228)
[2025-04-25T11:29:04.652+0000] {subprocess.py:93} INFO - 	at org.apache.spark.sql.catalyst.trees.UnaryLike.mapChildren$(TreeNode.scala:1227)
[2025-04-25T11:29:04.653+0000] {subprocess.py:93} INFO - 	at org.apache.spark.sql.catalyst.plans.logical.OrderPreservingUnaryNode.mapChildren(LogicalPlan.scala:208)
[2025-04-25T11:29:04.653+0000] {subprocess.py:93} INFO - 	at org.apache.spark.sql.catalyst.trees.TreeNode.transformDownWithPruning(TreeNode.scala:589)
[2025-04-25T11:29:04.654+0000] {subprocess.py:93} INFO - 	at org.apache.spark.sql.catalyst.plans.logical.LogicalPlan.org$apache$spark$sql$catalyst$plans$logical$AnalysisHelper$$super$transformDownWithPruning(LogicalPlan.scala:30)
[2025-04-25T11:29:04.654+0000] {subprocess.py:93} INFO - 	at org.apache.spark.sql.catalyst.plans.logical.AnalysisHelper.transformDownWithPruning(AnalysisHelper.scala:267)
[2025-04-25T11:29:04.655+0000] {subprocess.py:93} INFO - 	at org.apache.spark.sql.catalyst.plans.logical.AnalysisHelper.transformDownWithPruning$(AnalysisHelper.scala:263)
[2025-04-25T11:29:04.655+0000] {subprocess.py:93} INFO - 	at org.apache.spark.sql.catalyst.plans.logical.LogicalPlan.transformDownWithPruning(LogicalPlan.scala:30)
[2025-04-25T11:29:04.656+0000] {subprocess.py:93} INFO - 	at org.apache.spark.sql.catalyst.plans.logical.LogicalPlan.transformDownWithPruning(LogicalPlan.scala:30)
[2025-04-25T11:29:04.656+0000] {subprocess.py:93} INFO - 	at org.apache.spark.sql.catalyst.trees.TreeNode.$anonfun$transformDownWithPruning$3(TreeNode.scala:589)
[2025-04-25T11:29:04.656+0000] {subprocess.py:93} INFO - 	at org.apache.spark.sql.catalyst.trees.UnaryLike.mapChildren(TreeNode.scala:1228)
[2025-04-25T11:29:04.657+0000] {subprocess.py:93} INFO - 	at org.apache.spark.sql.catalyst.trees.UnaryLike.mapChildren$(TreeNode.scala:1227)
[2025-04-25T11:29:04.658+0000] {subprocess.py:93} INFO - 	at org.apache.spark.sql.catalyst.plans.logical.OrderPreservingUnaryNode.mapChildren(LogicalPlan.scala:208)
[2025-04-25T11:29:04.658+0000] {subprocess.py:93} INFO - 	at org.apache.spark.sql.catalyst.trees.TreeNode.transformDownWithPruning(TreeNode.scala:589)
[2025-04-25T11:29:04.659+0000] {subprocess.py:93} INFO - 	at org.apache.spark.sql.catalyst.plans.logical.LogicalPlan.org$apache$spark$sql$catalyst$plans$logical$AnalysisHelper$$super$transformDownWithPruning(LogicalPlan.scala:30)
[2025-04-25T11:29:04.659+0000] {subprocess.py:93} INFO - 	at org.apache.spark.sql.catalyst.plans.logical.AnalysisHelper.transformDownWithPruning(AnalysisHelper.scala:267)
[2025-04-25T11:29:04.659+0000] {subprocess.py:93} INFO - 	at org.apache.spark.sql.catalyst.plans.logical.AnalysisHelper.transformDownWithPruning$(AnalysisHelper.scala:263)
[2025-04-25T11:29:04.660+0000] {subprocess.py:93} INFO - 	at org.apache.spark.sql.catalyst.plans.logical.LogicalPlan.transformDownWithPruning(LogicalPlan.scala:30)
[2025-04-25T11:29:04.660+0000] {subprocess.py:93} INFO - 	at org.apache.spark.sql.catalyst.plans.logical.LogicalPlan.transformDownWithPruning(LogicalPlan.scala:30)
[2025-04-25T11:29:04.661+0000] {subprocess.py:93} INFO - 	at org.apache.spark.sql.catalyst.trees.TreeNode.$anonfun$transformDownWithPruning$3(TreeNode.scala:589)
[2025-04-25T11:29:04.661+0000] {subprocess.py:93} INFO - 	at org.apache.spark.sql.catalyst.trees.UnaryLike.mapChildren(TreeNode.scala:1228)
[2025-04-25T11:29:04.662+0000] {subprocess.py:93} INFO - 	at org.apache.spark.sql.catalyst.trees.UnaryLike.mapChildren$(TreeNode.scala:1227)
[2025-04-25T11:29:04.663+0000] {subprocess.py:93} INFO - 	at org.apache.spark.sql.catalyst.plans.logical.EventTimeWatermark.mapChildren(EventTimeWatermark.scala:40)
[2025-04-25T11:29:04.663+0000] {subprocess.py:93} INFO - 	at org.apache.spark.sql.catalyst.trees.TreeNode.transformDownWithPruning(TreeNode.scala:589)
[2025-04-25T11:29:04.663+0000] {subprocess.py:93} INFO - 	at org.apache.spark.sql.catalyst.plans.logical.LogicalPlan.org$apache$spark$sql$catalyst$plans$logical$AnalysisHelper$$super$transformDownWithPruning(LogicalPlan.scala:30)
[2025-04-25T11:29:04.664+0000] {subprocess.py:93} INFO - 	at org.apache.spark.sql.catalyst.plans.logical.AnalysisHelper.transformDownWithPruning(AnalysisHelper.scala:267)
[2025-04-25T11:29:04.664+0000] {subprocess.py:93} INFO - 	at org.apache.spark.sql.catalyst.plans.logical.AnalysisHelper.transformDownWithPruning$(AnalysisHelper.scala:263)
[2025-04-25T11:29:04.665+0000] {subprocess.py:93} INFO - 	at org.apache.spark.sql.catalyst.plans.logical.LogicalPlan.transformDownWithPruning(LogicalPlan.scala:30)
[2025-04-25T11:29:04.665+0000] {subprocess.py:93} INFO - 	at org.apache.spark.sql.catalyst.plans.logical.LogicalPlan.transformDownWithPruning(LogicalPlan.scala:30)
[2025-04-25T11:29:04.666+0000] {subprocess.py:93} INFO - 	at org.apache.spark.sql.catalyst.trees.TreeNode.$anonfun$transformDownWithPruning$3(TreeNode.scala:589)
[2025-04-25T11:29:04.666+0000] {subprocess.py:93} INFO - 	at org.apache.spark.sql.catalyst.trees.UnaryLike.mapChildren(TreeNode.scala:1228)
[2025-04-25T11:29:04.667+0000] {subprocess.py:93} INFO - 	at org.apache.spark.sql.catalyst.trees.UnaryLike.mapChildren$(TreeNode.scala:1227)
[2025-04-25T11:29:04.667+0000] {subprocess.py:93} INFO - 	at org.apache.spark.sql.catalyst.plans.logical.Expand.mapChildren(basicLogicalOperators.scala:1159)
[2025-04-25T11:29:04.667+0000] {subprocess.py:93} INFO - 	at org.apache.spark.sql.catalyst.trees.TreeNode.transformDownWithPruning(TreeNode.scala:589)
[2025-04-25T11:29:04.668+0000] {subprocess.py:93} INFO - 	at org.apache.spark.sql.catalyst.plans.logical.LogicalPlan.org$apache$spark$sql$catalyst$plans$logical$AnalysisHelper$$super$transformDownWithPruning(LogicalPlan.scala:30)
[2025-04-25T11:29:04.668+0000] {subprocess.py:93} INFO - 	at org.apache.spark.sql.catalyst.plans.logical.AnalysisHelper.transformDownWithPruning(AnalysisHelper.scala:267)
[2025-04-25T11:29:04.669+0000] {subprocess.py:93} INFO - 	at org.apache.spark.sql.catalyst.plans.logical.AnalysisHelper.transformDownWithPruning$(AnalysisHelper.scala:263)
[2025-04-25T11:29:04.669+0000] {subprocess.py:93} INFO - 	at org.apache.spark.sql.catalyst.plans.logical.LogicalPlan.transformDownWithPruning(LogicalPlan.scala:30)
[2025-04-25T11:29:04.669+0000] {subprocess.py:93} INFO - 	at org.apache.spark.sql.catalyst.plans.logical.LogicalPlan.transformDownWithPruning(LogicalPlan.scala:30)
[2025-04-25T11:29:04.670+0000] {subprocess.py:93} INFO - 	at org.apache.spark.sql.catalyst.trees.TreeNode.$anonfun$transformDownWithPruning$3(TreeNode.scala:589)
[2025-04-25T11:29:04.670+0000] {subprocess.py:93} INFO - 	at org.apache.spark.sql.catalyst.trees.UnaryLike.mapChildren(TreeNode.scala:1228)
[2025-04-25T11:29:04.671+0000] {subprocess.py:93} INFO - 	at org.apache.spark.sql.catalyst.trees.UnaryLike.mapChildren$(TreeNode.scala:1227)
[2025-04-25T11:29:04.671+0000] {subprocess.py:93} INFO - 	at org.apache.spark.sql.catalyst.plans.logical.OrderPreservingUnaryNode.mapChildren(LogicalPlan.scala:208)
[2025-04-25T11:29:04.671+0000] {subprocess.py:93} INFO - 	at org.apache.spark.sql.catalyst.trees.TreeNode.transformDownWithPruning(TreeNode.scala:589)
[2025-04-25T11:29:04.672+0000] {subprocess.py:93} INFO - 	at org.apache.spark.sql.catalyst.plans.logical.LogicalPlan.org$apache$spark$sql$catalyst$plans$logical$AnalysisHelper$$super$transformDownWithPruning(LogicalPlan.scala:30)
[2025-04-25T11:29:04.672+0000] {subprocess.py:93} INFO - 	at org.apache.spark.sql.catalyst.plans.logical.AnalysisHelper.transformDownWithPruning(AnalysisHelper.scala:267)
[2025-04-25T11:29:04.673+0000] {subprocess.py:93} INFO - 	at org.apache.spark.sql.catalyst.plans.logical.AnalysisHelper.transformDownWithPruning$(AnalysisHelper.scala:263)
[2025-04-25T11:29:04.673+0000] {subprocess.py:93} INFO - 	at org.apache.spark.sql.catalyst.plans.logical.LogicalPlan.transformDownWithPruning(LogicalPlan.scala:30)
[2025-04-25T11:29:04.673+0000] {subprocess.py:93} INFO - 	at org.apache.spark.sql.catalyst.plans.logical.LogicalPlan.transformDownWithPruning(LogicalPlan.scala:30)
[2025-04-25T11:29:04.674+0000] {subprocess.py:93} INFO - 	at org.apache.spark.sql.catalyst.trees.TreeNode.$anonfun$transformDownWithPruning$3(TreeNode.scala:589)
[2025-04-25T11:29:04.674+0000] {subprocess.py:93} INFO - 	at org.apache.spark.sql.catalyst.trees.UnaryLike.mapChildren(TreeNode.scala:1228)
[2025-04-25T11:29:04.674+0000] {subprocess.py:93} INFO - 	at org.apache.spark.sql.catalyst.trees.UnaryLike.mapChildren$(TreeNode.scala:1227)
[2025-04-25T11:29:04.675+0000] {subprocess.py:93} INFO - 	at org.apache.spark.sql.catalyst.plans.logical.Aggregate.mapChildren(basicLogicalOperators.scala:977)
[2025-04-25T11:29:04.675+0000] {subprocess.py:93} INFO - 	at org.apache.spark.sql.catalyst.trees.TreeNode.transformDownWithPruning(TreeNode.scala:589)
[2025-04-25T11:29:04.676+0000] {subprocess.py:93} INFO - 	at org.apache.spark.sql.catalyst.plans.logical.LogicalPlan.org$apache$spark$sql$catalyst$plans$logical$AnalysisHelper$$super$transformDownWithPruning(LogicalPlan.scala:30)
[2025-04-25T11:29:04.677+0000] {subprocess.py:93} INFO - 	at org.apache.spark.sql.catalyst.plans.logical.AnalysisHelper.transformDownWithPruning(AnalysisHelper.scala:267)
[2025-04-25T11:29:04.678+0000] {subprocess.py:93} INFO - 	at org.apache.spark.sql.catalyst.plans.logical.AnalysisHelper.transformDownWithPruning$(AnalysisHelper.scala:263)
[2025-04-25T11:29:04.678+0000] {subprocess.py:93} INFO - 	at org.apache.spark.sql.catalyst.plans.logical.LogicalPlan.transformDownWithPruning(LogicalPlan.scala:30)
[2025-04-25T11:29:04.679+0000] {subprocess.py:93} INFO - 	at org.apache.spark.sql.catalyst.plans.logical.LogicalPlan.transformDownWithPruning(LogicalPlan.scala:30)
[2025-04-25T11:29:04.679+0000] {subprocess.py:93} INFO - 	at org.apache.spark.sql.catalyst.trees.TreeNode.$anonfun$transformDownWithPruning$3(TreeNode.scala:589)
[2025-04-25T11:29:04.680+0000] {subprocess.py:93} INFO - 	at org.apache.spark.sql.catalyst.trees.UnaryLike.mapChildren(TreeNode.scala:1228)
[2025-04-25T11:29:04.680+0000] {subprocess.py:93} INFO - 	at org.apache.spark.sql.catalyst.trees.UnaryLike.mapChildren$(TreeNode.scala:1227)
[2025-04-25T11:29:04.681+0000] {subprocess.py:93} INFO - 	at org.apache.spark.sql.catalyst.plans.logical.OrderPreservingUnaryNode.mapChildren(LogicalPlan.scala:208)
[2025-04-25T11:29:04.681+0000] {subprocess.py:93} INFO - 	at org.apache.spark.sql.catalyst.trees.TreeNode.transformDownWithPruning(TreeNode.scala:589)
[2025-04-25T11:29:04.682+0000] {subprocess.py:93} INFO - 	at org.apache.spark.sql.catalyst.plans.logical.LogicalPlan.org$apache$spark$sql$catalyst$plans$logical$AnalysisHelper$$super$transformDownWithPruning(LogicalPlan.scala:30)
[2025-04-25T11:29:04.682+0000] {subprocess.py:93} INFO - 	at org.apache.spark.sql.catalyst.plans.logical.AnalysisHelper.transformDownWithPruning(AnalysisHelper.scala:267)
[2025-04-25T11:29:04.683+0000] {subprocess.py:93} INFO - 	at org.apache.spark.sql.catalyst.plans.logical.AnalysisHelper.transformDownWithPruning$(AnalysisHelper.scala:263)
[2025-04-25T11:29:04.683+0000] {subprocess.py:93} INFO - 	at org.apache.spark.sql.catalyst.plans.logical.LogicalPlan.transformDownWithPruning(LogicalPlan.scala:30)
[2025-04-25T11:29:04.683+0000] {subprocess.py:93} INFO - 	at org.apache.spark.sql.catalyst.plans.logical.LogicalPlan.transformDownWithPruning(LogicalPlan.scala:30)
[2025-04-25T11:29:04.684+0000] {subprocess.py:93} INFO - 	at org.apache.spark.sql.catalyst.trees.TreeNode.$anonfun$transformDownWithPruning$3(TreeNode.scala:589)
[2025-04-25T11:29:04.684+0000] {subprocess.py:93} INFO - 	at org.apache.spark.sql.catalyst.trees.UnaryLike.mapChildren(TreeNode.scala:1228)
[2025-04-25T11:29:04.684+0000] {subprocess.py:93} INFO - 	at org.apache.spark.sql.catalyst.trees.UnaryLike.mapChildren$(TreeNode.scala:1227)
[2025-04-25T11:29:04.684+0000] {subprocess.py:93} INFO - 	at org.apache.spark.sql.catalyst.plans.logical.OrderPreservingUnaryNode.mapChildren(LogicalPlan.scala:208)
[2025-04-25T11:29:04.685+0000] {subprocess.py:93} INFO - 	at org.apache.spark.sql.catalyst.trees.TreeNode.transformDownWithPruning(TreeNode.scala:589)
[2025-04-25T11:29:04.685+0000] {subprocess.py:93} INFO - 	at org.apache.spark.sql.catalyst.plans.logical.LogicalPlan.org$apache$spark$sql$catalyst$plans$logical$AnalysisHelper$$super$transformDownWithPruning(LogicalPlan.scala:30)
[2025-04-25T11:29:04.685+0000] {subprocess.py:93} INFO - 	at org.apache.spark.sql.catalyst.plans.logical.AnalysisHelper.transformDownWithPruning(AnalysisHelper.scala:267)
[2025-04-25T11:29:04.686+0000] {subprocess.py:93} INFO - 	at org.apache.spark.sql.catalyst.plans.logical.AnalysisHelper.transformDownWithPruning$(AnalysisHelper.scala:263)
[2025-04-25T11:29:04.686+0000] {subprocess.py:93} INFO - 	at org.apache.spark.sql.catalyst.plans.logical.LogicalPlan.transformDownWithPruning(LogicalPlan.scala:30)
[2025-04-25T11:29:04.687+0000] {subprocess.py:93} INFO - 	at org.apache.spark.sql.catalyst.plans.logical.LogicalPlan.transformDownWithPruning(LogicalPlan.scala:30)
[2025-04-25T11:29:04.687+0000] {subprocess.py:93} INFO - 	at org.apache.spark.sql.catalyst.trees.TreeNode.transformDown(TreeNode.scala:560)
[2025-04-25T11:29:04.687+0000] {subprocess.py:93} INFO - 	at org.apache.spark.sql.catalyst.trees.TreeNode.transform(TreeNode.scala:528)
[2025-04-25T11:29:04.688+0000] {subprocess.py:93} INFO - 	at org.apache.spark.sql.execution.streaming.MicroBatchExecution.logicalPlan$lzycompute(MicroBatchExecution.scala:82)
[2025-04-25T11:29:04.688+0000] {subprocess.py:93} INFO - 	at org.apache.spark.sql.execution.streaming.MicroBatchExecution.logicalPlan(MicroBatchExecution.scala:62)
[2025-04-25T11:29:04.689+0000] {subprocess.py:93} INFO - 	at org.apache.spark.sql.execution.streaming.StreamExecution.$anonfun$runStream$1(StreamExecution.scala:299)
[2025-04-25T11:29:04.690+0000] {subprocess.py:93} INFO - 	at scala.runtime.java8.JFunction0$mcV$sp.apply(JFunction0$mcV$sp.java:23)
[2025-04-25T11:29:04.690+0000] {subprocess.py:93} INFO - 	at org.apache.spark.sql.SparkSession.withActive(SparkSession.scala:779)
[2025-04-25T11:29:04.690+0000] {subprocess.py:93} INFO - 	at org.apache.spark.sql.execution.streaming.StreamExecution.org$apache$spark$sql$execution$streaming$StreamExecution$$runStream(StreamExecution.scala:285)
[2025-04-25T11:29:04.691+0000] {subprocess.py:93} INFO - 	at org.apache.spark.sql.execution.streaming.StreamExecution$$anon$1.run(StreamExecution.scala:208)
[2025-04-25T11:29:04.692+0000] {subprocess.py:93} INFO - Caused by: java.lang.ClassNotFoundException: org.apache.spark.kafka010.KafkaConfigUpdater
[2025-04-25T11:29:04.692+0000] {subprocess.py:93} INFO - 	at java.base/jdk.internal.loader.BuiltinClassLoader.loadClass(BuiltinClassLoader.java:641)
[2025-04-25T11:29:04.693+0000] {subprocess.py:93} INFO - 	at java.base/jdk.internal.loader.ClassLoaders$AppClassLoader.loadClass(ClassLoaders.java:188)
[2025-04-25T11:29:04.693+0000] {subprocess.py:93} INFO - 	at java.base/java.lang.ClassLoader.loadClass(ClassLoader.java:525)
[2025-04-25T11:29:04.694+0000] {subprocess.py:93} INFO - 	... 173 more
[2025-04-25T11:29:04.694+0000] {subprocess.py:93} INFO - Exception in thread "stream execution thread for traffic_processing_pipeline [id = 5e03d62e-cf04-4af4-95a7-b2203ba8cf76, runId = b88c8b90-5015-46cc-b623-fadb63259562]" java.lang.NoClassDefFoundError: org/apache/spark/kafka010/KafkaConfigUpdater
[2025-04-25T11:29:04.694+0000] {subprocess.py:93} INFO - 	at org.apache.spark.sql.kafka010.KafkaSourceProvider$.kafkaParamsForDriver(KafkaSourceProvider.scala:645)
[2025-04-25T11:29:04.695+0000] {subprocess.py:93} INFO - 	at org.apache.spark.sql.kafka010.KafkaSourceProvider$KafkaScan.toMicroBatchStream(KafkaSourceProvider.scala:482)
[2025-04-25T11:29:04.695+0000] {subprocess.py:93} INFO - 	at org.apache.spark.sql.execution.streaming.MicroBatchExecution$$anonfun$1.$anonfun$applyOrElse$4(MicroBatchExecution.scala:104)
[2025-04-25T11:29:04.696+0000] {subprocess.py:93} INFO - 	at scala.collection.mutable.HashMap.getOrElseUpdate(HashMap.scala:86)
[2025-04-25T11:29:04.696+0000] {subprocess.py:93} INFO - 	at org.apache.spark.sql.execution.streaming.MicroBatchExecution$$anonfun$1.applyOrElse(MicroBatchExecution.scala:97)
[2025-04-25T11:29:04.697+0000] {subprocess.py:93} INFO - 	at org.apache.spark.sql.execution.streaming.MicroBatchExecution$$anonfun$1.applyOrElse(MicroBatchExecution.scala:82)
[2025-04-25T11:29:04.697+0000] {subprocess.py:93} INFO - 	at org.apache.spark.sql.catalyst.trees.TreeNode.$anonfun$transformDownWithPruning$1(TreeNode.scala:584)
[2025-04-25T11:29:04.697+0000] {subprocess.py:93} INFO - 	at org.apache.spark.sql.catalyst.trees.CurrentOrigin$.withOrigin(TreeNode.scala:176)
[2025-04-25T11:29:04.698+0000] {subprocess.py:93} INFO - 	at org.apache.spark.sql.catalyst.trees.TreeNode.transformDownWithPruning(TreeNode.scala:584)
[2025-04-25T11:29:04.698+0000] {subprocess.py:93} INFO - 	at org.apache.spark.sql.catalyst.plans.logical.LogicalPlan.org$apache$spark$sql$catalyst$plans$logical$AnalysisHelper$$super$transformDownWithPruning(LogicalPlan.scala:30)
[2025-04-25T11:29:04.699+0000] {subprocess.py:93} INFO - 	at org.apache.spark.sql.catalyst.plans.logical.AnalysisHelper.transformDownWithPruning(AnalysisHelper.scala:267)
[2025-04-25T11:29:04.699+0000] {subprocess.py:93} INFO - 	at org.apache.spark.sql.catalyst.plans.logical.AnalysisHelper.transformDownWithPruning$(AnalysisHelper.scala:263)
[2025-04-25T11:29:04.700+0000] {subprocess.py:93} INFO - 	at org.apache.spark.sql.catalyst.plans.logical.LogicalPlan.transformDownWithPruning(LogicalPlan.scala:30)
[2025-04-25T11:29:04.700+0000] {subprocess.py:93} INFO - 	at org.apache.spark.sql.catalyst.plans.logical.LogicalPlan.transformDownWithPruning(LogicalPlan.scala:30)
[2025-04-25T11:29:04.700+0000] {subprocess.py:93} INFO - 	at org.apache.spark.sql.catalyst.trees.TreeNode.$anonfun$transformDownWithPruning$3(TreeNode.scala:589)
[2025-04-25T11:29:04.701+0000] {subprocess.py:93} INFO - 	at org.apache.spark.sql.catalyst.trees.UnaryLike.mapChildren(TreeNode.scala:1228)
[2025-04-25T11:29:04.701+0000] {subprocess.py:93} INFO - 	at org.apache.spark.sql.catalyst.trees.UnaryLike.mapChildren$(TreeNode.scala:1227)
[2025-04-25T11:29:04.702+0000] {subprocess.py:93} INFO - 	at org.apache.spark.sql.catalyst.plans.logical.OrderPreservingUnaryNode.mapChildren(LogicalPlan.scala:208)
[2025-04-25T11:29:04.702+0000] {subprocess.py:93} INFO - 	at org.apache.spark.sql.catalyst.trees.TreeNode.transformDownWithPruning(TreeNode.scala:589)
[2025-04-25T11:29:04.703+0000] {subprocess.py:93} INFO - 	at org.apache.spark.sql.catalyst.plans.logical.LogicalPlan.org$apache$spark$sql$catalyst$plans$logical$AnalysisHelper$$super$transformDownWithPruning(LogicalPlan.scala:30)
[2025-04-25T11:29:04.703+0000] {subprocess.py:93} INFO - 	at org.apache.spark.sql.catalyst.plans.logical.AnalysisHelper.transformDownWithPruning(AnalysisHelper.scala:267)
[2025-04-25T11:29:04.704+0000] {subprocess.py:93} INFO - 	at org.apache.spark.sql.catalyst.plans.logical.AnalysisHelper.transformDownWithPruning$(AnalysisHelper.scala:263)
[2025-04-25T11:29:04.704+0000] {subprocess.py:93} INFO - 	at org.apache.spark.sql.catalyst.plans.logical.LogicalPlan.transformDownWithPruning(LogicalPlan.scala:30)
[2025-04-25T11:29:04.705+0000] {subprocess.py:93} INFO - 	at org.apache.spark.sql.catalyst.plans.logical.LogicalPlan.transformDownWithPruning(LogicalPlan.scala:30)
[2025-04-25T11:29:04.705+0000] {subprocess.py:93} INFO - 	at org.apache.spark.sql.catalyst.trees.TreeNode.$anonfun$transformDownWithPruning$3(TreeNode.scala:589)
[2025-04-25T11:29:04.705+0000] {subprocess.py:93} INFO - 	at org.apache.spark.sql.catalyst.trees.UnaryLike.mapChildren(TreeNode.scala:1228)
[2025-04-25T11:29:04.706+0000] {subprocess.py:93} INFO - 	at org.apache.spark.sql.catalyst.trees.UnaryLike.mapChildren$(TreeNode.scala:1227)
[2025-04-25T11:29:04.706+0000] {subprocess.py:93} INFO - 	at org.apache.spark.sql.catalyst.plans.logical.OrderPreservingUnaryNode.mapChildren(LogicalPlan.scala:208)
[2025-04-25T11:29:04.706+0000] {subprocess.py:93} INFO - 	at org.apache.spark.sql.catalyst.trees.TreeNode.transformDownWithPruning(TreeNode.scala:589)
[2025-04-25T11:29:04.707+0000] {subprocess.py:93} INFO - 	at org.apache.spark.sql.catalyst.plans.logical.LogicalPlan.org$apache$spark$sql$catalyst$plans$logical$AnalysisHelper$$super$transformDownWithPruning(LogicalPlan.scala:30)
[2025-04-25T11:29:04.707+0000] {subprocess.py:93} INFO - 	at org.apache.spark.sql.catalyst.plans.logical.AnalysisHelper.transformDownWithPruning(AnalysisHelper.scala:267)
[2025-04-25T11:29:04.708+0000] {subprocess.py:93} INFO - 	at org.apache.spark.sql.catalyst.plans.logical.AnalysisHelper.transformDownWithPruning$(AnalysisHelper.scala:263)
[2025-04-25T11:29:04.708+0000] {subprocess.py:93} INFO - 	at org.apache.spark.sql.catalyst.plans.logical.LogicalPlan.transformDownWithPruning(LogicalPlan.scala:30)
[2025-04-25T11:29:04.709+0000] {subprocess.py:93} INFO - 	at org.apache.spark.sql.catalyst.plans.logical.LogicalPlan.transformDownWithPruning(LogicalPlan.scala:30)
[2025-04-25T11:29:04.710+0000] {subprocess.py:93} INFO - 	at org.apache.spark.sql.catalyst.trees.TreeNode.$anonfun$transformDownWithPruning$3(TreeNode.scala:589)
[2025-04-25T11:29:04.710+0000] {subprocess.py:93} INFO - 	at org.apache.spark.sql.catalyst.trees.UnaryLike.mapChildren(TreeNode.scala:1228)
[2025-04-25T11:29:04.711+0000] {subprocess.py:93} INFO - 	at org.apache.spark.sql.catalyst.trees.UnaryLike.mapChildren$(TreeNode.scala:1227)
[2025-04-25T11:29:04.711+0000] {subprocess.py:93} INFO - 	at org.apache.spark.sql.catalyst.plans.logical.OrderPreservingUnaryNode.mapChildren(LogicalPlan.scala:208)
[2025-04-25T11:29:04.712+0000] {subprocess.py:93} INFO - 	at org.apache.spark.sql.catalyst.trees.TreeNode.transformDownWithPruning(TreeNode.scala:589)
[2025-04-25T11:29:04.712+0000] {subprocess.py:93} INFO - 	at org.apache.spark.sql.catalyst.plans.logical.LogicalPlan.org$apache$spark$sql$catalyst$plans$logical$AnalysisHelper$$super$transformDownWithPruning(LogicalPlan.scala:30)
[2025-04-25T11:29:04.713+0000] {subprocess.py:93} INFO - 	at org.apache.spark.sql.catalyst.plans.logical.AnalysisHelper.transformDownWithPruning(AnalysisHelper.scala:267)
[2025-04-25T11:29:04.713+0000] {subprocess.py:93} INFO - 	at org.apache.spark.sql.catalyst.plans.logical.AnalysisHelper.transformDownWithPruning$(AnalysisHelper.scala:263)
[2025-04-25T11:29:04.714+0000] {subprocess.py:93} INFO - 	at org.apache.spark.sql.catalyst.plans.logical.LogicalPlan.transformDownWithPruning(LogicalPlan.scala:30)
[2025-04-25T11:29:04.714+0000] {subprocess.py:93} INFO - 	at org.apache.spark.sql.catalyst.plans.logical.LogicalPlan.transformDownWithPruning(LogicalPlan.scala:30)
[2025-04-25T11:29:04.715+0000] {subprocess.py:93} INFO - 	at org.apache.spark.sql.catalyst.trees.TreeNode.$anonfun$transformDownWithPruning$3(TreeNode.scala:589)
[2025-04-25T11:29:04.715+0000] {subprocess.py:93} INFO - 	at org.apache.spark.sql.catalyst.trees.UnaryLike.mapChildren(TreeNode.scala:1228)
[2025-04-25T11:29:04.716+0000] {subprocess.py:93} INFO - 	at org.apache.spark.sql.catalyst.trees.UnaryLike.mapChildren$(TreeNode.scala:1227)
[2025-04-25T11:29:04.716+0000] {subprocess.py:93} INFO - 	at org.apache.spark.sql.catalyst.plans.logical.OrderPreservingUnaryNode.mapChildren(LogicalPlan.scala:208)
[2025-04-25T11:29:04.716+0000] {subprocess.py:93} INFO - 	at org.apache.spark.sql.catalyst.trees.TreeNode.transformDownWithPruning(TreeNode.scala:589)
[2025-04-25T11:29:04.717+0000] {subprocess.py:93} INFO - 	at org.apache.spark.sql.catalyst.plans.logical.LogicalPlan.org$apache$spark$sql$catalyst$plans$logical$AnalysisHelper$$super$transformDownWithPruning(LogicalPlan.scala:30)
[2025-04-25T11:29:04.717+0000] {subprocess.py:93} INFO - 	at org.apache.spark.sql.catalyst.plans.logical.AnalysisHelper.transformDownWithPruning(AnalysisHelper.scala:267)
[2025-04-25T11:29:04.718+0000] {subprocess.py:93} INFO - 	at org.apache.spark.sql.catalyst.plans.logical.AnalysisHelper.transformDownWithPruning$(AnalysisHelper.scala:263)
[2025-04-25T11:29:04.719+0000] {subprocess.py:93} INFO - 	at org.apache.spark.sql.catalyst.plans.logical.LogicalPlan.transformDownWithPruning(LogicalPlan.scala:30)
[2025-04-25T11:29:04.719+0000] {subprocess.py:93} INFO - 	at org.apache.spark.sql.catalyst.plans.logical.LogicalPlan.transformDownWithPruning(LogicalPlan.scala:30)
[2025-04-25T11:29:04.720+0000] {subprocess.py:93} INFO - 	at org.apache.spark.sql.catalyst.trees.TreeNode.$anonfun$transformDownWithPruning$3(TreeNode.scala:589)
[2025-04-25T11:29:04.720+0000] {subprocess.py:93} INFO - 	at org.apache.spark.sql.catalyst.trees.UnaryLike.mapChildren(TreeNode.scala:1228)
[2025-04-25T11:29:04.721+0000] {subprocess.py:93} INFO - 	at org.apache.spark.sql.catalyst.trees.UnaryLike.mapChildren$(TreeNode.scala:1227)
[2025-04-25T11:29:04.721+0000] {subprocess.py:93} INFO - 	at org.apache.spark.sql.catalyst.plans.logical.OrderPreservingUnaryNode.mapChildren(LogicalPlan.scala:208)
[2025-04-25T11:29:04.722+0000] {subprocess.py:93} INFO - 	at org.apache.spark.sql.catalyst.trees.TreeNode.transformDownWithPruning(TreeNode.scala:589)
[2025-04-25T11:29:04.723+0000] {subprocess.py:93} INFO - 	at org.apache.spark.sql.catalyst.plans.logical.LogicalPlan.org$apache$spark$sql$catalyst$plans$logical$AnalysisHelper$$super$transformDownWithPruning(LogicalPlan.scala:30)
[2025-04-25T11:29:04.723+0000] {subprocess.py:93} INFO - 	at org.apache.spark.sql.catalyst.plans.logical.AnalysisHelper.transformDownWithPruning(AnalysisHelper.scala:267)
[2025-04-25T11:29:04.724+0000] {subprocess.py:93} INFO - 	at org.apache.spark.sql.catalyst.plans.logical.AnalysisHelper.transformDownWithPruning$(AnalysisHelper.scala:263)
[2025-04-25T11:29:04.725+0000] {subprocess.py:93} INFO - 	at org.apache.spark.sql.catalyst.plans.logical.LogicalPlan.transformDownWithPruning(LogicalPlan.scala:30)
[2025-04-25T11:29:04.726+0000] {subprocess.py:93} INFO - 	at org.apache.spark.sql.catalyst.plans.logical.LogicalPlan.transformDownWithPruning(LogicalPlan.scala:30)
[2025-04-25T11:29:04.726+0000] {subprocess.py:93} INFO - 	at org.apache.spark.sql.catalyst.trees.TreeNode.$anonfun$transformDownWithPruning$3(TreeNode.scala:589)
[2025-04-25T11:29:04.727+0000] {subprocess.py:93} INFO - 	at org.apache.spark.sql.catalyst.trees.UnaryLike.mapChildren(TreeNode.scala:1228)
[2025-04-25T11:29:04.728+0000] {subprocess.py:93} INFO - 	at org.apache.spark.sql.catalyst.trees.UnaryLike.mapChildren$(TreeNode.scala:1227)
[2025-04-25T11:29:04.729+0000] {subprocess.py:93} INFO - 	at org.apache.spark.sql.catalyst.plans.logical.OrderPreservingUnaryNode.mapChildren(LogicalPlan.scala:208)
[2025-04-25T11:29:04.730+0000] {subprocess.py:93} INFO - 	at org.apache.spark.sql.catalyst.trees.TreeNode.transformDownWithPruning(TreeNode.scala:589)
[2025-04-25T11:29:04.730+0000] {subprocess.py:93} INFO - 	at org.apache.spark.sql.catalyst.plans.logical.LogicalPlan.org$apache$spark$sql$catalyst$plans$logical$AnalysisHelper$$super$transformDownWithPruning(LogicalPlan.scala:30)
[2025-04-25T11:29:04.731+0000] {subprocess.py:93} INFO - 	at org.apache.spark.sql.catalyst.plans.logical.AnalysisHelper.transformDownWithPruning(AnalysisHelper.scala:267)
[2025-04-25T11:29:04.732+0000] {subprocess.py:93} INFO - 	at org.apache.spark.sql.catalyst.plans.logical.AnalysisHelper.transformDownWithPruning$(AnalysisHelper.scala:263)
[2025-04-25T11:29:04.733+0000] {subprocess.py:93} INFO - 	at org.apache.spark.sql.catalyst.plans.logical.LogicalPlan.transformDownWithPruning(LogicalPlan.scala:30)
[2025-04-25T11:29:04.733+0000] {subprocess.py:93} INFO - 	at org.apache.spark.sql.catalyst.plans.logical.LogicalPlan.transformDownWithPruning(LogicalPlan.scala:30)
[2025-04-25T11:29:04.734+0000] {subprocess.py:93} INFO - 	at org.apache.spark.sql.catalyst.trees.TreeNode.$anonfun$transformDownWithPruning$3(TreeNode.scala:589)
[2025-04-25T11:29:04.735+0000] {subprocess.py:93} INFO - 	at org.apache.spark.sql.catalyst.trees.UnaryLike.mapChildren(TreeNode.scala:1228)
[2025-04-25T11:29:04.736+0000] {subprocess.py:93} INFO - 	at org.apache.spark.sql.catalyst.trees.UnaryLike.mapChildren$(TreeNode.scala:1227)
[2025-04-25T11:29:04.736+0000] {subprocess.py:93} INFO - 	at org.apache.spark.sql.catalyst.plans.logical.OrderPreservingUnaryNode.mapChildren(LogicalPlan.scala:208)
[2025-04-25T11:29:04.737+0000] {subprocess.py:93} INFO - 	at org.apache.spark.sql.catalyst.trees.TreeNode.transformDownWithPruning(TreeNode.scala:589)
[2025-04-25T11:29:04.738+0000] {subprocess.py:93} INFO - 	at org.apache.spark.sql.catalyst.plans.logical.LogicalPlan.org$apache$spark$sql$catalyst$plans$logical$AnalysisHelper$$super$transformDownWithPruning(LogicalPlan.scala:30)
[2025-04-25T11:29:04.738+0000] {subprocess.py:93} INFO - 	at org.apache.spark.sql.catalyst.plans.logical.AnalysisHelper.transformDownWithPruning(AnalysisHelper.scala:267)
[2025-04-25T11:29:04.739+0000] {subprocess.py:93} INFO - 	at org.apache.spark.sql.catalyst.plans.logical.AnalysisHelper.transformDownWithPruning$(AnalysisHelper.scala:263)
[2025-04-25T11:29:04.740+0000] {subprocess.py:93} INFO - 	at org.apache.spark.sql.catalyst.plans.logical.LogicalPlan.transformDownWithPruning(LogicalPlan.scala:30)
[2025-04-25T11:29:04.741+0000] {subprocess.py:93} INFO - 	at org.apache.spark.sql.catalyst.plans.logical.LogicalPlan.transformDownWithPruning(LogicalPlan.scala:30)
[2025-04-25T11:29:04.741+0000] {subprocess.py:93} INFO - 	at org.apache.spark.sql.catalyst.trees.TreeNode.$anonfun$transformDownWithPruning$3(TreeNode.scala:589)
[2025-04-25T11:29:04.742+0000] {subprocess.py:93} INFO - 	at org.apache.spark.sql.catalyst.trees.UnaryLike.mapChildren(TreeNode.scala:1228)
[2025-04-25T11:29:04.743+0000] {subprocess.py:93} INFO - 	at org.apache.spark.sql.catalyst.trees.UnaryLike.mapChildren$(TreeNode.scala:1227)
[2025-04-25T11:29:04.743+0000] {subprocess.py:93} INFO - 	at org.apache.spark.sql.catalyst.plans.logical.OrderPreservingUnaryNode.mapChildren(LogicalPlan.scala:208)
[2025-04-25T11:29:04.744+0000] {subprocess.py:93} INFO - 	at org.apache.spark.sql.catalyst.trees.TreeNode.transformDownWithPruning(TreeNode.scala:589)
[2025-04-25T11:29:04.745+0000] {subprocess.py:93} INFO - 	at org.apache.spark.sql.catalyst.plans.logical.LogicalPlan.org$apache$spark$sql$catalyst$plans$logical$AnalysisHelper$$super$transformDownWithPruning(LogicalPlan.scala:30)
[2025-04-25T11:29:04.746+0000] {subprocess.py:93} INFO - 	at org.apache.spark.sql.catalyst.plans.logical.AnalysisHelper.transformDownWithPruning(AnalysisHelper.scala:267)
[2025-04-25T11:29:04.747+0000] {subprocess.py:93} INFO - 	at org.apache.spark.sql.catalyst.plans.logical.AnalysisHelper.transformDownWithPruning$(AnalysisHelper.scala:263)
[2025-04-25T11:29:04.747+0000] {subprocess.py:93} INFO - 	at org.apache.spark.sql.catalyst.plans.logical.LogicalPlan.transformDownWithPruning(LogicalPlan.scala:30)
[2025-04-25T11:29:04.748+0000] {subprocess.py:93} INFO - 	at org.apache.spark.sql.catalyst.plans.logical.LogicalPlan.transformDownWithPruning(LogicalPlan.scala:30)
[2025-04-25T11:29:04.748+0000] {subprocess.py:93} INFO - 	at org.apache.spark.sql.catalyst.trees.TreeNode.$anonfun$transformDownWithPruning$3(TreeNode.scala:589)
[2025-04-25T11:29:04.749+0000] {subprocess.py:93} INFO - 	at org.apache.spark.sql.catalyst.trees.UnaryLike.mapChildren(TreeNode.scala:1228)
[2025-04-25T11:29:04.750+0000] {subprocess.py:93} INFO - 	at org.apache.spark.sql.catalyst.trees.UnaryLike.mapChildren$(TreeNode.scala:1227)
[2025-04-25T11:29:04.750+0000] {subprocess.py:93} INFO - 	at org.apache.spark.sql.catalyst.plans.logical.OrderPreservingUnaryNode.mapChildren(LogicalPlan.scala:208)
[2025-04-25T11:29:04.751+0000] {subprocess.py:93} INFO - 	at org.apache.spark.sql.catalyst.trees.TreeNode.transformDownWithPruning(TreeNode.scala:589)
[2025-04-25T11:29:04.751+0000] {subprocess.py:93} INFO - 	at org.apache.spark.sql.catalyst.plans.logical.LogicalPlan.org$apache$spark$sql$catalyst$plans$logical$AnalysisHelper$$super$transformDownWithPruning(LogicalPlan.scala:30)
[2025-04-25T11:29:04.752+0000] {subprocess.py:93} INFO - 	at org.apache.spark.sql.catalyst.plans.logical.AnalysisHelper.transformDownWithPruning(AnalysisHelper.scala:267)
[2025-04-25T11:29:04.752+0000] {subprocess.py:93} INFO - 	at org.apache.spark.sql.catalyst.plans.logical.AnalysisHelper.transformDownWithPruning$(AnalysisHelper.scala:263)
[2025-04-25T11:29:04.753+0000] {subprocess.py:93} INFO - 	at org.apache.spark.sql.catalyst.plans.logical.LogicalPlan.transformDownWithPruning(LogicalPlan.scala:30)
[2025-04-25T11:29:04.753+0000] {subprocess.py:93} INFO - 	at org.apache.spark.sql.catalyst.plans.logical.LogicalPlan.transformDownWithPruning(LogicalPlan.scala:30)
[2025-04-25T11:29:04.753+0000] {subprocess.py:93} INFO - 	at org.apache.spark.sql.catalyst.trees.TreeNode.$anonfun$transformDownWithPruning$3(TreeNode.scala:589)
[2025-04-25T11:29:04.754+0000] {subprocess.py:93} INFO - 	at org.apache.spark.sql.catalyst.trees.UnaryLike.mapChildren(TreeNode.scala:1228)
[2025-04-25T11:29:04.755+0000] {subprocess.py:93} INFO - 	at org.apache.spark.sql.catalyst.trees.UnaryLike.mapChildren$(TreeNode.scala:1227)
[2025-04-25T11:29:04.755+0000] {subprocess.py:93} INFO - 	at org.apache.spark.sql.catalyst.plans.logical.EventTimeWatermark.mapChildren(EventTimeWatermark.scala:40)
[2025-04-25T11:29:04.755+0000] {subprocess.py:93} INFO - 	at org.apache.spark.sql.catalyst.trees.TreeNode.transformDownWithPruning(TreeNode.scala:589)
[2025-04-25T11:29:04.756+0000] {subprocess.py:93} INFO - 	at org.apache.spark.sql.catalyst.plans.logical.LogicalPlan.org$apache$spark$sql$catalyst$plans$logical$AnalysisHelper$$super$transformDownWithPruning(LogicalPlan.scala:30)
[2025-04-25T11:29:04.756+0000] {subprocess.py:93} INFO - 	at org.apache.spark.sql.catalyst.plans.logical.AnalysisHelper.transformDownWithPruning(AnalysisHelper.scala:267)
[2025-04-25T11:29:04.756+0000] {subprocess.py:93} INFO - 	at org.apache.spark.sql.catalyst.plans.logical.AnalysisHelper.transformDownWithPruning$(AnalysisHelper.scala:263)
[2025-04-25T11:29:04.757+0000] {subprocess.py:93} INFO - 	at org.apache.spark.sql.catalyst.plans.logical.LogicalPlan.transformDownWithPruning(LogicalPlan.scala:30)
[2025-04-25T11:29:04.757+0000] {subprocess.py:93} INFO - 	at org.apache.spark.sql.catalyst.plans.logical.LogicalPlan.transformDownWithPruning(LogicalPlan.scala:30)
[2025-04-25T11:29:04.758+0000] {subprocess.py:93} INFO - 	at org.apache.spark.sql.catalyst.trees.TreeNode.$anonfun$transformDownWithPruning$3(TreeNode.scala:589)
[2025-04-25T11:29:04.758+0000] {subprocess.py:93} INFO - 	at org.apache.spark.sql.catalyst.trees.UnaryLike.mapChildren(TreeNode.scala:1228)
[2025-04-25T11:29:04.759+0000] {subprocess.py:93} INFO - 	at org.apache.spark.sql.catalyst.trees.UnaryLike.mapChildren$(TreeNode.scala:1227)
[2025-04-25T11:29:04.759+0000] {subprocess.py:93} INFO - 	at org.apache.spark.sql.catalyst.plans.logical.Expand.mapChildren(basicLogicalOperators.scala:1159)
[2025-04-25T11:29:04.759+0000] {subprocess.py:93} INFO - 	at org.apache.spark.sql.catalyst.trees.TreeNode.transformDownWithPruning(TreeNode.scala:589)
[2025-04-25T11:29:04.760+0000] {subprocess.py:93} INFO - 	at org.apache.spark.sql.catalyst.plans.logical.LogicalPlan.org$apache$spark$sql$catalyst$plans$logical$AnalysisHelper$$super$transformDownWithPruning(LogicalPlan.scala:30)
[2025-04-25T11:29:04.760+0000] {subprocess.py:93} INFO - 	at org.apache.spark.sql.catalyst.plans.logical.AnalysisHelper.transformDownWithPruning(AnalysisHelper.scala:267)
[2025-04-25T11:29:04.761+0000] {subprocess.py:93} INFO - 	at org.apache.spark.sql.catalyst.plans.logical.AnalysisHelper.transformDownWithPruning$(AnalysisHelper.scala:263)
[2025-04-25T11:29:04.761+0000] {subprocess.py:93} INFO - 	at org.apache.spark.sql.catalyst.plans.logical.LogicalPlan.transformDownWithPruning(LogicalPlan.scala:30)
[2025-04-25T11:29:04.761+0000] {subprocess.py:93} INFO - 	at org.apache.spark.sql.catalyst.plans.logical.LogicalPlan.transformDownWithPruning(LogicalPlan.scala:30)
[2025-04-25T11:29:04.762+0000] {subprocess.py:93} INFO - 	at org.apache.spark.sql.catalyst.trees.TreeNode.$anonfun$transformDownWithPruning$3(TreeNode.scala:589)
[2025-04-25T11:29:04.762+0000] {subprocess.py:93} INFO - 	at org.apache.spark.sql.catalyst.trees.UnaryLike.mapChildren(TreeNode.scala:1228)
[2025-04-25T11:29:04.763+0000] {subprocess.py:93} INFO - 	at org.apache.spark.sql.catalyst.trees.UnaryLike.mapChildren$(TreeNode.scala:1227)
[2025-04-25T11:29:04.763+0000] {subprocess.py:93} INFO - 	at org.apache.spark.sql.catalyst.plans.logical.OrderPreservingUnaryNode.mapChildren(LogicalPlan.scala:208)
[2025-04-25T11:29:04.764+0000] {subprocess.py:93} INFO - 	at org.apache.spark.sql.catalyst.trees.TreeNode.transformDownWithPruning(TreeNode.scala:589)
[2025-04-25T11:29:04.764+0000] {subprocess.py:93} INFO - 	at org.apache.spark.sql.catalyst.plans.logical.LogicalPlan.org$apache$spark$sql$catalyst$plans$logical$AnalysisHelper$$super$transformDownWithPruning(LogicalPlan.scala:30)
[2025-04-25T11:29:04.764+0000] {subprocess.py:93} INFO - 	at org.apache.spark.sql.catalyst.plans.logical.AnalysisHelper.transformDownWithPruning(AnalysisHelper.scala:267)
[2025-04-25T11:29:04.765+0000] {subprocess.py:93} INFO - 	at org.apache.spark.sql.catalyst.plans.logical.AnalysisHelper.transformDownWithPruning$(AnalysisHelper.scala:263)
[2025-04-25T11:29:04.765+0000] {subprocess.py:93} INFO - 	at org.apache.spark.sql.catalyst.plans.logical.LogicalPlan.transformDownWithPruning(LogicalPlan.scala:30)
[2025-04-25T11:29:04.766+0000] {subprocess.py:93} INFO - 	at org.apache.spark.sql.catalyst.plans.logical.LogicalPlan.transformDownWithPruning(LogicalPlan.scala:30)
[2025-04-25T11:29:04.766+0000] {subprocess.py:93} INFO - 	at org.apache.spark.sql.catalyst.trees.TreeNode.$anonfun$transformDownWithPruning$3(TreeNode.scala:589)
[2025-04-25T11:29:04.767+0000] {subprocess.py:93} INFO - 	at org.apache.spark.sql.catalyst.trees.UnaryLike.mapChildren(TreeNode.scala:1228)
[2025-04-25T11:29:04.767+0000] {subprocess.py:93} INFO - 	at org.apache.spark.sql.catalyst.trees.UnaryLike.mapChildren$(TreeNode.scala:1227)
[2025-04-25T11:29:04.767+0000] {subprocess.py:93} INFO - 	at org.apache.spark.sql.catalyst.plans.logical.Aggregate.mapChildren(basicLogicalOperators.scala:977)
[2025-04-25T11:29:04.768+0000] {subprocess.py:93} INFO - 	at org.apache.spark.sql.catalyst.trees.TreeNode.transformDownWithPruning(TreeNode.scala:589)
[2025-04-25T11:29:04.768+0000] {subprocess.py:93} INFO - 	at org.apache.spark.sql.catalyst.plans.logical.LogicalPlan.org$apache$spark$sql$catalyst$plans$logical$AnalysisHelper$$super$transformDownWithPruning(LogicalPlan.scala:30)
[2025-04-25T11:29:04.769+0000] {subprocess.py:93} INFO - 	at org.apache.spark.sql.catalyst.plans.logical.AnalysisHelper.transformDownWithPruning(AnalysisHelper.scala:267)
[2025-04-25T11:29:04.769+0000] {subprocess.py:93} INFO - 	at org.apache.spark.sql.catalyst.plans.logical.AnalysisHelper.transformDownWithPruning$(AnalysisHelper.scala:263)
[2025-04-25T11:29:04.770+0000] {subprocess.py:93} INFO - 	at org.apache.spark.sql.catalyst.plans.logical.LogicalPlan.transformDownWithPruning(LogicalPlan.scala:30)
[2025-04-25T11:29:04.770+0000] {subprocess.py:93} INFO - 	at org.apache.spark.sql.catalyst.plans.logical.LogicalPlan.transformDownWithPruning(LogicalPlan.scala:30)
[2025-04-25T11:29:04.771+0000] {subprocess.py:93} INFO - 	at org.apache.spark.sql.catalyst.trees.TreeNode.$anonfun$transformDownWithPruning$3(TreeNode.scala:589)
[2025-04-25T11:29:04.771+0000] {subprocess.py:93} INFO - 	at org.apache.spark.sql.catalyst.trees.UnaryLike.mapChildren(TreeNode.scala:1228)
[2025-04-25T11:29:04.772+0000] {subprocess.py:93} INFO - 	at org.apache.spark.sql.catalyst.trees.UnaryLike.mapChildren$(TreeNode.scala:1227)
[2025-04-25T11:29:04.772+0000] {subprocess.py:93} INFO - 	at org.apache.spark.sql.catalyst.plans.logical.OrderPreservingUnaryNode.mapChildren(LogicalPlan.scala:208)
[2025-04-25T11:29:04.773+0000] {subprocess.py:93} INFO - 	at org.apache.spark.sql.catalyst.trees.TreeNode.transformDownWithPruning(TreeNode.scala:589)
[2025-04-25T11:29:04.773+0000] {subprocess.py:93} INFO - 	at org.apache.spark.sql.catalyst.plans.logical.LogicalPlan.org$apache$spark$sql$catalyst$plans$logical$AnalysisHelper$$super$transformDownWithPruning(LogicalPlan.scala:30)
[2025-04-25T11:29:04.774+0000] {subprocess.py:93} INFO - 	at org.apache.spark.sql.catalyst.plans.logical.AnalysisHelper.transformDownWithPruning(AnalysisHelper.scala:267)
[2025-04-25T11:29:04.774+0000] {subprocess.py:93} INFO - 	at org.apache.spark.sql.catalyst.plans.logical.AnalysisHelper.transformDownWithPruning$(AnalysisHelper.scala:263)
[2025-04-25T11:29:04.774+0000] {subprocess.py:93} INFO - 	at org.apache.spark.sql.catalyst.plans.logical.LogicalPlan.transformDownWithPruning(LogicalPlan.scala:30)
[2025-04-25T11:29:04.775+0000] {subprocess.py:93} INFO - 	at org.apache.spark.sql.catalyst.plans.logical.LogicalPlan.transformDownWithPruning(LogicalPlan.scala:30)
[2025-04-25T11:29:04.775+0000] {subprocess.py:93} INFO - 	at org.apache.spark.sql.catalyst.trees.TreeNode.$anonfun$transformDownWithPruning$3(TreeNode.scala:589)
[2025-04-25T11:29:04.776+0000] {subprocess.py:93} INFO - 	at org.apache.spark.sql.catalyst.trees.UnaryLike.mapChildren(TreeNode.scala:1228)
[2025-04-25T11:29:04.776+0000] {subprocess.py:93} INFO - 	at org.apache.spark.sql.catalyst.trees.UnaryLike.mapChildren$(TreeNode.scala:1227)
[2025-04-25T11:29:04.776+0000] {subprocess.py:93} INFO - 	at org.apache.spark.sql.catalyst.plans.logical.OrderPreservingUnaryNode.mapChildren(LogicalPlan.scala:208)
[2025-04-25T11:29:04.776+0000] {subprocess.py:93} INFO - 	at org.apache.spark.sql.catalyst.trees.TreeNode.transformDownWithPruning(TreeNode.scala:589)
[2025-04-25T11:29:04.777+0000] {subprocess.py:93} INFO - 	at org.apache.spark.sql.catalyst.plans.logical.LogicalPlan.org$apache$spark$sql$catalyst$plans$logical$AnalysisHelper$$super$transformDownWithPruning(LogicalPlan.scala:30)
[2025-04-25T11:29:04.777+0000] {subprocess.py:93} INFO - 	at org.apache.spark.sql.catalyst.plans.logical.AnalysisHelper.transformDownWithPruning(AnalysisHelper.scala:267)
[2025-04-25T11:29:04.778+0000] {subprocess.py:93} INFO - 	at org.apache.spark.sql.catalyst.plans.logical.AnalysisHelper.transformDownWithPruning$(AnalysisHelper.scala:263)
[2025-04-25T11:29:04.778+0000] {subprocess.py:93} INFO - 	at org.apache.spark.sql.catalyst.plans.logical.LogicalPlan.transformDownWithPruning(LogicalPlan.scala:30)
[2025-04-25T11:29:04.778+0000] {subprocess.py:93} INFO - 	at org.apache.spark.sql.catalyst.plans.logical.LogicalPlan.transformDownWithPruning(LogicalPlan.scala:30)
[2025-04-25T11:29:04.779+0000] {subprocess.py:93} INFO - 	at org.apache.spark.sql.catalyst.trees.TreeNode.transformDown(TreeNode.scala:560)
[2025-04-25T11:29:04.779+0000] {subprocess.py:93} INFO - 	at org.apache.spark.sql.catalyst.trees.TreeNode.transform(TreeNode.scala:528)
[2025-04-25T11:29:04.779+0000] {subprocess.py:93} INFO - 	at org.apache.spark.sql.execution.streaming.MicroBatchExecution.logicalPlan$lzycompute(MicroBatchExecution.scala:82)
[2025-04-25T11:29:04.780+0000] {subprocess.py:93} INFO - 	at org.apache.spark.sql.execution.streaming.MicroBatchExecution.logicalPlan(MicroBatchExecution.scala:62)
[2025-04-25T11:29:04.780+0000] {subprocess.py:93} INFO - 	at org.apache.spark.sql.execution.streaming.StreamExecution.$anonfun$runStream$1(StreamExecution.scala:299)
[2025-04-25T11:29:04.780+0000] {subprocess.py:93} INFO - 	at scala.runtime.java8.JFunction0$mcV$sp.apply(JFunction0$mcV$sp.java:23)
[2025-04-25T11:29:04.781+0000] {subprocess.py:93} INFO - 	at org.apache.spark.sql.SparkSession.withActive(SparkSession.scala:779)
[2025-04-25T11:29:04.781+0000] {subprocess.py:93} INFO - 	at org.apache.spark.sql.execution.streaming.StreamExecution.org$apache$spark$sql$execution$streaming$StreamExecution$$runStream(StreamExecution.scala:285)
[2025-04-25T11:29:04.782+0000] {subprocess.py:93} INFO - 	at org.apache.spark.sql.execution.streaming.StreamExecution$$anon$1.run(StreamExecution.scala:208)
[2025-04-25T11:29:04.782+0000] {subprocess.py:93} INFO - Caused by: java.lang.ClassNotFoundException: org.apache.spark.kafka010.KafkaConfigUpdater
[2025-04-25T11:29:04.782+0000] {subprocess.py:93} INFO - 	at java.base/jdk.internal.loader.BuiltinClassLoader.loadClass(BuiltinClassLoader.java:641)
[2025-04-25T11:29:04.783+0000] {subprocess.py:93} INFO - 	at java.base/jdk.internal.loader.ClassLoaders$AppClassLoader.loadClass(ClassLoaders.java:188)
[2025-04-25T11:29:04.783+0000] {subprocess.py:93} INFO - 	at java.base/java.lang.ClassLoader.loadClass(ClassLoader.java:525)
[2025-04-25T11:29:04.783+0000] {subprocess.py:93} INFO - 	... 173 more
[2025-04-25T11:29:04.797+0000] {subprocess.py:93} INFO - Traceback (most recent call last):
[2025-04-25T11:29:04.798+0000] {subprocess.py:93} INFO -   File "/opt/spark/app/processor.py", line 306, in <module>
[2025-04-25T11:29:04.801+0000] {subprocess.py:93} INFO -     main()
[2025-04-25T11:29:04.802+0000] {subprocess.py:93} INFO -   File "/opt/spark/app/processor.py", line 299, in main
[2025-04-25T11:29:04.805+0000] {subprocess.py:93} INFO -     streaming_query.awaitTermination()
[2025-04-25T11:29:04.806+0000] {subprocess.py:93} INFO -   File "/opt/spark/python/lib/pyspark.zip/pyspark/sql/streaming.py", line 107, in awaitTermination
[2025-04-25T11:29:04.806+0000] {subprocess.py:93} INFO -   File "/opt/spark/python/lib/py4j-0.10.9.5-src.zip/py4j/java_gateway.py", line 1321, in __call__
[2025-04-25T11:29:04.807+0000] {subprocess.py:93} INFO -   File "/opt/spark/python/lib/pyspark.zip/pyspark/sql/utils.py", line 196, in deco
[2025-04-25T11:29:04.813+0000] {subprocess.py:93} INFO - pyspark.sql.utils.StreamingQueryException: Query traffic_processing_pipeline [id = 5e03d62e-cf04-4af4-95a7-b2203ba8cf76, runId = b88c8b90-5015-46cc-b623-fadb63259562] terminated with exception: org/apache/spark/kafka010/KafkaConfigUpdater
[2025-04-25T11:29:04.951+0000] {subprocess.py:97} INFO - Command exited with return code 1
[2025-04-25T11:29:04.970+0000] {taskinstance.py:2698} ERROR - Task failed with exception
Traceback (most recent call last):
  File "/home/airflow/.local/lib/python3.10/site-packages/airflow/models/taskinstance.py", line 433, in _execute_task
    result = execute_callable(context=context, **execute_callable_kwargs)
  File "/home/airflow/.local/lib/python3.10/site-packages/airflow/operators/bash.py", line 212, in execute
    raise AirflowException(
airflow.exceptions.AirflowException: Bash command failed. The command returned a non-zero exit code 1.
[2025-04-25T11:29:04.973+0000] {taskinstance.py:1138} INFO - Marking task as FAILED. dag_id=traffic_data_pipeline, task_id=submit_traffic_processor_spark_job, execution_date=20250425T112855, start_date=20250425T112856, end_date=20250425T112904
[2025-04-25T11:29:04.990+0000] {standard_task_runner.py:107} ERROR - Failed to execute job 13 for task submit_traffic_processor_spark_job (Bash command failed. The command returned a non-zero exit code 1.; 1281)
[2025-04-25T11:29:05.025+0000] {local_task_job_runner.py:234} INFO - Task exited with return code 1
[2025-04-25T11:29:05.044+0000] {taskinstance.py:3280} INFO - 0 downstream tasks scheduled from follow-on schedule check
