[2025-04-25T11:29:43.646+0000] {taskinstance.py:1956} INFO - Dependencies all met for dep_context=non-requeueable deps ti=<TaskInstance: traffic_data_pipeline.submit_traffic_processor_spark_job manual__2025-04-25T11:29:42.216996+00:00 [queued]>
[2025-04-25T11:29:43.656+0000] {taskinstance.py:1956} INFO - Dependencies all met for dep_context=requeueable deps ti=<TaskInstance: traffic_data_pipeline.submit_traffic_processor_spark_job manual__2025-04-25T11:29:42.216996+00:00 [queued]>
[2025-04-25T11:29:43.657+0000] {taskinstance.py:2170} INFO - Starting attempt 1 of 1
[2025-04-25T11:29:43.673+0000] {taskinstance.py:2191} INFO - Executing <Task(BashOperator): submit_traffic_processor_spark_job> on 2025-04-25 11:29:42.216996+00:00
[2025-04-25T11:29:43.679+0000] {standard_task_runner.py:60} INFO - Started process 1477 to run task
[2025-04-25T11:29:43.683+0000] {standard_task_runner.py:87} INFO - Running: ['***', 'tasks', 'run', 'traffic_data_pipeline', 'submit_traffic_processor_spark_job', 'manual__2025-04-25T11:29:42.216996+00:00', '--job-id', '14', '--raw', '--subdir', 'DAGS_FOLDER/traffic_pipeline_dag.py', '--cfg-path', '/tmp/tmp08kb983g']
[2025-04-25T11:29:43.685+0000] {standard_task_runner.py:88} INFO - Job 14: Subtask submit_traffic_processor_spark_job
[2025-04-25T11:29:43.761+0000] {task_command.py:423} INFO - Running <TaskInstance: traffic_data_pipeline.submit_traffic_processor_spark_job manual__2025-04-25T11:29:42.216996+00:00 [running]> on host 4d1d6bdd19a4
[2025-04-25T11:29:44.205+0000] {taskinstance.py:2480} INFO - Exporting env vars: AIRFLOW_CTX_DAG_OWNER='***' AIRFLOW_CTX_DAG_ID='traffic_data_pipeline' AIRFLOW_CTX_TASK_ID='submit_traffic_processor_spark_job' AIRFLOW_CTX_EXECUTION_DATE='2025-04-25T11:29:42.216996+00:00' AIRFLOW_CTX_TRY_NUMBER='1' AIRFLOW_CTX_DAG_RUN_ID='manual__2025-04-25T11:29:42.216996+00:00'
[2025-04-25T11:29:44.207+0000] {subprocess.py:63} INFO - Tmp dir root location: /tmp
[2025-04-25T11:29:44.210+0000] {subprocess.py:75} INFO - Running command: ['/usr/bin/bash', '-c', '\n            export KAFKA_BROKERS_INTERNAL="kafk-1:9092,kafk-2:9092,kafk-3:9092" && \\\n            export KAFKA_TOPIC="raw_traffic_data" && \\\n            export SCHEMA_REGISTRY_URL="http://schema-registry:8081" && \\\n            export REDIS_HOST="redis" && \\\n            export CLICKHOUSE_HOST="clickhouse-server" && \\\n            export CLICKHOUSE_NATIVE_PORT="9000" && \\\n            export MINIO_ENDPOINT="http://minio:9000" && \\\n            export MINIO_ACCESS_KEY="minioadmin" && \\\n            export MINIO_SECRET_KEY="minioadmin" && \\\n            export MINIO_BUCKET="traffic-data" && \\\n            export CHECKPOINT_LOCATION="s3a://traffic-data/checkpoints_***" && \\\n            export PYSPARK_PYTHON=/usr/bin/python3 && \\\n            spark-submit \\\n            --master local[*] \\\n            --deploy-mode client \\\n            --conf spark.sql.streaming.schemaInference=true \\\n            --conf spark.hadoop.fs.s3a.endpoint=http://minio:9000 \\\n            --conf spark.hadoop.fs.s3a.access.key=minioadmin \\\n            --conf spark.hadoop.fs.s3a.secret.key=minioadmin \\\n            --conf spark.hadoop.fs.s3a.path.style.access=true \\\n            --conf spark.hadoop.fs.s3a.impl=org.apache.hadoop.fs.s3a.S3AFileSystem \\\n            --conf spark.sql.avro.schemaRegistryUrl=http://schema-registry:8081 \\\n            /opt/spark/app/processor.py\n            ']
[2025-04-25T11:29:44.220+0000] {subprocess.py:86} INFO - Output:
[2025-04-25T11:29:44.228+0000] {subprocess.py:93} INFO - /opt/spark/bin/load-spark-env.sh: line 68: ps: command not found
[2025-04-25T11:29:46.531+0000] {subprocess.py:93} INFO - --- Starting Spark Streaming Traffic Processor ---
[2025-04-25T11:29:46.532+0000] {subprocess.py:93} INFO - Reading from Kafka: kafk-1:9092,kafk-2:9092,kafk-3:9092 / Topic: raw_traffic_data
[2025-04-25T11:29:46.533+0000] {subprocess.py:93} INFO - Schema Registry URL: http://schema-registry:8081
[2025-04-25T11:29:46.534+0000] {subprocess.py:93} INFO - Writing state to Redis: redis:6379
[2025-04-25T11:29:46.535+0000] {subprocess.py:93} INFO - Writing history to ClickHouse: clickhouse-server:9000 (DB: traffic_db)
[2025-04-25T11:29:46.536+0000] {subprocess.py:93} INFO - Writing Parquet to MinIO Bucket: traffic-data
[2025-04-25T11:29:46.536+0000] {subprocess.py:93} INFO - Checkpoint Location Base: s3a://traffic-data/checkpoints_***
[2025-04-25T11:29:46.605+0000] {subprocess.py:93} INFO - 25/04/25 11:29:46 INFO SparkContext: Running Spark version 3.3.4
[2025-04-25T11:29:46.664+0000] {subprocess.py:93} INFO - 25/04/25 11:29:46 WARN NativeCodeLoader: Unable to load native-hadoop library for your platform... using builtin-java classes where applicable
[2025-04-25T11:29:46.743+0000] {subprocess.py:93} INFO - 25/04/25 11:29:46 INFO ResourceUtils: ==============================================================
[2025-04-25T11:29:46.744+0000] {subprocess.py:93} INFO - 25/04/25 11:29:46 INFO ResourceUtils: No custom resources configured for spark.driver.
[2025-04-25T11:29:46.745+0000] {subprocess.py:93} INFO - 25/04/25 11:29:46 INFO ResourceUtils: ==============================================================
[2025-04-25T11:29:46.746+0000] {subprocess.py:93} INFO - 25/04/25 11:29:46 INFO SparkContext: Submitted application: TrafficProcessor
[2025-04-25T11:29:46.767+0000] {subprocess.py:93} INFO - 25/04/25 11:29:46 INFO ResourceProfile: Default ResourceProfile created, executor resources: Map(cores -> name: cores, amount: 1, script: , vendor: , memory -> name: memory, amount: 1024, script: , vendor: , offHeap -> name: offHeap, amount: 0, script: , vendor: ), task resources: Map(cpus -> name: cpus, amount: 1.0)
[2025-04-25T11:29:46.775+0000] {subprocess.py:93} INFO - 25/04/25 11:29:46 INFO ResourceProfile: Limiting resource is cpu
[2025-04-25T11:29:46.776+0000] {subprocess.py:93} INFO - 25/04/25 11:29:46 INFO ResourceProfileManager: Added ResourceProfile id: 0
[2025-04-25T11:29:46.813+0000] {subprocess.py:93} INFO - 25/04/25 11:29:46 INFO SecurityManager: Changing view acls to: ***
[2025-04-25T11:29:46.814+0000] {subprocess.py:93} INFO - 25/04/25 11:29:46 INFO SecurityManager: Changing modify acls to: ***
[2025-04-25T11:29:46.815+0000] {subprocess.py:93} INFO - 25/04/25 11:29:46 INFO SecurityManager: Changing view acls groups to:
[2025-04-25T11:29:46.816+0000] {subprocess.py:93} INFO - 25/04/25 11:29:46 INFO SecurityManager: Changing modify acls groups to:
[2025-04-25T11:29:46.817+0000] {subprocess.py:93} INFO - 25/04/25 11:29:46 INFO SecurityManager: SecurityManager: authentication disabled; ui acls disabled; users  with view permissions: Set(***); groups with view permissions: Set(); users  with modify permissions: Set(***); groups with modify permissions: Set()
[2025-04-25T11:29:47.015+0000] {subprocess.py:93} INFO - 25/04/25 11:29:47 INFO Utils: Successfully started service 'sparkDriver' on port 34761.
[2025-04-25T11:29:47.038+0000] {subprocess.py:93} INFO - 25/04/25 11:29:47 INFO SparkEnv: Registering MapOutputTracker
[2025-04-25T11:29:47.068+0000] {subprocess.py:93} INFO - 25/04/25 11:29:47 INFO SparkEnv: Registering BlockManagerMaster
[2025-04-25T11:29:47.082+0000] {subprocess.py:93} INFO - 25/04/25 11:29:47 INFO BlockManagerMasterEndpoint: Using org.apache.spark.storage.DefaultTopologyMapper for getting topology information
[2025-04-25T11:29:47.083+0000] {subprocess.py:93} INFO - 25/04/25 11:29:47 INFO BlockManagerMasterEndpoint: BlockManagerMasterEndpoint up
[2025-04-25T11:29:47.088+0000] {subprocess.py:93} INFO - 25/04/25 11:29:47 INFO SparkEnv: Registering BlockManagerMasterHeartbeat
[2025-04-25T11:29:47.104+0000] {subprocess.py:93} INFO - 25/04/25 11:29:47 INFO DiskBlockManager: Created local directory at /tmp/blockmgr-31864511-748f-4c57-a429-ddc82aaf2059
[2025-04-25T11:29:47.122+0000] {subprocess.py:93} INFO - 25/04/25 11:29:47 INFO MemoryStore: MemoryStore started with capacity 434.4 MiB
[2025-04-25T11:29:47.136+0000] {subprocess.py:93} INFO - 25/04/25 11:29:47 INFO SparkEnv: Registering OutputCommitCoordinator
[2025-04-25T11:29:47.299+0000] {subprocess.py:93} INFO - 25/04/25 11:29:47 INFO Utils: Successfully started service 'SparkUI' on port 4040.
[2025-04-25T11:29:47.387+0000] {subprocess.py:93} INFO - 25/04/25 11:29:47 INFO Executor: Starting executor ID driver on host 4d1d6bdd19a4
[2025-04-25T11:29:47.392+0000] {subprocess.py:93} INFO - 25/04/25 11:29:47 INFO Executor: Starting executor with user classpath (userClassPathFirst = false): ''
[2025-04-25T11:29:47.408+0000] {subprocess.py:93} INFO - 25/04/25 11:29:47 INFO Utils: Successfully started service 'org.apache.spark.network.netty.NettyBlockTransferService' on port 35787.
[2025-04-25T11:29:47.409+0000] {subprocess.py:93} INFO - 25/04/25 11:29:47 INFO NettyBlockTransferService: Server created on 4d1d6bdd19a4:35787
[2025-04-25T11:29:47.409+0000] {subprocess.py:93} INFO - 25/04/25 11:29:47 INFO BlockManager: Using org.apache.spark.storage.RandomBlockReplicationPolicy for block replication policy
[2025-04-25T11:29:47.414+0000] {subprocess.py:93} INFO - 25/04/25 11:29:47 INFO BlockManagerMaster: Registering BlockManager BlockManagerId(driver, 4d1d6bdd19a4, 35787, None)
[2025-04-25T11:29:47.417+0000] {subprocess.py:93} INFO - 25/04/25 11:29:47 INFO BlockManagerMasterEndpoint: Registering block manager 4d1d6bdd19a4:35787 with 434.4 MiB RAM, BlockManagerId(driver, 4d1d6bdd19a4, 35787, None)
[2025-04-25T11:29:47.418+0000] {subprocess.py:93} INFO - 25/04/25 11:29:47 INFO BlockManagerMaster: Registered BlockManager BlockManagerId(driver, 4d1d6bdd19a4, 35787, None)
[2025-04-25T11:29:47.419+0000] {subprocess.py:93} INFO - 25/04/25 11:29:47 INFO BlockManager: Initialized BlockManager: BlockManagerId(driver, 4d1d6bdd19a4, 35787, None)
[2025-04-25T11:29:47.713+0000] {subprocess.py:93} INFO - Spark Session created. Version: 3.3.4
[2025-04-25T11:29:47.714+0000] {subprocess.py:93} INFO - Broadcasting segments data...
[2025-04-25T11:29:47.823+0000] {subprocess.py:93} INFO - Segments data broadcasted.
[2025-04-25T11:29:50.032+0000] {subprocess.py:93} INFO - Reading Avro schema from file: /opt/spark/schemas/raw_traffic_event.avsc
[2025-04-25T11:29:50.035+0000] {subprocess.py:93} INFO - Successfully read Avro schema string.
[2025-04-25T11:29:50.036+0000] {subprocess.py:93} INFO - Deserializing Kafka messages using schema string from file...
[2025-04-25T11:29:50.157+0000] {subprocess.py:93} INFO - 25/04/25 11:29:50 WARN Schema: Ignored the com.traffic.events.RawTrafficEvent.timestamp.logicalType property ("iso8601-timestamp-millis"). It should probably be nested inside the "type" for the field.
[2025-04-25T11:29:50.617+0000] {subprocess.py:93} INFO - Using checkpoint location: s3a://traffic-data/checkpoints_***/traffic_processing_pipeline
[2025-04-25T11:29:50.812+0000] {subprocess.py:93} INFO - 25/04/25 11:29:50 WARN MetricsConfig: Cannot locate configuration: tried hadoop-metrics2-s3a-file-system.properties,hadoop-metrics2.properties
[2025-04-25T11:29:51.454+0000] {subprocess.py:93} INFO - 25/04/25 11:29:51 WARN ResolveWriteToStream: spark.sql.adaptive.enabled is not supported in streaming DataFrames/Datasets and will be disabled.
[2025-04-25T11:29:51.666+0000] {subprocess.py:93} INFO - Streaming query 'traffic_processing_pipeline' started.
[2025-04-25T11:29:51.678+0000] {subprocess.py:93} INFO - 25/04/25 11:29:51 ERROR MicroBatchExecution: Query traffic_processing_pipeline [id = 5e03d62e-cf04-4af4-95a7-b2203ba8cf76, runId = c014069b-25f8-4a0b-8882-9b564fd76f15] terminated with error
[2025-04-25T11:29:51.679+0000] {subprocess.py:93} INFO - java.lang.NoClassDefFoundError: org/apache/spark/kafka010/KafkaConfigUpdater
[2025-04-25T11:29:51.680+0000] {subprocess.py:93} INFO - 	at org.apache.spark.sql.kafka010.KafkaSourceProvider$.kafkaParamsForDriver(KafkaSourceProvider.scala:645)
[2025-04-25T11:29:51.680+0000] {subprocess.py:93} INFO - 	at org.apache.spark.sql.kafka010.KafkaSourceProvider$KafkaScan.toMicroBatchStream(KafkaSourceProvider.scala:482)
[2025-04-25T11:29:51.681+0000] {subprocess.py:93} INFO - 	at org.apache.spark.sql.execution.streaming.MicroBatchExecution$$anonfun$1.$anonfun$applyOrElse$4(MicroBatchExecution.scala:104)
[2025-04-25T11:29:51.682+0000] {subprocess.py:93} INFO - 	at scala.collection.mutable.HashMap.getOrElseUpdate(HashMap.scala:86)
[2025-04-25T11:29:51.683+0000] {subprocess.py:93} INFO - 	at org.apache.spark.sql.execution.streaming.MicroBatchExecution$$anonfun$1.applyOrElse(MicroBatchExecution.scala:97)
[2025-04-25T11:29:51.684+0000] {subprocess.py:93} INFO - 	at org.apache.spark.sql.execution.streaming.MicroBatchExecution$$anonfun$1.applyOrElse(MicroBatchExecution.scala:82)
[2025-04-25T11:29:51.684+0000] {subprocess.py:93} INFO - 	at org.apache.spark.sql.catalyst.trees.TreeNode.$anonfun$transformDownWithPruning$1(TreeNode.scala:584)
[2025-04-25T11:29:51.685+0000] {subprocess.py:93} INFO - 	at org.apache.spark.sql.catalyst.trees.CurrentOrigin$.withOrigin(TreeNode.scala:176)
[2025-04-25T11:29:51.685+0000] {subprocess.py:93} INFO - 	at org.apache.spark.sql.catalyst.trees.TreeNode.transformDownWithPruning(TreeNode.scala:584)
[2025-04-25T11:29:51.686+0000] {subprocess.py:93} INFO - 	at org.apache.spark.sql.catalyst.plans.logical.LogicalPlan.org$apache$spark$sql$catalyst$plans$logical$AnalysisHelper$$super$transformDownWithPruning(LogicalPlan.scala:30)
[2025-04-25T11:29:51.687+0000] {subprocess.py:93} INFO - 	at org.apache.spark.sql.catalyst.plans.logical.AnalysisHelper.transformDownWithPruning(AnalysisHelper.scala:267)
[2025-04-25T11:29:51.688+0000] {subprocess.py:93} INFO - 	at org.apache.spark.sql.catalyst.plans.logical.AnalysisHelper.transformDownWithPruning$(AnalysisHelper.scala:263)
[2025-04-25T11:29:51.688+0000] {subprocess.py:93} INFO - 	at org.apache.spark.sql.catalyst.plans.logical.LogicalPlan.transformDownWithPruning(LogicalPlan.scala:30)
[2025-04-25T11:29:51.689+0000] {subprocess.py:93} INFO - 	at org.apache.spark.sql.catalyst.plans.logical.LogicalPlan.transformDownWithPruning(LogicalPlan.scala:30)
[2025-04-25T11:29:51.690+0000] {subprocess.py:93} INFO - 	at org.apache.spark.sql.catalyst.trees.TreeNode.$anonfun$transformDownWithPruning$3(TreeNode.scala:589)
[2025-04-25T11:29:51.691+0000] {subprocess.py:93} INFO - 	at org.apache.spark.sql.catalyst.trees.UnaryLike.mapChildren(TreeNode.scala:1228)
[2025-04-25T11:29:51.691+0000] {subprocess.py:93} INFO - 	at org.apache.spark.sql.catalyst.trees.UnaryLike.mapChildren$(TreeNode.scala:1227)
[2025-04-25T11:29:51.692+0000] {subprocess.py:93} INFO - 	at org.apache.spark.sql.catalyst.plans.logical.OrderPreservingUnaryNode.mapChildren(LogicalPlan.scala:208)
[2025-04-25T11:29:51.693+0000] {subprocess.py:93} INFO - 	at org.apache.spark.sql.catalyst.trees.TreeNode.transformDownWithPruning(TreeNode.scala:589)
[2025-04-25T11:29:51.693+0000] {subprocess.py:93} INFO - 	at org.apache.spark.sql.catalyst.plans.logical.LogicalPlan.org$apache$spark$sql$catalyst$plans$logical$AnalysisHelper$$super$transformDownWithPruning(LogicalPlan.scala:30)
[2025-04-25T11:29:51.694+0000] {subprocess.py:93} INFO - 	at org.apache.spark.sql.catalyst.plans.logical.AnalysisHelper.transformDownWithPruning(AnalysisHelper.scala:267)
[2025-04-25T11:29:51.694+0000] {subprocess.py:93} INFO - 	at org.apache.spark.sql.catalyst.plans.logical.AnalysisHelper.transformDownWithPruning$(AnalysisHelper.scala:263)
[2025-04-25T11:29:51.695+0000] {subprocess.py:93} INFO - 	at org.apache.spark.sql.catalyst.plans.logical.LogicalPlan.transformDownWithPruning(LogicalPlan.scala:30)
[2025-04-25T11:29:51.695+0000] {subprocess.py:93} INFO - 	at org.apache.spark.sql.catalyst.plans.logical.LogicalPlan.transformDownWithPruning(LogicalPlan.scala:30)
[2025-04-25T11:29:51.696+0000] {subprocess.py:93} INFO - 	at org.apache.spark.sql.catalyst.trees.TreeNode.$anonfun$transformDownWithPruning$3(TreeNode.scala:589)
[2025-04-25T11:29:51.696+0000] {subprocess.py:93} INFO - 	at org.apache.spark.sql.catalyst.trees.UnaryLike.mapChildren(TreeNode.scala:1228)
[2025-04-25T11:29:51.697+0000] {subprocess.py:93} INFO - 	at org.apache.spark.sql.catalyst.trees.UnaryLike.mapChildren$(TreeNode.scala:1227)
[2025-04-25T11:29:51.697+0000] {subprocess.py:93} INFO - 	at org.apache.spark.sql.catalyst.plans.logical.OrderPreservingUnaryNode.mapChildren(LogicalPlan.scala:208)
[2025-04-25T11:29:51.698+0000] {subprocess.py:93} INFO - 	at org.apache.spark.sql.catalyst.trees.TreeNode.transformDownWithPruning(TreeNode.scala:589)
[2025-04-25T11:29:51.698+0000] {subprocess.py:93} INFO - 	at org.apache.spark.sql.catalyst.plans.logical.LogicalPlan.org$apache$spark$sql$catalyst$plans$logical$AnalysisHelper$$super$transformDownWithPruning(LogicalPlan.scala:30)
[2025-04-25T11:29:51.699+0000] {subprocess.py:93} INFO - 	at org.apache.spark.sql.catalyst.plans.logical.AnalysisHelper.transformDownWithPruning(AnalysisHelper.scala:267)
[2025-04-25T11:29:51.700+0000] {subprocess.py:93} INFO - 	at org.apache.spark.sql.catalyst.plans.logical.AnalysisHelper.transformDownWithPruning$(AnalysisHelper.scala:263)
[2025-04-25T11:29:51.700+0000] {subprocess.py:93} INFO - 	at org.apache.spark.sql.catalyst.plans.logical.LogicalPlan.transformDownWithPruning(LogicalPlan.scala:30)
[2025-04-25T11:29:51.701+0000] {subprocess.py:93} INFO - 	at org.apache.spark.sql.catalyst.plans.logical.LogicalPlan.transformDownWithPruning(LogicalPlan.scala:30)
[2025-04-25T11:29:51.701+0000] {subprocess.py:93} INFO - 	at org.apache.spark.sql.catalyst.trees.TreeNode.$anonfun$transformDownWithPruning$3(TreeNode.scala:589)
[2025-04-25T11:29:51.702+0000] {subprocess.py:93} INFO - 	at org.apache.spark.sql.catalyst.trees.UnaryLike.mapChildren(TreeNode.scala:1228)
[2025-04-25T11:29:51.702+0000] {subprocess.py:93} INFO - 	at org.apache.spark.sql.catalyst.trees.UnaryLike.mapChildren$(TreeNode.scala:1227)
[2025-04-25T11:29:51.703+0000] {subprocess.py:93} INFO - 	at org.apache.spark.sql.catalyst.plans.logical.OrderPreservingUnaryNode.mapChildren(LogicalPlan.scala:208)
[2025-04-25T11:29:51.703+0000] {subprocess.py:93} INFO - 	at org.apache.spark.sql.catalyst.trees.TreeNode.transformDownWithPruning(TreeNode.scala:589)
[2025-04-25T11:29:51.703+0000] {subprocess.py:93} INFO - 	at org.apache.spark.sql.catalyst.plans.logical.LogicalPlan.org$apache$spark$sql$catalyst$plans$logical$AnalysisHelper$$super$transformDownWithPruning(LogicalPlan.scala:30)
[2025-04-25T11:29:51.704+0000] {subprocess.py:93} INFO - 	at org.apache.spark.sql.catalyst.plans.logical.AnalysisHelper.transformDownWithPruning(AnalysisHelper.scala:267)
[2025-04-25T11:29:51.704+0000] {subprocess.py:93} INFO - 	at org.apache.spark.sql.catalyst.plans.logical.AnalysisHelper.transformDownWithPruning$(AnalysisHelper.scala:263)
[2025-04-25T11:29:51.705+0000] {subprocess.py:93} INFO - 	at org.apache.spark.sql.catalyst.plans.logical.LogicalPlan.transformDownWithPruning(LogicalPlan.scala:30)
[2025-04-25T11:29:51.705+0000] {subprocess.py:93} INFO - 	at org.apache.spark.sql.catalyst.plans.logical.LogicalPlan.transformDownWithPruning(LogicalPlan.scala:30)
[2025-04-25T11:29:51.706+0000] {subprocess.py:93} INFO - 	at org.apache.spark.sql.catalyst.trees.TreeNode.$anonfun$transformDownWithPruning$3(TreeNode.scala:589)
[2025-04-25T11:29:51.706+0000] {subprocess.py:93} INFO - 	at org.apache.spark.sql.catalyst.trees.UnaryLike.mapChildren(TreeNode.scala:1228)
[2025-04-25T11:29:51.706+0000] {subprocess.py:93} INFO - 	at org.apache.spark.sql.catalyst.trees.UnaryLike.mapChildren$(TreeNode.scala:1227)
[2025-04-25T11:29:51.707+0000] {subprocess.py:93} INFO - 	at org.apache.spark.sql.catalyst.plans.logical.OrderPreservingUnaryNode.mapChildren(LogicalPlan.scala:208)
[2025-04-25T11:29:51.707+0000] {subprocess.py:93} INFO - 	at org.apache.spark.sql.catalyst.trees.TreeNode.transformDownWithPruning(TreeNode.scala:589)
[2025-04-25T11:29:51.707+0000] {subprocess.py:93} INFO - 	at org.apache.spark.sql.catalyst.plans.logical.LogicalPlan.org$apache$spark$sql$catalyst$plans$logical$AnalysisHelper$$super$transformDownWithPruning(LogicalPlan.scala:30)
[2025-04-25T11:29:51.708+0000] {subprocess.py:93} INFO - 	at org.apache.spark.sql.catalyst.plans.logical.AnalysisHelper.transformDownWithPruning(AnalysisHelper.scala:267)
[2025-04-25T11:29:51.708+0000] {subprocess.py:93} INFO - 	at org.apache.spark.sql.catalyst.plans.logical.AnalysisHelper.transformDownWithPruning$(AnalysisHelper.scala:263)
[2025-04-25T11:29:51.709+0000] {subprocess.py:93} INFO - 	at org.apache.spark.sql.catalyst.plans.logical.LogicalPlan.transformDownWithPruning(LogicalPlan.scala:30)
[2025-04-25T11:29:51.709+0000] {subprocess.py:93} INFO - 	at org.apache.spark.sql.catalyst.plans.logical.LogicalPlan.transformDownWithPruning(LogicalPlan.scala:30)
[2025-04-25T11:29:51.709+0000] {subprocess.py:93} INFO - 	at org.apache.spark.sql.catalyst.trees.TreeNode.$anonfun$transformDownWithPruning$3(TreeNode.scala:589)
[2025-04-25T11:29:51.710+0000] {subprocess.py:93} INFO - 	at org.apache.spark.sql.catalyst.trees.UnaryLike.mapChildren(TreeNode.scala:1228)
[2025-04-25T11:29:51.710+0000] {subprocess.py:93} INFO - 	at org.apache.spark.sql.catalyst.trees.UnaryLike.mapChildren$(TreeNode.scala:1227)
[2025-04-25T11:29:51.711+0000] {subprocess.py:93} INFO - 	at org.apache.spark.sql.catalyst.plans.logical.OrderPreservingUnaryNode.mapChildren(LogicalPlan.scala:208)
[2025-04-25T11:29:51.711+0000] {subprocess.py:93} INFO - 	at org.apache.spark.sql.catalyst.trees.TreeNode.transformDownWithPruning(TreeNode.scala:589)
[2025-04-25T11:29:51.712+0000] {subprocess.py:93} INFO - 	at org.apache.spark.sql.catalyst.plans.logical.LogicalPlan.org$apache$spark$sql$catalyst$plans$logical$AnalysisHelper$$super$transformDownWithPruning(LogicalPlan.scala:30)
[2025-04-25T11:29:51.712+0000] {subprocess.py:93} INFO - 	at org.apache.spark.sql.catalyst.plans.logical.AnalysisHelper.transformDownWithPruning(AnalysisHelper.scala:267)
[2025-04-25T11:29:51.712+0000] {subprocess.py:93} INFO - 	at org.apache.spark.sql.catalyst.plans.logical.AnalysisHelper.transformDownWithPruning$(AnalysisHelper.scala:263)
[2025-04-25T11:29:51.713+0000] {subprocess.py:93} INFO - 	at org.apache.spark.sql.catalyst.plans.logical.LogicalPlan.transformDownWithPruning(LogicalPlan.scala:30)
[2025-04-25T11:29:51.713+0000] {subprocess.py:93} INFO - 	at org.apache.spark.sql.catalyst.plans.logical.LogicalPlan.transformDownWithPruning(LogicalPlan.scala:30)
[2025-04-25T11:29:51.713+0000] {subprocess.py:93} INFO - 	at org.apache.spark.sql.catalyst.trees.TreeNode.$anonfun$transformDownWithPruning$3(TreeNode.scala:589)
[2025-04-25T11:29:51.714+0000] {subprocess.py:93} INFO - 	at org.apache.spark.sql.catalyst.trees.UnaryLike.mapChildren(TreeNode.scala:1228)
[2025-04-25T11:29:51.714+0000] {subprocess.py:93} INFO - 	at org.apache.spark.sql.catalyst.trees.UnaryLike.mapChildren$(TreeNode.scala:1227)
[2025-04-25T11:29:51.715+0000] {subprocess.py:93} INFO - 	at org.apache.spark.sql.catalyst.plans.logical.OrderPreservingUnaryNode.mapChildren(LogicalPlan.scala:208)
[2025-04-25T11:29:51.715+0000] {subprocess.py:93} INFO - 	at org.apache.spark.sql.catalyst.trees.TreeNode.transformDownWithPruning(TreeNode.scala:589)
[2025-04-25T11:29:51.716+0000] {subprocess.py:93} INFO - 	at org.apache.spark.sql.catalyst.plans.logical.LogicalPlan.org$apache$spark$sql$catalyst$plans$logical$AnalysisHelper$$super$transformDownWithPruning(LogicalPlan.scala:30)
[2025-04-25T11:29:51.716+0000] {subprocess.py:93} INFO - 	at org.apache.spark.sql.catalyst.plans.logical.AnalysisHelper.transformDownWithPruning(AnalysisHelper.scala:267)
[2025-04-25T11:29:51.716+0000] {subprocess.py:93} INFO - 	at org.apache.spark.sql.catalyst.plans.logical.AnalysisHelper.transformDownWithPruning$(AnalysisHelper.scala:263)
[2025-04-25T11:29:51.717+0000] {subprocess.py:93} INFO - 	at org.apache.spark.sql.catalyst.plans.logical.LogicalPlan.transformDownWithPruning(LogicalPlan.scala:30)
[2025-04-25T11:29:51.717+0000] {subprocess.py:93} INFO - 	at org.apache.spark.sql.catalyst.plans.logical.LogicalPlan.transformDownWithPruning(LogicalPlan.scala:30)
[2025-04-25T11:29:51.718+0000] {subprocess.py:93} INFO - 	at org.apache.spark.sql.catalyst.trees.TreeNode.$anonfun$transformDownWithPruning$3(TreeNode.scala:589)
[2025-04-25T11:29:51.718+0000] {subprocess.py:93} INFO - 	at org.apache.spark.sql.catalyst.trees.UnaryLike.mapChildren(TreeNode.scala:1228)
[2025-04-25T11:29:51.719+0000] {subprocess.py:93} INFO - 	at org.apache.spark.sql.catalyst.trees.UnaryLike.mapChildren$(TreeNode.scala:1227)
[2025-04-25T11:29:51.719+0000] {subprocess.py:93} INFO - 	at org.apache.spark.sql.catalyst.plans.logical.OrderPreservingUnaryNode.mapChildren(LogicalPlan.scala:208)
[2025-04-25T11:29:51.720+0000] {subprocess.py:93} INFO - 	at org.apache.spark.sql.catalyst.trees.TreeNode.transformDownWithPruning(TreeNode.scala:589)
[2025-04-25T11:29:51.720+0000] {subprocess.py:93} INFO - 	at org.apache.spark.sql.catalyst.plans.logical.LogicalPlan.org$apache$spark$sql$catalyst$plans$logical$AnalysisHelper$$super$transformDownWithPruning(LogicalPlan.scala:30)
[2025-04-25T11:29:51.721+0000] {subprocess.py:93} INFO - 	at org.apache.spark.sql.catalyst.plans.logical.AnalysisHelper.transformDownWithPruning(AnalysisHelper.scala:267)
[2025-04-25T11:29:51.721+0000] {subprocess.py:93} INFO - 	at org.apache.spark.sql.catalyst.plans.logical.AnalysisHelper.transformDownWithPruning$(AnalysisHelper.scala:263)
[2025-04-25T11:29:51.721+0000] {subprocess.py:93} INFO - 	at org.apache.spark.sql.catalyst.plans.logical.LogicalPlan.transformDownWithPruning(LogicalPlan.scala:30)
[2025-04-25T11:29:51.722+0000] {subprocess.py:93} INFO - 	at org.apache.spark.sql.catalyst.plans.logical.LogicalPlan.transformDownWithPruning(LogicalPlan.scala:30)
[2025-04-25T11:29:51.722+0000] {subprocess.py:93} INFO - 	at org.apache.spark.sql.catalyst.trees.TreeNode.$anonfun$transformDownWithPruning$3(TreeNode.scala:589)
[2025-04-25T11:29:51.722+0000] {subprocess.py:93} INFO - 	at org.apache.spark.sql.catalyst.trees.UnaryLike.mapChildren(TreeNode.scala:1228)
[2025-04-25T11:29:51.723+0000] {subprocess.py:93} INFO - 	at org.apache.spark.sql.catalyst.trees.UnaryLike.mapChildren$(TreeNode.scala:1227)
[2025-04-25T11:29:51.723+0000] {subprocess.py:93} INFO - 	at org.apache.spark.sql.catalyst.plans.logical.OrderPreservingUnaryNode.mapChildren(LogicalPlan.scala:208)
[2025-04-25T11:29:51.724+0000] {subprocess.py:93} INFO - 	at org.apache.spark.sql.catalyst.trees.TreeNode.transformDownWithPruning(TreeNode.scala:589)
[2025-04-25T11:29:51.724+0000] {subprocess.py:93} INFO - 	at org.apache.spark.sql.catalyst.plans.logical.LogicalPlan.org$apache$spark$sql$catalyst$plans$logical$AnalysisHelper$$super$transformDownWithPruning(LogicalPlan.scala:30)
[2025-04-25T11:29:51.725+0000] {subprocess.py:93} INFO - 	at org.apache.spark.sql.catalyst.plans.logical.AnalysisHelper.transformDownWithPruning(AnalysisHelper.scala:267)
[2025-04-25T11:29:51.725+0000] {subprocess.py:93} INFO - 	at org.apache.spark.sql.catalyst.plans.logical.AnalysisHelper.transformDownWithPruning$(AnalysisHelper.scala:263)
[2025-04-25T11:29:51.725+0000] {subprocess.py:93} INFO - 	at org.apache.spark.sql.catalyst.plans.logical.LogicalPlan.transformDownWithPruning(LogicalPlan.scala:30)
[2025-04-25T11:29:51.726+0000] {subprocess.py:93} INFO - 	at org.apache.spark.sql.catalyst.plans.logical.LogicalPlan.transformDownWithPruning(LogicalPlan.scala:30)
[2025-04-25T11:29:51.726+0000] {subprocess.py:93} INFO - 	at org.apache.spark.sql.catalyst.trees.TreeNode.$anonfun$transformDownWithPruning$3(TreeNode.scala:589)
[2025-04-25T11:29:51.727+0000] {subprocess.py:93} INFO - 	at org.apache.spark.sql.catalyst.trees.UnaryLike.mapChildren(TreeNode.scala:1228)
[2025-04-25T11:29:51.727+0000] {subprocess.py:93} INFO - 	at org.apache.spark.sql.catalyst.trees.UnaryLike.mapChildren$(TreeNode.scala:1227)
[2025-04-25T11:29:51.728+0000] {subprocess.py:93} INFO - 	at org.apache.spark.sql.catalyst.plans.logical.OrderPreservingUnaryNode.mapChildren(LogicalPlan.scala:208)
[2025-04-25T11:29:51.728+0000] {subprocess.py:93} INFO - 	at org.apache.spark.sql.catalyst.trees.TreeNode.transformDownWithPruning(TreeNode.scala:589)
[2025-04-25T11:29:51.728+0000] {subprocess.py:93} INFO - 	at org.apache.spark.sql.catalyst.plans.logical.LogicalPlan.org$apache$spark$sql$catalyst$plans$logical$AnalysisHelper$$super$transformDownWithPruning(LogicalPlan.scala:30)
[2025-04-25T11:29:51.729+0000] {subprocess.py:93} INFO - 	at org.apache.spark.sql.catalyst.plans.logical.AnalysisHelper.transformDownWithPruning(AnalysisHelper.scala:267)
[2025-04-25T11:29:51.730+0000] {subprocess.py:93} INFO - 	at org.apache.spark.sql.catalyst.plans.logical.AnalysisHelper.transformDownWithPruning$(AnalysisHelper.scala:263)
[2025-04-25T11:29:51.730+0000] {subprocess.py:93} INFO - 	at org.apache.spark.sql.catalyst.plans.logical.LogicalPlan.transformDownWithPruning(LogicalPlan.scala:30)
[2025-04-25T11:29:51.731+0000] {subprocess.py:93} INFO - 	at org.apache.spark.sql.catalyst.plans.logical.LogicalPlan.transformDownWithPruning(LogicalPlan.scala:30)
[2025-04-25T11:29:51.731+0000] {subprocess.py:93} INFO - 	at org.apache.spark.sql.catalyst.trees.TreeNode.$anonfun$transformDownWithPruning$3(TreeNode.scala:589)
[2025-04-25T11:29:51.732+0000] {subprocess.py:93} INFO - 	at org.apache.spark.sql.catalyst.trees.UnaryLike.mapChildren(TreeNode.scala:1228)
[2025-04-25T11:29:51.732+0000] {subprocess.py:93} INFO - 	at org.apache.spark.sql.catalyst.trees.UnaryLike.mapChildren$(TreeNode.scala:1227)
[2025-04-25T11:29:51.733+0000] {subprocess.py:93} INFO - 	at org.apache.spark.sql.catalyst.plans.logical.EventTimeWatermark.mapChildren(EventTimeWatermark.scala:40)
[2025-04-25T11:29:51.733+0000] {subprocess.py:93} INFO - 	at org.apache.spark.sql.catalyst.trees.TreeNode.transformDownWithPruning(TreeNode.scala:589)
[2025-04-25T11:29:51.733+0000] {subprocess.py:93} INFO - 	at org.apache.spark.sql.catalyst.plans.logical.LogicalPlan.org$apache$spark$sql$catalyst$plans$logical$AnalysisHelper$$super$transformDownWithPruning(LogicalPlan.scala:30)
[2025-04-25T11:29:51.734+0000] {subprocess.py:93} INFO - 	at org.apache.spark.sql.catalyst.plans.logical.AnalysisHelper.transformDownWithPruning(AnalysisHelper.scala:267)
[2025-04-25T11:29:51.735+0000] {subprocess.py:93} INFO - 	at org.apache.spark.sql.catalyst.plans.logical.AnalysisHelper.transformDownWithPruning$(AnalysisHelper.scala:263)
[2025-04-25T11:29:51.735+0000] {subprocess.py:93} INFO - 	at org.apache.spark.sql.catalyst.plans.logical.LogicalPlan.transformDownWithPruning(LogicalPlan.scala:30)
[2025-04-25T11:29:51.736+0000] {subprocess.py:93} INFO - 	at org.apache.spark.sql.catalyst.plans.logical.LogicalPlan.transformDownWithPruning(LogicalPlan.scala:30)
[2025-04-25T11:29:51.736+0000] {subprocess.py:93} INFO - 	at org.apache.spark.sql.catalyst.trees.TreeNode.$anonfun$transformDownWithPruning$3(TreeNode.scala:589)
[2025-04-25T11:29:51.737+0000] {subprocess.py:93} INFO - 	at org.apache.spark.sql.catalyst.trees.UnaryLike.mapChildren(TreeNode.scala:1228)
[2025-04-25T11:29:51.737+0000] {subprocess.py:93} INFO - 	at org.apache.spark.sql.catalyst.trees.UnaryLike.mapChildren$(TreeNode.scala:1227)
[2025-04-25T11:29:51.738+0000] {subprocess.py:93} INFO - 	at org.apache.spark.sql.catalyst.plans.logical.Expand.mapChildren(basicLogicalOperators.scala:1159)
[2025-04-25T11:29:51.738+0000] {subprocess.py:93} INFO - 	at org.apache.spark.sql.catalyst.trees.TreeNode.transformDownWithPruning(TreeNode.scala:589)
[2025-04-25T11:29:51.739+0000] {subprocess.py:93} INFO - 	at org.apache.spark.sql.catalyst.plans.logical.LogicalPlan.org$apache$spark$sql$catalyst$plans$logical$AnalysisHelper$$super$transformDownWithPruning(LogicalPlan.scala:30)
[2025-04-25T11:29:51.742+0000] {subprocess.py:93} INFO - 	at org.apache.spark.sql.catalyst.plans.logical.AnalysisHelper.transformDownWithPruning(AnalysisHelper.scala:267)
[2025-04-25T11:29:51.742+0000] {subprocess.py:93} INFO - 	at org.apache.spark.sql.catalyst.plans.logical.AnalysisHelper.transformDownWithPruning$(AnalysisHelper.scala:263)
[2025-04-25T11:29:51.743+0000] {subprocess.py:93} INFO - 	at org.apache.spark.sql.catalyst.plans.logical.LogicalPlan.transformDownWithPruning(LogicalPlan.scala:30)
[2025-04-25T11:29:51.743+0000] {subprocess.py:93} INFO - 	at org.apache.spark.sql.catalyst.plans.logical.LogicalPlan.transformDownWithPruning(LogicalPlan.scala:30)
[2025-04-25T11:29:51.744+0000] {subprocess.py:93} INFO - 	at org.apache.spark.sql.catalyst.trees.TreeNode.$anonfun$transformDownWithPruning$3(TreeNode.scala:589)
[2025-04-25T11:29:51.745+0000] {subprocess.py:93} INFO - 	at org.apache.spark.sql.catalyst.trees.UnaryLike.mapChildren(TreeNode.scala:1228)
[2025-04-25T11:29:51.745+0000] {subprocess.py:93} INFO - 	at org.apache.spark.sql.catalyst.trees.UnaryLike.mapChildren$(TreeNode.scala:1227)
[2025-04-25T11:29:51.746+0000] {subprocess.py:93} INFO - 	at org.apache.spark.sql.catalyst.plans.logical.OrderPreservingUnaryNode.mapChildren(LogicalPlan.scala:208)
[2025-04-25T11:29:51.746+0000] {subprocess.py:93} INFO - 	at org.apache.spark.sql.catalyst.trees.TreeNode.transformDownWithPruning(TreeNode.scala:589)
[2025-04-25T11:29:51.746+0000] {subprocess.py:93} INFO - 	at org.apache.spark.sql.catalyst.plans.logical.LogicalPlan.org$apache$spark$sql$catalyst$plans$logical$AnalysisHelper$$super$transformDownWithPruning(LogicalPlan.scala:30)
[2025-04-25T11:29:51.747+0000] {subprocess.py:93} INFO - 	at org.apache.spark.sql.catalyst.plans.logical.AnalysisHelper.transformDownWithPruning(AnalysisHelper.scala:267)
[2025-04-25T11:29:51.747+0000] {subprocess.py:93} INFO - 	at org.apache.spark.sql.catalyst.plans.logical.AnalysisHelper.transformDownWithPruning$(AnalysisHelper.scala:263)
[2025-04-25T11:29:51.748+0000] {subprocess.py:93} INFO - 	at org.apache.spark.sql.catalyst.plans.logical.LogicalPlan.transformDownWithPruning(LogicalPlan.scala:30)
[2025-04-25T11:29:51.749+0000] {subprocess.py:93} INFO - 	at org.apache.spark.sql.catalyst.plans.logical.LogicalPlan.transformDownWithPruning(LogicalPlan.scala:30)
[2025-04-25T11:29:51.749+0000] {subprocess.py:93} INFO - 	at org.apache.spark.sql.catalyst.trees.TreeNode.$anonfun$transformDownWithPruning$3(TreeNode.scala:589)
[2025-04-25T11:29:51.750+0000] {subprocess.py:93} INFO - 	at org.apache.spark.sql.catalyst.trees.UnaryLike.mapChildren(TreeNode.scala:1228)
[2025-04-25T11:29:51.750+0000] {subprocess.py:93} INFO - 	at org.apache.spark.sql.catalyst.trees.UnaryLike.mapChildren$(TreeNode.scala:1227)
[2025-04-25T11:29:51.751+0000] {subprocess.py:93} INFO - 	at org.apache.spark.sql.catalyst.plans.logical.Aggregate.mapChildren(basicLogicalOperators.scala:977)
[2025-04-25T11:29:51.751+0000] {subprocess.py:93} INFO - 	at org.apache.spark.sql.catalyst.trees.TreeNode.transformDownWithPruning(TreeNode.scala:589)
[2025-04-25T11:29:51.752+0000] {subprocess.py:93} INFO - 	at org.apache.spark.sql.catalyst.plans.logical.LogicalPlan.org$apache$spark$sql$catalyst$plans$logical$AnalysisHelper$$super$transformDownWithPruning(LogicalPlan.scala:30)
[2025-04-25T11:29:51.752+0000] {subprocess.py:93} INFO - 	at org.apache.spark.sql.catalyst.plans.logical.AnalysisHelper.transformDownWithPruning(AnalysisHelper.scala:267)
[2025-04-25T11:29:51.753+0000] {subprocess.py:93} INFO - 	at org.apache.spark.sql.catalyst.plans.logical.AnalysisHelper.transformDownWithPruning$(AnalysisHelper.scala:263)
[2025-04-25T11:29:51.753+0000] {subprocess.py:93} INFO - 	at org.apache.spark.sql.catalyst.plans.logical.LogicalPlan.transformDownWithPruning(LogicalPlan.scala:30)
[2025-04-25T11:29:51.753+0000] {subprocess.py:93} INFO - 	at org.apache.spark.sql.catalyst.plans.logical.LogicalPlan.transformDownWithPruning(LogicalPlan.scala:30)
[2025-04-25T11:29:51.754+0000] {subprocess.py:93} INFO - 	at org.apache.spark.sql.catalyst.trees.TreeNode.$anonfun$transformDownWithPruning$3(TreeNode.scala:589)
[2025-04-25T11:29:51.754+0000] {subprocess.py:93} INFO - 	at org.apache.spark.sql.catalyst.trees.UnaryLike.mapChildren(TreeNode.scala:1228)
[2025-04-25T11:29:51.755+0000] {subprocess.py:93} INFO - 	at org.apache.spark.sql.catalyst.trees.UnaryLike.mapChildren$(TreeNode.scala:1227)
[2025-04-25T11:29:51.755+0000] {subprocess.py:93} INFO - 	at org.apache.spark.sql.catalyst.plans.logical.OrderPreservingUnaryNode.mapChildren(LogicalPlan.scala:208)
[2025-04-25T11:29:51.755+0000] {subprocess.py:93} INFO - 	at org.apache.spark.sql.catalyst.trees.TreeNode.transformDownWithPruning(TreeNode.scala:589)
[2025-04-25T11:29:51.756+0000] {subprocess.py:93} INFO - 	at org.apache.spark.sql.catalyst.plans.logical.LogicalPlan.org$apache$spark$sql$catalyst$plans$logical$AnalysisHelper$$super$transformDownWithPruning(LogicalPlan.scala:30)
[2025-04-25T11:29:51.756+0000] {subprocess.py:93} INFO - 	at org.apache.spark.sql.catalyst.plans.logical.AnalysisHelper.transformDownWithPruning(AnalysisHelper.scala:267)
[2025-04-25T11:29:51.757+0000] {subprocess.py:93} INFO - 	at org.apache.spark.sql.catalyst.plans.logical.AnalysisHelper.transformDownWithPruning$(AnalysisHelper.scala:263)
[2025-04-25T11:29:51.757+0000] {subprocess.py:93} INFO - 	at org.apache.spark.sql.catalyst.plans.logical.LogicalPlan.transformDownWithPruning(LogicalPlan.scala:30)
[2025-04-25T11:29:51.757+0000] {subprocess.py:93} INFO - 	at org.apache.spark.sql.catalyst.plans.logical.LogicalPlan.transformDownWithPruning(LogicalPlan.scala:30)
[2025-04-25T11:29:51.758+0000] {subprocess.py:93} INFO - 	at org.apache.spark.sql.catalyst.trees.TreeNode.$anonfun$transformDownWithPruning$3(TreeNode.scala:589)
[2025-04-25T11:29:51.758+0000] {subprocess.py:93} INFO - 	at org.apache.spark.sql.catalyst.trees.UnaryLike.mapChildren(TreeNode.scala:1228)
[2025-04-25T11:29:51.759+0000] {subprocess.py:93} INFO - 	at org.apache.spark.sql.catalyst.trees.UnaryLike.mapChildren$(TreeNode.scala:1227)
[2025-04-25T11:29:51.759+0000] {subprocess.py:93} INFO - 	at org.apache.spark.sql.catalyst.plans.logical.OrderPreservingUnaryNode.mapChildren(LogicalPlan.scala:208)
[2025-04-25T11:29:51.760+0000] {subprocess.py:93} INFO - 	at org.apache.spark.sql.catalyst.trees.TreeNode.transformDownWithPruning(TreeNode.scala:589)
[2025-04-25T11:29:51.760+0000] {subprocess.py:93} INFO - 	at org.apache.spark.sql.catalyst.plans.logical.LogicalPlan.org$apache$spark$sql$catalyst$plans$logical$AnalysisHelper$$super$transformDownWithPruning(LogicalPlan.scala:30)
[2025-04-25T11:29:51.761+0000] {subprocess.py:93} INFO - 	at org.apache.spark.sql.catalyst.plans.logical.AnalysisHelper.transformDownWithPruning(AnalysisHelper.scala:267)
[2025-04-25T11:29:51.761+0000] {subprocess.py:93} INFO - 	at org.apache.spark.sql.catalyst.plans.logical.AnalysisHelper.transformDownWithPruning$(AnalysisHelper.scala:263)
[2025-04-25T11:29:51.761+0000] {subprocess.py:93} INFO - 	at org.apache.spark.sql.catalyst.plans.logical.LogicalPlan.transformDownWithPruning(LogicalPlan.scala:30)
[2025-04-25T11:29:51.762+0000] {subprocess.py:93} INFO - 	at org.apache.spark.sql.catalyst.plans.logical.LogicalPlan.transformDownWithPruning(LogicalPlan.scala:30)
[2025-04-25T11:29:51.762+0000] {subprocess.py:93} INFO - 	at org.apache.spark.sql.catalyst.trees.TreeNode.transformDown(TreeNode.scala:560)
[2025-04-25T11:29:51.763+0000] {subprocess.py:93} INFO - 	at org.apache.spark.sql.catalyst.trees.TreeNode.transform(TreeNode.scala:528)
[2025-04-25T11:29:51.763+0000] {subprocess.py:93} INFO - 	at org.apache.spark.sql.execution.streaming.MicroBatchExecution.logicalPlan$lzycompute(MicroBatchExecution.scala:82)
[2025-04-25T11:29:51.763+0000] {subprocess.py:93} INFO - 	at org.apache.spark.sql.execution.streaming.MicroBatchExecution.logicalPlan(MicroBatchExecution.scala:62)
[2025-04-25T11:29:51.764+0000] {subprocess.py:93} INFO - 	at org.apache.spark.sql.execution.streaming.StreamExecution.$anonfun$runStream$1(StreamExecution.scala:299)
[2025-04-25T11:29:51.765+0000] {subprocess.py:93} INFO - 	at scala.runtime.java8.JFunction0$mcV$sp.apply(JFunction0$mcV$sp.java:23)
[2025-04-25T11:29:51.765+0000] {subprocess.py:93} INFO - 	at org.apache.spark.sql.SparkSession.withActive(SparkSession.scala:779)
[2025-04-25T11:29:51.766+0000] {subprocess.py:93} INFO - 	at org.apache.spark.sql.execution.streaming.StreamExecution.org$apache$spark$sql$execution$streaming$StreamExecution$$runStream(StreamExecution.scala:285)
[2025-04-25T11:29:51.766+0000] {subprocess.py:93} INFO - 	at org.apache.spark.sql.execution.streaming.StreamExecution$$anon$1.run(StreamExecution.scala:208)
[2025-04-25T11:29:51.767+0000] {subprocess.py:93} INFO - Caused by: java.lang.ClassNotFoundException: org.apache.spark.kafka010.KafkaConfigUpdater
[2025-04-25T11:29:51.767+0000] {subprocess.py:93} INFO - 	at java.base/jdk.internal.loader.BuiltinClassLoader.loadClass(BuiltinClassLoader.java:641)
[2025-04-25T11:29:51.768+0000] {subprocess.py:93} INFO - 	at java.base/jdk.internal.loader.ClassLoaders$AppClassLoader.loadClass(ClassLoaders.java:188)
[2025-04-25T11:29:51.768+0000] {subprocess.py:93} INFO - 	at java.base/java.lang.ClassLoader.loadClass(ClassLoader.java:525)
[2025-04-25T11:29:51.768+0000] {subprocess.py:93} INFO - 	... 173 more
[2025-04-25T11:29:51.769+0000] {subprocess.py:93} INFO - Exception in thread "stream execution thread for traffic_processing_pipeline [id = 5e03d62e-cf04-4af4-95a7-b2203ba8cf76, runId = c014069b-25f8-4a0b-8882-9b564fd76f15]" java.lang.NoClassDefFoundError: org/apache/spark/kafka010/KafkaConfigUpdater
[2025-04-25T11:29:51.769+0000] {subprocess.py:93} INFO - 	at org.apache.spark.sql.kafka010.KafkaSourceProvider$.kafkaParamsForDriver(KafkaSourceProvider.scala:645)
[2025-04-25T11:29:51.770+0000] {subprocess.py:93} INFO - 	at org.apache.spark.sql.kafka010.KafkaSourceProvider$KafkaScan.toMicroBatchStream(KafkaSourceProvider.scala:482)
[2025-04-25T11:29:51.770+0000] {subprocess.py:93} INFO - 	at org.apache.spark.sql.execution.streaming.MicroBatchExecution$$anonfun$1.$anonfun$applyOrElse$4(MicroBatchExecution.scala:104)
[2025-04-25T11:29:51.771+0000] {subprocess.py:93} INFO - 	at scala.collection.mutable.HashMap.getOrElseUpdate(HashMap.scala:86)
[2025-04-25T11:29:51.771+0000] {subprocess.py:93} INFO - 	at org.apache.spark.sql.execution.streaming.MicroBatchExecution$$anonfun$1.applyOrElse(MicroBatchExecution.scala:97)
[2025-04-25T11:29:51.772+0000] {subprocess.py:93} INFO - 	at org.apache.spark.sql.execution.streaming.MicroBatchExecution$$anonfun$1.applyOrElse(MicroBatchExecution.scala:82)
[2025-04-25T11:29:51.772+0000] {subprocess.py:93} INFO - 	at org.apache.spark.sql.catalyst.trees.TreeNode.$anonfun$transformDownWithPruning$1(TreeNode.scala:584)
[2025-04-25T11:29:51.773+0000] {subprocess.py:93} INFO - 	at org.apache.spark.sql.catalyst.trees.CurrentOrigin$.withOrigin(TreeNode.scala:176)
[2025-04-25T11:29:51.773+0000] {subprocess.py:93} INFO - 	at org.apache.spark.sql.catalyst.trees.TreeNode.transformDownWithPruning(TreeNode.scala:584)
[2025-04-25T11:29:51.774+0000] {subprocess.py:93} INFO - 	at org.apache.spark.sql.catalyst.plans.logical.LogicalPlan.org$apache$spark$sql$catalyst$plans$logical$AnalysisHelper$$super$transformDownWithPruning(LogicalPlan.scala:30)
[2025-04-25T11:29:51.774+0000] {subprocess.py:93} INFO - 	at org.apache.spark.sql.catalyst.plans.logical.AnalysisHelper.transformDownWithPruning(AnalysisHelper.scala:267)
[2025-04-25T11:29:51.775+0000] {subprocess.py:93} INFO - 	at org.apache.spark.sql.catalyst.plans.logical.AnalysisHelper.transformDownWithPruning$(AnalysisHelper.scala:263)
[2025-04-25T11:29:51.775+0000] {subprocess.py:93} INFO - 	at org.apache.spark.sql.catalyst.plans.logical.LogicalPlan.transformDownWithPruning(LogicalPlan.scala:30)
[2025-04-25T11:29:51.776+0000] {subprocess.py:93} INFO - 	at org.apache.spark.sql.catalyst.plans.logical.LogicalPlan.transformDownWithPruning(LogicalPlan.scala:30)
[2025-04-25T11:29:51.776+0000] {subprocess.py:93} INFO - 	at org.apache.spark.sql.catalyst.trees.TreeNode.$anonfun$transformDownWithPruning$3(TreeNode.scala:589)
[2025-04-25T11:29:51.777+0000] {subprocess.py:93} INFO - 	at org.apache.spark.sql.catalyst.trees.UnaryLike.mapChildren(TreeNode.scala:1228)
[2025-04-25T11:29:51.777+0000] {subprocess.py:93} INFO - 	at org.apache.spark.sql.catalyst.trees.UnaryLike.mapChildren$(TreeNode.scala:1227)
[2025-04-25T11:29:51.778+0000] {subprocess.py:93} INFO - 	at org.apache.spark.sql.catalyst.plans.logical.OrderPreservingUnaryNode.mapChildren(LogicalPlan.scala:208)
[2025-04-25T11:29:51.778+0000] {subprocess.py:93} INFO - 	at org.apache.spark.sql.catalyst.trees.TreeNode.transformDownWithPruning(TreeNode.scala:589)
[2025-04-25T11:29:51.780+0000] {subprocess.py:93} INFO - 	at org.apache.spark.sql.catalyst.plans.logical.LogicalPlan.org$apache$spark$sql$catalyst$plans$logical$AnalysisHelper$$super$transformDownWithPruning(LogicalPlan.scala:30)
[2025-04-25T11:29:51.780+0000] {subprocess.py:93} INFO - 	at org.apache.spark.sql.catalyst.plans.logical.AnalysisHelper.transformDownWithPruning(AnalysisHelper.scala:267)
[2025-04-25T11:29:51.781+0000] {subprocess.py:93} INFO - 	at org.apache.spark.sql.catalyst.plans.logical.AnalysisHelper.transformDownWithPruning$(AnalysisHelper.scala:263)
[2025-04-25T11:29:51.781+0000] {subprocess.py:93} INFO - 	at org.apache.spark.sql.catalyst.plans.logical.LogicalPlan.transformDownWithPruning(LogicalPlan.scala:30)
[2025-04-25T11:29:51.782+0000] {subprocess.py:93} INFO - 	at org.apache.spark.sql.catalyst.plans.logical.LogicalPlan.transformDownWithPruning(LogicalPlan.scala:30)
[2025-04-25T11:29:51.783+0000] {subprocess.py:93} INFO - 	at org.apache.spark.sql.catalyst.trees.TreeNode.$anonfun$transformDownWithPruning$3(TreeNode.scala:589)
[2025-04-25T11:29:51.783+0000] {subprocess.py:93} INFO - 	at org.apache.spark.sql.catalyst.trees.UnaryLike.mapChildren(TreeNode.scala:1228)
[2025-04-25T11:29:51.784+0000] {subprocess.py:93} INFO - 	at org.apache.spark.sql.catalyst.trees.UnaryLike.mapChildren$(TreeNode.scala:1227)
[2025-04-25T11:29:51.784+0000] {subprocess.py:93} INFO - 	at org.apache.spark.sql.catalyst.plans.logical.OrderPreservingUnaryNode.mapChildren(LogicalPlan.scala:208)
[2025-04-25T11:29:51.785+0000] {subprocess.py:93} INFO - 	at org.apache.spark.sql.catalyst.trees.TreeNode.transformDownWithPruning(TreeNode.scala:589)
[2025-04-25T11:29:51.785+0000] {subprocess.py:93} INFO - 	at org.apache.spark.sql.catalyst.plans.logical.LogicalPlan.org$apache$spark$sql$catalyst$plans$logical$AnalysisHelper$$super$transformDownWithPruning(LogicalPlan.scala:30)
[2025-04-25T11:29:51.786+0000] {subprocess.py:93} INFO - 	at org.apache.spark.sql.catalyst.plans.logical.AnalysisHelper.transformDownWithPruning(AnalysisHelper.scala:267)
[2025-04-25T11:29:51.786+0000] {subprocess.py:93} INFO - 	at org.apache.spark.sql.catalyst.plans.logical.AnalysisHelper.transformDownWithPruning$(AnalysisHelper.scala:263)
[2025-04-25T11:29:51.787+0000] {subprocess.py:93} INFO - 	at org.apache.spark.sql.catalyst.plans.logical.LogicalPlan.transformDownWithPruning(LogicalPlan.scala:30)
[2025-04-25T11:29:51.787+0000] {subprocess.py:93} INFO - 	at org.apache.spark.sql.catalyst.plans.logical.LogicalPlan.transformDownWithPruning(LogicalPlan.scala:30)
[2025-04-25T11:29:51.787+0000] {subprocess.py:93} INFO - 	at org.apache.spark.sql.catalyst.trees.TreeNode.$anonfun$transformDownWithPruning$3(TreeNode.scala:589)
[2025-04-25T11:29:51.788+0000] {subprocess.py:93} INFO - 	at org.apache.spark.sql.catalyst.trees.UnaryLike.mapChildren(TreeNode.scala:1228)
[2025-04-25T11:29:51.788+0000] {subprocess.py:93} INFO - 	at org.apache.spark.sql.catalyst.trees.UnaryLike.mapChildren$(TreeNode.scala:1227)
[2025-04-25T11:29:51.789+0000] {subprocess.py:93} INFO - 	at org.apache.spark.sql.catalyst.plans.logical.OrderPreservingUnaryNode.mapChildren(LogicalPlan.scala:208)
[2025-04-25T11:29:51.789+0000] {subprocess.py:93} INFO - 	at org.apache.spark.sql.catalyst.trees.TreeNode.transformDownWithPruning(TreeNode.scala:589)
[2025-04-25T11:29:51.790+0000] {subprocess.py:93} INFO - 	at org.apache.spark.sql.catalyst.plans.logical.LogicalPlan.org$apache$spark$sql$catalyst$plans$logical$AnalysisHelper$$super$transformDownWithPruning(LogicalPlan.scala:30)
[2025-04-25T11:29:51.790+0000] {subprocess.py:93} INFO - 	at org.apache.spark.sql.catalyst.plans.logical.AnalysisHelper.transformDownWithPruning(AnalysisHelper.scala:267)
[2025-04-25T11:29:51.791+0000] {subprocess.py:93} INFO - 	at org.apache.spark.sql.catalyst.plans.logical.AnalysisHelper.transformDownWithPruning$(AnalysisHelper.scala:263)
[2025-04-25T11:29:51.791+0000] {subprocess.py:93} INFO - 	at org.apache.spark.sql.catalyst.plans.logical.LogicalPlan.transformDownWithPruning(LogicalPlan.scala:30)
[2025-04-25T11:29:51.792+0000] {subprocess.py:93} INFO - 	at org.apache.spark.sql.catalyst.plans.logical.LogicalPlan.transformDownWithPruning(LogicalPlan.scala:30)
[2025-04-25T11:29:51.792+0000] {subprocess.py:93} INFO - 	at org.apache.spark.sql.catalyst.trees.TreeNode.$anonfun$transformDownWithPruning$3(TreeNode.scala:589)
[2025-04-25T11:29:51.793+0000] {subprocess.py:93} INFO - 	at org.apache.spark.sql.catalyst.trees.UnaryLike.mapChildren(TreeNode.scala:1228)
[2025-04-25T11:29:51.793+0000] {subprocess.py:93} INFO - 	at org.apache.spark.sql.catalyst.trees.UnaryLike.mapChildren$(TreeNode.scala:1227)
[2025-04-25T11:29:51.794+0000] {subprocess.py:93} INFO - 	at org.apache.spark.sql.catalyst.plans.logical.OrderPreservingUnaryNode.mapChildren(LogicalPlan.scala:208)
[2025-04-25T11:29:51.794+0000] {subprocess.py:93} INFO - 	at org.apache.spark.sql.catalyst.trees.TreeNode.transformDownWithPruning(TreeNode.scala:589)
[2025-04-25T11:29:51.795+0000] {subprocess.py:93} INFO - 	at org.apache.spark.sql.catalyst.plans.logical.LogicalPlan.org$apache$spark$sql$catalyst$plans$logical$AnalysisHelper$$super$transformDownWithPruning(LogicalPlan.scala:30)
[2025-04-25T11:29:51.795+0000] {subprocess.py:93} INFO - 	at org.apache.spark.sql.catalyst.plans.logical.AnalysisHelper.transformDownWithPruning(AnalysisHelper.scala:267)
[2025-04-25T11:29:51.796+0000] {subprocess.py:93} INFO - 	at org.apache.spark.sql.catalyst.plans.logical.AnalysisHelper.transformDownWithPruning$(AnalysisHelper.scala:263)
[2025-04-25T11:29:51.796+0000] {subprocess.py:93} INFO - 	at org.apache.spark.sql.catalyst.plans.logical.LogicalPlan.transformDownWithPruning(LogicalPlan.scala:30)
[2025-04-25T11:29:51.797+0000] {subprocess.py:93} INFO - 	at org.apache.spark.sql.catalyst.plans.logical.LogicalPlan.transformDownWithPruning(LogicalPlan.scala:30)
[2025-04-25T11:29:51.797+0000] {subprocess.py:93} INFO - 	at org.apache.spark.sql.catalyst.trees.TreeNode.$anonfun$transformDownWithPruning$3(TreeNode.scala:589)
[2025-04-25T11:29:51.798+0000] {subprocess.py:93} INFO - 	at org.apache.spark.sql.catalyst.trees.UnaryLike.mapChildren(TreeNode.scala:1228)
[2025-04-25T11:29:51.798+0000] {subprocess.py:93} INFO - 	at org.apache.spark.sql.catalyst.trees.UnaryLike.mapChildren$(TreeNode.scala:1227)
[2025-04-25T11:29:51.799+0000] {subprocess.py:93} INFO - 	at org.apache.spark.sql.catalyst.plans.logical.OrderPreservingUnaryNode.mapChildren(LogicalPlan.scala:208)
[2025-04-25T11:29:51.799+0000] {subprocess.py:93} INFO - 	at org.apache.spark.sql.catalyst.trees.TreeNode.transformDownWithPruning(TreeNode.scala:589)
[2025-04-25T11:29:51.800+0000] {subprocess.py:93} INFO - 	at org.apache.spark.sql.catalyst.plans.logical.LogicalPlan.org$apache$spark$sql$catalyst$plans$logical$AnalysisHelper$$super$transformDownWithPruning(LogicalPlan.scala:30)
[2025-04-25T11:29:51.801+0000] {subprocess.py:93} INFO - 	at org.apache.spark.sql.catalyst.plans.logical.AnalysisHelper.transformDownWithPruning(AnalysisHelper.scala:267)
[2025-04-25T11:29:51.801+0000] {subprocess.py:93} INFO - 	at org.apache.spark.sql.catalyst.plans.logical.AnalysisHelper.transformDownWithPruning$(AnalysisHelper.scala:263)
[2025-04-25T11:29:51.802+0000] {subprocess.py:93} INFO - 	at org.apache.spark.sql.catalyst.plans.logical.LogicalPlan.transformDownWithPruning(LogicalPlan.scala:30)
[2025-04-25T11:29:51.803+0000] {subprocess.py:93} INFO - 	at org.apache.spark.sql.catalyst.plans.logical.LogicalPlan.transformDownWithPruning(LogicalPlan.scala:30)
[2025-04-25T11:29:51.803+0000] {subprocess.py:93} INFO - 	at org.apache.spark.sql.catalyst.trees.TreeNode.$anonfun$transformDownWithPruning$3(TreeNode.scala:589)
[2025-04-25T11:29:51.804+0000] {subprocess.py:93} INFO - 	at org.apache.spark.sql.catalyst.trees.UnaryLike.mapChildren(TreeNode.scala:1228)
[2025-04-25T11:29:51.804+0000] {subprocess.py:93} INFO - 	at org.apache.spark.sql.catalyst.trees.UnaryLike.mapChildren$(TreeNode.scala:1227)
[2025-04-25T11:29:51.805+0000] {subprocess.py:93} INFO - 	at org.apache.spark.sql.catalyst.plans.logical.OrderPreservingUnaryNode.mapChildren(LogicalPlan.scala:208)
[2025-04-25T11:29:51.805+0000] {subprocess.py:93} INFO - 	at org.apache.spark.sql.catalyst.trees.TreeNode.transformDownWithPruning(TreeNode.scala:589)
[2025-04-25T11:29:51.805+0000] {subprocess.py:93} INFO - 	at org.apache.spark.sql.catalyst.plans.logical.LogicalPlan.org$apache$spark$sql$catalyst$plans$logical$AnalysisHelper$$super$transformDownWithPruning(LogicalPlan.scala:30)
[2025-04-25T11:29:51.806+0000] {subprocess.py:93} INFO - 	at org.apache.spark.sql.catalyst.plans.logical.AnalysisHelper.transformDownWithPruning(AnalysisHelper.scala:267)
[2025-04-25T11:29:51.807+0000] {subprocess.py:93} INFO - 	at org.apache.spark.sql.catalyst.plans.logical.AnalysisHelper.transformDownWithPruning$(AnalysisHelper.scala:263)
[2025-04-25T11:29:51.807+0000] {subprocess.py:93} INFO - 	at org.apache.spark.sql.catalyst.plans.logical.LogicalPlan.transformDownWithPruning(LogicalPlan.scala:30)
[2025-04-25T11:29:51.808+0000] {subprocess.py:93} INFO - 	at org.apache.spark.sql.catalyst.plans.logical.LogicalPlan.transformDownWithPruning(LogicalPlan.scala:30)
[2025-04-25T11:29:51.808+0000] {subprocess.py:93} INFO - 	at org.apache.spark.sql.catalyst.trees.TreeNode.$anonfun$transformDownWithPruning$3(TreeNode.scala:589)
[2025-04-25T11:29:51.809+0000] {subprocess.py:93} INFO - 	at org.apache.spark.sql.catalyst.trees.UnaryLike.mapChildren(TreeNode.scala:1228)
[2025-04-25T11:29:51.809+0000] {subprocess.py:93} INFO - 	at org.apache.spark.sql.catalyst.trees.UnaryLike.mapChildren$(TreeNode.scala:1227)
[2025-04-25T11:29:51.810+0000] {subprocess.py:93} INFO - 	at org.apache.spark.sql.catalyst.plans.logical.OrderPreservingUnaryNode.mapChildren(LogicalPlan.scala:208)
[2025-04-25T11:29:51.811+0000] {subprocess.py:93} INFO - 	at org.apache.spark.sql.catalyst.trees.TreeNode.transformDownWithPruning(TreeNode.scala:589)
[2025-04-25T11:29:51.811+0000] {subprocess.py:93} INFO - 	at org.apache.spark.sql.catalyst.plans.logical.LogicalPlan.org$apache$spark$sql$catalyst$plans$logical$AnalysisHelper$$super$transformDownWithPruning(LogicalPlan.scala:30)
[2025-04-25T11:29:51.812+0000] {subprocess.py:93} INFO - 	at org.apache.spark.sql.catalyst.plans.logical.AnalysisHelper.transformDownWithPruning(AnalysisHelper.scala:267)
[2025-04-25T11:29:51.812+0000] {subprocess.py:93} INFO - 	at org.apache.spark.sql.catalyst.plans.logical.AnalysisHelper.transformDownWithPruning$(AnalysisHelper.scala:263)
[2025-04-25T11:29:51.813+0000] {subprocess.py:93} INFO - 	at org.apache.spark.sql.catalyst.plans.logical.LogicalPlan.transformDownWithPruning(LogicalPlan.scala:30)
[2025-04-25T11:29:51.813+0000] {subprocess.py:93} INFO - 	at org.apache.spark.sql.catalyst.plans.logical.LogicalPlan.transformDownWithPruning(LogicalPlan.scala:30)
[2025-04-25T11:29:51.814+0000] {subprocess.py:93} INFO - 	at org.apache.spark.sql.catalyst.trees.TreeNode.$anonfun$transformDownWithPruning$3(TreeNode.scala:589)
[2025-04-25T11:29:51.814+0000] {subprocess.py:93} INFO - 	at org.apache.spark.sql.catalyst.trees.UnaryLike.mapChildren(TreeNode.scala:1228)
[2025-04-25T11:29:51.814+0000] {subprocess.py:93} INFO - 	at org.apache.spark.sql.catalyst.trees.UnaryLike.mapChildren$(TreeNode.scala:1227)
[2025-04-25T11:29:51.815+0000] {subprocess.py:93} INFO - 	at org.apache.spark.sql.catalyst.plans.logical.OrderPreservingUnaryNode.mapChildren(LogicalPlan.scala:208)
[2025-04-25T11:29:51.815+0000] {subprocess.py:93} INFO - 	at org.apache.spark.sql.catalyst.trees.TreeNode.transformDownWithPruning(TreeNode.scala:589)
[2025-04-25T11:29:51.816+0000] {subprocess.py:93} INFO - 	at org.apache.spark.sql.catalyst.plans.logical.LogicalPlan.org$apache$spark$sql$catalyst$plans$logical$AnalysisHelper$$super$transformDownWithPruning(LogicalPlan.scala:30)
[2025-04-25T11:29:51.816+0000] {subprocess.py:93} INFO - 	at org.apache.spark.sql.catalyst.plans.logical.AnalysisHelper.transformDownWithPruning(AnalysisHelper.scala:267)
[2025-04-25T11:29:51.816+0000] {subprocess.py:93} INFO - 	at org.apache.spark.sql.catalyst.plans.logical.AnalysisHelper.transformDownWithPruning$(AnalysisHelper.scala:263)
[2025-04-25T11:29:51.817+0000] {subprocess.py:93} INFO - 	at org.apache.spark.sql.catalyst.plans.logical.LogicalPlan.transformDownWithPruning(LogicalPlan.scala:30)
[2025-04-25T11:29:51.817+0000] {subprocess.py:93} INFO - 	at org.apache.spark.sql.catalyst.plans.logical.LogicalPlan.transformDownWithPruning(LogicalPlan.scala:30)
[2025-04-25T11:29:51.817+0000] {subprocess.py:93} INFO - 	at org.apache.spark.sql.catalyst.trees.TreeNode.$anonfun$transformDownWithPruning$3(TreeNode.scala:589)
[2025-04-25T11:29:51.818+0000] {subprocess.py:93} INFO - 	at org.apache.spark.sql.catalyst.trees.UnaryLike.mapChildren(TreeNode.scala:1228)
[2025-04-25T11:29:51.818+0000] {subprocess.py:93} INFO - 	at org.apache.spark.sql.catalyst.trees.UnaryLike.mapChildren$(TreeNode.scala:1227)
[2025-04-25T11:29:51.819+0000] {subprocess.py:93} INFO - 	at org.apache.spark.sql.catalyst.plans.logical.OrderPreservingUnaryNode.mapChildren(LogicalPlan.scala:208)
[2025-04-25T11:29:51.819+0000] {subprocess.py:93} INFO - 	at org.apache.spark.sql.catalyst.trees.TreeNode.transformDownWithPruning(TreeNode.scala:589)
[2025-04-25T11:29:51.820+0000] {subprocess.py:93} INFO - 	at org.apache.spark.sql.catalyst.plans.logical.LogicalPlan.org$apache$spark$sql$catalyst$plans$logical$AnalysisHelper$$super$transformDownWithPruning(LogicalPlan.scala:30)
[2025-04-25T11:29:51.820+0000] {subprocess.py:93} INFO - 	at org.apache.spark.sql.catalyst.plans.logical.AnalysisHelper.transformDownWithPruning(AnalysisHelper.scala:267)
[2025-04-25T11:29:51.821+0000] {subprocess.py:93} INFO - 	at org.apache.spark.sql.catalyst.plans.logical.AnalysisHelper.transformDownWithPruning$(AnalysisHelper.scala:263)
[2025-04-25T11:29:51.821+0000] {subprocess.py:93} INFO - 	at org.apache.spark.sql.catalyst.plans.logical.LogicalPlan.transformDownWithPruning(LogicalPlan.scala:30)
[2025-04-25T11:29:51.821+0000] {subprocess.py:93} INFO - 	at org.apache.spark.sql.catalyst.plans.logical.LogicalPlan.transformDownWithPruning(LogicalPlan.scala:30)
[2025-04-25T11:29:51.822+0000] {subprocess.py:93} INFO - 	at org.apache.spark.sql.catalyst.trees.TreeNode.$anonfun$transformDownWithPruning$3(TreeNode.scala:589)
[2025-04-25T11:29:51.822+0000] {subprocess.py:93} INFO - 	at org.apache.spark.sql.catalyst.trees.UnaryLike.mapChildren(TreeNode.scala:1228)
[2025-04-25T11:29:51.823+0000] {subprocess.py:93} INFO - 	at org.apache.spark.sql.catalyst.trees.UnaryLike.mapChildren$(TreeNode.scala:1227)
[2025-04-25T11:29:51.823+0000] {subprocess.py:93} INFO - 	at org.apache.spark.sql.catalyst.plans.logical.EventTimeWatermark.mapChildren(EventTimeWatermark.scala:40)
[2025-04-25T11:29:51.823+0000] {subprocess.py:93} INFO - 	at org.apache.spark.sql.catalyst.trees.TreeNode.transformDownWithPruning(TreeNode.scala:589)
[2025-04-25T11:29:51.824+0000] {subprocess.py:93} INFO - 	at org.apache.spark.sql.catalyst.plans.logical.LogicalPlan.org$apache$spark$sql$catalyst$plans$logical$AnalysisHelper$$super$transformDownWithPruning(LogicalPlan.scala:30)
[2025-04-25T11:29:51.824+0000] {subprocess.py:93} INFO - 	at org.apache.spark.sql.catalyst.plans.logical.AnalysisHelper.transformDownWithPruning(AnalysisHelper.scala:267)
[2025-04-25T11:29:51.825+0000] {subprocess.py:93} INFO - 	at org.apache.spark.sql.catalyst.plans.logical.AnalysisHelper.transformDownWithPruning$(AnalysisHelper.scala:263)
[2025-04-25T11:29:51.826+0000] {subprocess.py:93} INFO - 	at org.apache.spark.sql.catalyst.plans.logical.LogicalPlan.transformDownWithPruning(LogicalPlan.scala:30)
[2025-04-25T11:29:51.826+0000] {subprocess.py:93} INFO - 	at org.apache.spark.sql.catalyst.plans.logical.LogicalPlan.transformDownWithPruning(LogicalPlan.scala:30)
[2025-04-25T11:29:51.827+0000] {subprocess.py:93} INFO - 	at org.apache.spark.sql.catalyst.trees.TreeNode.$anonfun$transformDownWithPruning$3(TreeNode.scala:589)
[2025-04-25T11:29:51.828+0000] {subprocess.py:93} INFO - 	at org.apache.spark.sql.catalyst.trees.UnaryLike.mapChildren(TreeNode.scala:1228)
[2025-04-25T11:29:51.829+0000] {subprocess.py:93} INFO - 	at org.apache.spark.sql.catalyst.trees.UnaryLike.mapChildren$(TreeNode.scala:1227)
[2025-04-25T11:29:51.829+0000] {subprocess.py:93} INFO - 	at org.apache.spark.sql.catalyst.plans.logical.Expand.mapChildren(basicLogicalOperators.scala:1159)
[2025-04-25T11:29:51.829+0000] {subprocess.py:93} INFO - 	at org.apache.spark.sql.catalyst.trees.TreeNode.transformDownWithPruning(TreeNode.scala:589)
[2025-04-25T11:29:51.830+0000] {subprocess.py:93} INFO - 	at org.apache.spark.sql.catalyst.plans.logical.LogicalPlan.org$apache$spark$sql$catalyst$plans$logical$AnalysisHelper$$super$transformDownWithPruning(LogicalPlan.scala:30)
[2025-04-25T11:29:51.831+0000] {subprocess.py:93} INFO - 	at org.apache.spark.sql.catalyst.plans.logical.AnalysisHelper.transformDownWithPruning(AnalysisHelper.scala:267)
[2025-04-25T11:29:51.831+0000] {subprocess.py:93} INFO - 	at org.apache.spark.sql.catalyst.plans.logical.AnalysisHelper.transformDownWithPruning$(AnalysisHelper.scala:263)
[2025-04-25T11:29:51.832+0000] {subprocess.py:93} INFO - 	at org.apache.spark.sql.catalyst.plans.logical.LogicalPlan.transformDownWithPruning(LogicalPlan.scala:30)
[2025-04-25T11:29:51.832+0000] {subprocess.py:93} INFO - 	at org.apache.spark.sql.catalyst.plans.logical.LogicalPlan.transformDownWithPruning(LogicalPlan.scala:30)
[2025-04-25T11:29:51.833+0000] {subprocess.py:93} INFO - 	at org.apache.spark.sql.catalyst.trees.TreeNode.$anonfun$transformDownWithPruning$3(TreeNode.scala:589)
[2025-04-25T11:29:51.833+0000] {subprocess.py:93} INFO - 	at org.apache.spark.sql.catalyst.trees.UnaryLike.mapChildren(TreeNode.scala:1228)
[2025-04-25T11:29:51.833+0000] {subprocess.py:93} INFO - 	at org.apache.spark.sql.catalyst.trees.UnaryLike.mapChildren$(TreeNode.scala:1227)
[2025-04-25T11:29:51.834+0000] {subprocess.py:93} INFO - 	at org.apache.spark.sql.catalyst.plans.logical.OrderPreservingUnaryNode.mapChildren(LogicalPlan.scala:208)
[2025-04-25T11:29:51.834+0000] {subprocess.py:93} INFO - 	at org.apache.spark.sql.catalyst.trees.TreeNode.transformDownWithPruning(TreeNode.scala:589)
[2025-04-25T11:29:51.834+0000] {subprocess.py:93} INFO - 	at org.apache.spark.sql.catalyst.plans.logical.LogicalPlan.org$apache$spark$sql$catalyst$plans$logical$AnalysisHelper$$super$transformDownWithPruning(LogicalPlan.scala:30)
[2025-04-25T11:29:51.835+0000] {subprocess.py:93} INFO - 	at org.apache.spark.sql.catalyst.plans.logical.AnalysisHelper.transformDownWithPruning(AnalysisHelper.scala:267)
[2025-04-25T11:29:51.835+0000] {subprocess.py:93} INFO - 	at org.apache.spark.sql.catalyst.plans.logical.AnalysisHelper.transformDownWithPruning$(AnalysisHelper.scala:263)
[2025-04-25T11:29:51.836+0000] {subprocess.py:93} INFO - 	at org.apache.spark.sql.catalyst.plans.logical.LogicalPlan.transformDownWithPruning(LogicalPlan.scala:30)
[2025-04-25T11:29:51.836+0000] {subprocess.py:93} INFO - 	at org.apache.spark.sql.catalyst.plans.logical.LogicalPlan.transformDownWithPruning(LogicalPlan.scala:30)
[2025-04-25T11:29:51.836+0000] {subprocess.py:93} INFO - 	at org.apache.spark.sql.catalyst.trees.TreeNode.$anonfun$transformDownWithPruning$3(TreeNode.scala:589)
[2025-04-25T11:29:51.837+0000] {subprocess.py:93} INFO - 	at org.apache.spark.sql.catalyst.trees.UnaryLike.mapChildren(TreeNode.scala:1228)
[2025-04-25T11:29:51.837+0000] {subprocess.py:93} INFO - 	at org.apache.spark.sql.catalyst.trees.UnaryLike.mapChildren$(TreeNode.scala:1227)
[2025-04-25T11:29:51.837+0000] {subprocess.py:93} INFO - 	at org.apache.spark.sql.catalyst.plans.logical.Aggregate.mapChildren(basicLogicalOperators.scala:977)
[2025-04-25T11:29:51.838+0000] {subprocess.py:93} INFO - 	at org.apache.spark.sql.catalyst.trees.TreeNode.transformDownWithPruning(TreeNode.scala:589)
[2025-04-25T11:29:51.838+0000] {subprocess.py:93} INFO - 	at org.apache.spark.sql.catalyst.plans.logical.LogicalPlan.org$apache$spark$sql$catalyst$plans$logical$AnalysisHelper$$super$transformDownWithPruning(LogicalPlan.scala:30)
[2025-04-25T11:29:51.839+0000] {subprocess.py:93} INFO - 	at org.apache.spark.sql.catalyst.plans.logical.AnalysisHelper.transformDownWithPruning(AnalysisHelper.scala:267)
[2025-04-25T11:29:51.839+0000] {subprocess.py:93} INFO - 	at org.apache.spark.sql.catalyst.plans.logical.AnalysisHelper.transformDownWithPruning$(AnalysisHelper.scala:263)
[2025-04-25T11:29:51.839+0000] {subprocess.py:93} INFO - 	at org.apache.spark.sql.catalyst.plans.logical.LogicalPlan.transformDownWithPruning(LogicalPlan.scala:30)
[2025-04-25T11:29:51.840+0000] {subprocess.py:93} INFO - 	at org.apache.spark.sql.catalyst.plans.logical.LogicalPlan.transformDownWithPruning(LogicalPlan.scala:30)
[2025-04-25T11:29:51.840+0000] {subprocess.py:93} INFO - 	at org.apache.spark.sql.catalyst.trees.TreeNode.$anonfun$transformDownWithPruning$3(TreeNode.scala:589)
[2025-04-25T11:29:51.841+0000] {subprocess.py:93} INFO - 	at org.apache.spark.sql.catalyst.trees.UnaryLike.mapChildren(TreeNode.scala:1228)
[2025-04-25T11:29:51.841+0000] {subprocess.py:93} INFO - 	at org.apache.spark.sql.catalyst.trees.UnaryLike.mapChildren$(TreeNode.scala:1227)
[2025-04-25T11:29:51.842+0000] {subprocess.py:93} INFO - 	at org.apache.spark.sql.catalyst.plans.logical.OrderPreservingUnaryNode.mapChildren(LogicalPlan.scala:208)
[2025-04-25T11:29:51.842+0000] {subprocess.py:93} INFO - 	at org.apache.spark.sql.catalyst.trees.TreeNode.transformDownWithPruning(TreeNode.scala:589)
[2025-04-25T11:29:51.843+0000] {subprocess.py:93} INFO - 	at org.apache.spark.sql.catalyst.plans.logical.LogicalPlan.org$apache$spark$sql$catalyst$plans$logical$AnalysisHelper$$super$transformDownWithPruning(LogicalPlan.scala:30)
[2025-04-25T11:29:51.843+0000] {subprocess.py:93} INFO - 	at org.apache.spark.sql.catalyst.plans.logical.AnalysisHelper.transformDownWithPruning(AnalysisHelper.scala:267)
[2025-04-25T11:29:51.843+0000] {subprocess.py:93} INFO - 	at org.apache.spark.sql.catalyst.plans.logical.AnalysisHelper.transformDownWithPruning$(AnalysisHelper.scala:263)
[2025-04-25T11:29:51.844+0000] {subprocess.py:93} INFO - 	at org.apache.spark.sql.catalyst.plans.logical.LogicalPlan.transformDownWithPruning(LogicalPlan.scala:30)
[2025-04-25T11:29:51.844+0000] {subprocess.py:93} INFO - 	at org.apache.spark.sql.catalyst.plans.logical.LogicalPlan.transformDownWithPruning(LogicalPlan.scala:30)
[2025-04-25T11:29:51.845+0000] {subprocess.py:93} INFO - 	at org.apache.spark.sql.catalyst.trees.TreeNode.$anonfun$transformDownWithPruning$3(TreeNode.scala:589)
[2025-04-25T11:29:51.845+0000] {subprocess.py:93} INFO - 	at org.apache.spark.sql.catalyst.trees.UnaryLike.mapChildren(TreeNode.scala:1228)
[2025-04-25T11:29:51.845+0000] {subprocess.py:93} INFO - 	at org.apache.spark.sql.catalyst.trees.UnaryLike.mapChildren$(TreeNode.scala:1227)
[2025-04-25T11:29:51.846+0000] {subprocess.py:93} INFO - 	at org.apache.spark.sql.catalyst.plans.logical.OrderPreservingUnaryNode.mapChildren(LogicalPlan.scala:208)
[2025-04-25T11:29:51.846+0000] {subprocess.py:93} INFO - 	at org.apache.spark.sql.catalyst.trees.TreeNode.transformDownWithPruning(TreeNode.scala:589)
[2025-04-25T11:29:51.846+0000] {subprocess.py:93} INFO - 	at org.apache.spark.sql.catalyst.plans.logical.LogicalPlan.org$apache$spark$sql$catalyst$plans$logical$AnalysisHelper$$super$transformDownWithPruning(LogicalPlan.scala:30)
[2025-04-25T11:29:51.847+0000] {subprocess.py:93} INFO - 	at org.apache.spark.sql.catalyst.plans.logical.AnalysisHelper.transformDownWithPruning(AnalysisHelper.scala:267)
[2025-04-25T11:29:51.847+0000] {subprocess.py:93} INFO - 	at org.apache.spark.sql.catalyst.plans.logical.AnalysisHelper.transformDownWithPruning$(AnalysisHelper.scala:263)
[2025-04-25T11:29:51.848+0000] {subprocess.py:93} INFO - 	at org.apache.spark.sql.catalyst.plans.logical.LogicalPlan.transformDownWithPruning(LogicalPlan.scala:30)
[2025-04-25T11:29:51.848+0000] {subprocess.py:93} INFO - 	at org.apache.spark.sql.catalyst.plans.logical.LogicalPlan.transformDownWithPruning(LogicalPlan.scala:30)
[2025-04-25T11:29:51.849+0000] {subprocess.py:93} INFO - 	at org.apache.spark.sql.catalyst.trees.TreeNode.transformDown(TreeNode.scala:560)
[2025-04-25T11:29:51.849+0000] {subprocess.py:93} INFO - 	at org.apache.spark.sql.catalyst.trees.TreeNode.transform(TreeNode.scala:528)
[2025-04-25T11:29:51.850+0000] {subprocess.py:93} INFO - 	at org.apache.spark.sql.execution.streaming.MicroBatchExecution.logicalPlan$lzycompute(MicroBatchExecution.scala:82)
[2025-04-25T11:29:51.850+0000] {subprocess.py:93} INFO - 	at org.apache.spark.sql.execution.streaming.MicroBatchExecution.logicalPlan(MicroBatchExecution.scala:62)
[2025-04-25T11:29:51.851+0000] {subprocess.py:93} INFO - 	at org.apache.spark.sql.execution.streaming.StreamExecution.$anonfun$runStream$1(StreamExecution.scala:299)
[2025-04-25T11:29:51.851+0000] {subprocess.py:93} INFO - 	at scala.runtime.java8.JFunction0$mcV$sp.apply(JFunction0$mcV$sp.java:23)
[2025-04-25T11:29:51.852+0000] {subprocess.py:93} INFO - 	at org.apache.spark.sql.SparkSession.withActive(SparkSession.scala:779)
[2025-04-25T11:29:51.852+0000] {subprocess.py:93} INFO - 	at org.apache.spark.sql.execution.streaming.StreamExecution.org$apache$spark$sql$execution$streaming$StreamExecution$$runStream(StreamExecution.scala:285)
[2025-04-25T11:29:51.852+0000] {subprocess.py:93} INFO - 	at org.apache.spark.sql.execution.streaming.StreamExecution$$anon$1.run(StreamExecution.scala:208)
[2025-04-25T11:29:51.853+0000] {subprocess.py:93} INFO - Caused by: java.lang.ClassNotFoundException: org.apache.spark.kafka010.KafkaConfigUpdater
[2025-04-25T11:29:51.853+0000] {subprocess.py:93} INFO - 	at java.base/jdk.internal.loader.BuiltinClassLoader.loadClass(BuiltinClassLoader.java:641)
[2025-04-25T11:29:51.853+0000] {subprocess.py:93} INFO - 	at java.base/jdk.internal.loader.ClassLoaders$AppClassLoader.loadClass(ClassLoaders.java:188)
[2025-04-25T11:29:51.854+0000] {subprocess.py:93} INFO - 	at java.base/java.lang.ClassLoader.loadClass(ClassLoader.java:525)
[2025-04-25T11:29:51.854+0000] {subprocess.py:93} INFO - 	... 173 more
[2025-04-25T11:29:51.860+0000] {subprocess.py:93} INFO - Traceback (most recent call last):
[2025-04-25T11:29:51.860+0000] {subprocess.py:93} INFO -   File "/opt/spark/app/processor.py", line 306, in <module>
[2025-04-25T11:29:51.864+0000] {subprocess.py:93} INFO -     main()
[2025-04-25T11:29:51.864+0000] {subprocess.py:93} INFO -   File "/opt/spark/app/processor.py", line 299, in main
[2025-04-25T11:29:51.867+0000] {subprocess.py:93} INFO -     streaming_query.awaitTermination()
[2025-04-25T11:29:51.867+0000] {subprocess.py:93} INFO -   File "/opt/spark/python/lib/pyspark.zip/pyspark/sql/streaming.py", line 107, in awaitTermination
[2025-04-25T11:29:51.868+0000] {subprocess.py:93} INFO -   File "/opt/spark/python/lib/py4j-0.10.9.5-src.zip/py4j/java_gateway.py", line 1321, in __call__
[2025-04-25T11:29:51.868+0000] {subprocess.py:93} INFO -   File "/opt/spark/python/lib/pyspark.zip/pyspark/sql/utils.py", line 196, in deco
[2025-04-25T11:29:51.875+0000] {subprocess.py:93} INFO - pyspark.sql.utils.StreamingQueryException: Query traffic_processing_pipeline [id = 5e03d62e-cf04-4af4-95a7-b2203ba8cf76, runId = c014069b-25f8-4a0b-8882-9b564fd76f15] terminated with exception: org/apache/spark/kafka010/KafkaConfigUpdater
[2025-04-25T11:29:52.037+0000] {subprocess.py:97} INFO - Command exited with return code 1
[2025-04-25T11:29:52.050+0000] {taskinstance.py:2698} ERROR - Task failed with exception
Traceback (most recent call last):
  File "/home/airflow/.local/lib/python3.10/site-packages/airflow/models/taskinstance.py", line 433, in _execute_task
    result = execute_callable(context=context, **execute_callable_kwargs)
  File "/home/airflow/.local/lib/python3.10/site-packages/airflow/operators/bash.py", line 212, in execute
    raise AirflowException(
airflow.exceptions.AirflowException: Bash command failed. The command returned a non-zero exit code 1.
[2025-04-25T11:29:52.054+0000] {taskinstance.py:1138} INFO - Marking task as FAILED. dag_id=traffic_data_pipeline, task_id=submit_traffic_processor_spark_job, execution_date=20250425T112942, start_date=20250425T112943, end_date=20250425T112952
[2025-04-25T11:29:52.071+0000] {standard_task_runner.py:107} ERROR - Failed to execute job 14 for task submit_traffic_processor_spark_job (Bash command failed. The command returned a non-zero exit code 1.; 1477)
[2025-04-25T11:29:52.103+0000] {local_task_job_runner.py:234} INFO - Task exited with return code 1
[2025-04-25T11:29:52.138+0000] {taskinstance.py:3280} INFO - 0 downstream tasks scheduled from follow-on schedule check
