[2025-04-26T06:14:06.085+0000] {taskinstance.py:1956} INFO - Dependencies all met for dep_context=non-requeueable deps ti=<TaskInstance: traffic_data_pipeline.submit_traffic_processor_spark_job manual__2025-04-26T06:14:04.056965+00:00 [queued]>
[2025-04-26T06:14:06.105+0000] {taskinstance.py:1956} INFO - Dependencies all met for dep_context=requeueable deps ti=<TaskInstance: traffic_data_pipeline.submit_traffic_processor_spark_job manual__2025-04-26T06:14:04.056965+00:00 [queued]>
[2025-04-26T06:14:06.106+0000] {taskinstance.py:2170} INFO - Starting attempt 1 of 1
[2025-04-26T06:14:06.150+0000] {taskinstance.py:2191} INFO - Executing <Task(BashOperator): submit_traffic_processor_spark_job> on 2025-04-26 06:14:04.056965+00:00
[2025-04-26T06:14:06.172+0000] {standard_task_runner.py:60} INFO - Started process 679 to run task
[2025-04-26T06:14:06.193+0000] {standard_task_runner.py:87} INFO - Running: ['***', 'tasks', 'run', 'traffic_data_pipeline', 'submit_traffic_processor_spark_job', 'manual__2025-04-26T06:14:04.056965+00:00', '--job-id', '36', '--raw', '--subdir', 'DAGS_FOLDER/traffic_pipeline_dag.py', '--cfg-path', '/tmp/tmpk7wlee8f']
[2025-04-26T06:14:06.198+0000] {standard_task_runner.py:88} INFO - Job 36: Subtask submit_traffic_processor_spark_job
[2025-04-26T06:14:06.331+0000] {task_command.py:423} INFO - Running <TaskInstance: traffic_data_pipeline.submit_traffic_processor_spark_job manual__2025-04-26T06:14:04.056965+00:00 [running]> on host df84b95b25c0
[2025-04-26T06:14:06.484+0000] {taskinstance.py:2480} INFO - Exporting env vars: AIRFLOW_CTX_DAG_OWNER='***' AIRFLOW_CTX_DAG_ID='traffic_data_pipeline' AIRFLOW_CTX_TASK_ID='submit_traffic_processor_spark_job' AIRFLOW_CTX_EXECUTION_DATE='2025-04-26T06:14:04.056965+00:00' AIRFLOW_CTX_TRY_NUMBER='1' AIRFLOW_CTX_DAG_RUN_ID='manual__2025-04-26T06:14:04.056965+00:00'
[2025-04-26T06:14:06.488+0000] {subprocess.py:63} INFO - Tmp dir root location: /tmp
[2025-04-26T06:14:06.491+0000] {subprocess.py:75} INFO - Running command: ['/usr/bin/bash', '-c', '\n              # +++ THÊM PHẦN KIỂM TRA LINE ENDING +++\n            echo "--- Checking Line Endings for processor.py ---"\n            # Hiển thị 10 dòng đầu, ký tự kết thúc dòng sẽ là $ (LF) hoặc ^M$ (CRLF)\n            cat -e /opt/spark/app/processor.py | head -n 10\n            echo "--- Finished Checking Line Endings ---"\n            echo "Setting PYTHONPATH..."\n            # Chỉ định đúng đường dẫn site-packages của user *** với Python 3.10\n            PYTHON_USER_SITE="/home/***/.local/lib/python3.10/site-packages"\n            # Export PYTHONPATH bao gồm đường dẫn này và giữ lại PYTHONPATH cũ nếu có\n            export PYTHONPATH="${PYTHON_USER_SITE}:${PYTHONPATH:-}"\n            echo "Using PYTHONPATH=$PYTHONPATH"\n\n            # Các export khác giữ nguyên (Airflow tự động truyền các biến môi trường từ docker-compose vào đây)\n            echo "Exporting other environment variables..."\n            export KAFKA_BROKERS_INTERNAL="$KAFKA_BROKERS_INTERNAL" && \\\n            export KAFKA_TOPIC="$KAFKA_TOPIC" && \\\n            export SCHEMA_REGISTRY_URL="$SCHEMA_REGISTRY_URL" && \\\n            export REDIS_HOST="$REDIS_HOST" && \\\n            export CLICKHOUSE_HOST="$CLICKHOUSE_HOST" && \\\n            export CLICKHOUSE_NATIVE_PORT="$CLICKHOUSE_NATIVE_PORT" && \\\n            export MINIO_ENDPOINT="$MINIO_ENDPOINT" && \\\n            export MINIO_ACCESS_KEY="$MINIO_ACCESS_KEY" && \\\n            export MINIO_SECRET_KEY="$MINIO_SECRET_KEY" && \\\n            export MINIO_BUCKET="$MINIO_BUCKET" && \\\n            # Xây dựng đường dẫn checkpoint đầy đủ\n            CHECKPOINT_LOCATION_VAR="s3a://${MINIO_BUCKET:-traffic-data}/checkpoints_***/traffic_processing_pipeline" && \\\n            export CHECKPOINT_LOCATION="$CHECKPOINT_LOCATION_VAR" && \\\n            export PYSPARK_PYTHON=/usr/bin/python3 && \\ # Đảm bảo dùng đúng python\n\n            echo "--- Running Spark Submit ---" && \\\n            spark-submit \\\n            --master local[*] \\\n            --deploy-mode client \\\n            --conf spark.sql.streaming.schemaInference=true \\\n            --conf spark.hadoop.fs.s3a.endpoint="$MINIO_ENDPOINT" \\\n            --conf spark.hadoop.fs.s3a.access.key="$MINIO_ACCESS_KEY" \\\n            --conf spark.hadoop.fs.s3a.secret.key="$MINIO_SECRET_KEY" \\\n            --conf spark.hadoop.fs.s3a.path.style.access=true \\\n            --conf spark.hadoop.fs.s3a.impl=org.apache.hadoop.fs.s3a.S3AFileSystem \\\n            --conf spark.sql.avro.schemaRegistryUrl="$SCHEMA_REGISTRY_URL" \\\n            # Không cần --packages vì JARs đã có trong image Airflow\n            /opt/spark/app/processor.py # Đường dẫn đến script Spark\n            ']
[2025-04-26T06:14:06.505+0000] {subprocess.py:86} INFO - Output:
[2025-04-26T06:14:06.513+0000] {subprocess.py:93} INFO - --- Checking Line Endings for processor.py ---
[2025-04-26T06:14:06.536+0000] {subprocess.py:93} INFO - import os$
[2025-04-26T06:14:06.537+0000] {subprocess.py:93} INFO - import json$
[2025-04-26T06:14:06.538+0000] {subprocess.py:93} INFO - import math$
[2025-04-26T06:14:06.542+0000] {subprocess.py:93} INFO - from datetime import datetime$
[2025-04-26T06:14:06.544+0000] {subprocess.py:93} INFO - import traceback$
[2025-04-26T06:14:06.545+0000] {subprocess.py:93} INFO - $
[2025-04-26T06:14:06.551+0000] {subprocess.py:93} INFO - # Import thM-FM-0 viM-aM-;M-^Gn cM-aM-:M-'n thiM-aM-:M-?t cho Pandas UDF$
[2025-04-26T06:14:06.554+0000] {subprocess.py:93} INFO - import pandas as pd$
[2025-04-26T06:14:06.556+0000] {subprocess.py:93} INFO - from pyspark.sql import SparkSession$
[2025-04-26T06:14:06.556+0000] {subprocess.py:93} INFO - from pyspark.sql.functions import col, window, avg, count, udf, lit, expr, pandas_udf, PandasUDFType, year, month, dayofmonth, hour$
[2025-04-26T06:14:06.557+0000] {subprocess.py:93} INFO - --- Finished Checking Line Endings ---
[2025-04-26T06:14:06.558+0000] {subprocess.py:93} INFO - Setting PYTHONPATH...
[2025-04-26T06:14:06.558+0000] {subprocess.py:93} INFO - Using PYTHONPATH=/home/***/.local/lib/python3.10/site-packages:
[2025-04-26T06:14:06.559+0000] {subprocess.py:93} INFO - Exporting other environment variables...
[2025-04-26T06:14:06.559+0000] {subprocess.py:93} INFO - /usr/bin/bash: line 29:  #: command not found
[2025-04-26T06:14:06.560+0000] {subprocess.py:93} INFO - --- Running Spark Submit ---
[2025-04-26T06:14:06.561+0000] {subprocess.py:93} INFO - /opt/spark/bin/load-spark-env.sh: line 68: ps: command not found
[2025-04-26T06:14:07.350+0000] {subprocess.py:93} INFO - Error: Missing application resource.
[2025-04-26T06:14:07.351+0000] {subprocess.py:93} INFO - 
[2025-04-26T06:14:07.029+0000] {subprocess.py:93} INFO - Usage: spark-submit [options] <app jar | python file | R file> [app arguments]
[2025-04-26T06:14:07.030+0000] {subprocess.py:93} INFO - Usage: spark-submit --kill [submission ID] --master [spark://...]
[2025-04-26T06:14:07.031+0000] {subprocess.py:93} INFO - Usage: spark-submit --status [submission ID] --master [spark://...]
[2025-04-26T06:14:07.031+0000] {subprocess.py:93} INFO - Usage: spark-submit run-example [options] example-class [example args]
[2025-04-26T06:14:07.032+0000] {subprocess.py:93} INFO - 
[2025-04-26T06:14:07.032+0000] {subprocess.py:93} INFO - Options:
[2025-04-26T06:14:07.033+0000] {subprocess.py:93} INFO -   --master MASTER_URL         spark://host:port, mesos://host:port, yarn,
[2025-04-26T06:14:07.033+0000] {subprocess.py:93} INFO -                               k8s://https://host:port, or local (Default: local[*]).
[2025-04-26T06:14:07.034+0000] {subprocess.py:93} INFO -   --deploy-mode DEPLOY_MODE   Whether to launch the driver program locally ("client") or
[2025-04-26T06:14:07.034+0000] {subprocess.py:93} INFO -                               on one of the worker machines inside the cluster ("cluster")
[2025-04-26T06:14:07.035+0000] {subprocess.py:93} INFO -                               (Default: client).
[2025-04-26T06:14:07.035+0000] {subprocess.py:93} INFO -   --class CLASS_NAME          Your application's main class (for Java / Scala apps).
[2025-04-26T06:14:07.036+0000] {subprocess.py:93} INFO -   --name NAME                 A name of your application.
[2025-04-26T06:14:07.037+0000] {subprocess.py:93} INFO -   --jars JARS                 Comma-separated list of jars to include on the driver
[2025-04-26T06:14:07.037+0000] {subprocess.py:93} INFO -                               and executor classpaths.
[2025-04-26T06:14:07.038+0000] {subprocess.py:93} INFO -   --packages                  Comma-separated list of maven coordinates of jars to include
[2025-04-26T06:14:07.038+0000] {subprocess.py:93} INFO -                               on the driver and executor classpaths. Will search the local
[2025-04-26T06:14:07.038+0000] {subprocess.py:93} INFO -                               maven repo, then maven central and any additional remote
[2025-04-26T06:14:07.039+0000] {subprocess.py:93} INFO -                               repositories given by --repositories. The format for the
[2025-04-26T06:14:07.039+0000] {subprocess.py:93} INFO -                               coordinates should be groupId:artifactId:version.
[2025-04-26T06:14:07.040+0000] {subprocess.py:93} INFO -   --exclude-packages          Comma-separated list of groupId:artifactId, to exclude while
[2025-04-26T06:14:07.040+0000] {subprocess.py:93} INFO -                               resolving the dependencies provided in --packages to avoid
[2025-04-26T06:14:07.041+0000] {subprocess.py:93} INFO -                               dependency conflicts.
[2025-04-26T06:14:07.041+0000] {subprocess.py:93} INFO -   --repositories              Comma-separated list of additional remote repositories to
[2025-04-26T06:14:07.042+0000] {subprocess.py:93} INFO -                               search for the maven coordinates given with --packages.
[2025-04-26T06:14:07.042+0000] {subprocess.py:93} INFO -   --py-files PY_FILES         Comma-separated list of .zip, .egg, or .py files to place
[2025-04-26T06:14:07.043+0000] {subprocess.py:93} INFO -                               on the PYTHONPATH for Python apps.
[2025-04-26T06:14:07.044+0000] {subprocess.py:93} INFO -   --files FILES               Comma-separated list of files to be placed in the working
[2025-04-26T06:14:07.044+0000] {subprocess.py:93} INFO -                               directory of each executor. File paths of these files
[2025-04-26T06:14:07.045+0000] {subprocess.py:93} INFO -                               in executors can be accessed via SparkFiles.get(fileName).
[2025-04-26T06:14:07.045+0000] {subprocess.py:93} INFO -   --archives ARCHIVES         Comma-separated list of archives to be extracted into the
[2025-04-26T06:14:07.046+0000] {subprocess.py:93} INFO -                               working directory of each executor.
[2025-04-26T06:14:07.046+0000] {subprocess.py:93} INFO - 
[2025-04-26T06:14:07.047+0000] {subprocess.py:93} INFO -   --conf, -c PROP=VALUE       Arbitrary Spark configuration property.
[2025-04-26T06:14:07.048+0000] {subprocess.py:93} INFO -   --properties-file FILE      Path to a file from which to load extra properties. If not
[2025-04-26T06:14:07.048+0000] {subprocess.py:93} INFO -                               specified, this will look for conf/spark-defaults.conf.
[2025-04-26T06:14:07.048+0000] {subprocess.py:93} INFO - 
[2025-04-26T06:14:07.049+0000] {subprocess.py:93} INFO -   --driver-memory MEM         Memory for driver (e.g. 1000M, 2G) (Default: 1024M).
[2025-04-26T06:14:07.050+0000] {subprocess.py:93} INFO -   --driver-java-options       Extra Java options to pass to the driver.
[2025-04-26T06:14:07.051+0000] {subprocess.py:93} INFO -   --driver-library-path       Extra library path entries to pass to the driver.
[2025-04-26T06:14:07.052+0000] {subprocess.py:93} INFO -   --driver-class-path         Extra class path entries to pass to the driver. Note that
[2025-04-26T06:14:07.052+0000] {subprocess.py:93} INFO -                               jars added with --jars are automatically included in the
[2025-04-26T06:14:07.053+0000] {subprocess.py:93} INFO -                               classpath.
[2025-04-26T06:14:07.054+0000] {subprocess.py:93} INFO - 
[2025-04-26T06:14:07.054+0000] {subprocess.py:93} INFO -   --executor-memory MEM       Memory per executor (e.g. 1000M, 2G) (Default: 1G).
[2025-04-26T06:14:07.055+0000] {subprocess.py:93} INFO - 
[2025-04-26T06:14:07.055+0000] {subprocess.py:93} INFO -   --proxy-user NAME           User to impersonate when submitting the application.
[2025-04-26T06:14:07.056+0000] {subprocess.py:93} INFO -                               This argument does not work with --principal / --keytab.
[2025-04-26T06:14:07.057+0000] {subprocess.py:93} INFO - 
[2025-04-26T06:14:07.057+0000] {subprocess.py:93} INFO -   --help, -h                  Show this help message and exit.
[2025-04-26T06:14:07.058+0000] {subprocess.py:93} INFO -   --verbose, -v               Print additional debug output.
[2025-04-26T06:14:07.058+0000] {subprocess.py:93} INFO -   --version,                  Print the version of current Spark.
[2025-04-26T06:14:07.059+0000] {subprocess.py:93} INFO - 
[2025-04-26T06:14:07.059+0000] {subprocess.py:93} INFO -  Cluster deploy mode only:
[2025-04-26T06:14:07.060+0000] {subprocess.py:93} INFO -   --driver-cores NUM          Number of cores used by the driver, only in cluster mode
[2025-04-26T06:14:07.061+0000] {subprocess.py:93} INFO -                               (Default: 1).
[2025-04-26T06:14:07.061+0000] {subprocess.py:93} INFO - 
[2025-04-26T06:14:07.062+0000] {subprocess.py:93} INFO -  Spark standalone or Mesos with cluster deploy mode only:
[2025-04-26T06:14:07.062+0000] {subprocess.py:93} INFO -   --supervise                 If given, restarts the driver on failure.
[2025-04-26T06:14:07.063+0000] {subprocess.py:93} INFO - 
[2025-04-26T06:14:07.063+0000] {subprocess.py:93} INFO -  Spark standalone, Mesos or K8s with cluster deploy mode only:
[2025-04-26T06:14:07.064+0000] {subprocess.py:93} INFO -   --kill SUBMISSION_ID        If given, kills the driver specified.
[2025-04-26T06:14:07.065+0000] {subprocess.py:93} INFO -   --status SUBMISSION_ID      If given, requests the status of the driver specified.
[2025-04-26T06:14:07.066+0000] {subprocess.py:93} INFO - 
[2025-04-26T06:14:07.067+0000] {subprocess.py:93} INFO -  Spark standalone and Mesos only:
[2025-04-26T06:14:07.067+0000] {subprocess.py:93} INFO -   --total-executor-cores NUM  Total cores for all executors.
[2025-04-26T06:14:07.068+0000] {subprocess.py:93} INFO - 
[2025-04-26T06:14:07.068+0000] {subprocess.py:93} INFO -  Spark standalone, YARN and Kubernetes only:
[2025-04-26T06:14:07.069+0000] {subprocess.py:93} INFO -   --executor-cores NUM        Number of cores used by each executor. (Default: 1 in
[2025-04-26T06:14:07.070+0000] {subprocess.py:93} INFO -                               YARN and K8S modes, or all available cores on the worker
[2025-04-26T06:14:07.070+0000] {subprocess.py:93} INFO -                               in standalone mode).
[2025-04-26T06:14:07.071+0000] {subprocess.py:93} INFO - 
[2025-04-26T06:14:07.071+0000] {subprocess.py:93} INFO -  Spark on YARN and Kubernetes only:
[2025-04-26T06:14:07.072+0000] {subprocess.py:93} INFO -   --num-executors NUM         Number of executors to launch (Default: 2).
[2025-04-26T06:14:07.072+0000] {subprocess.py:93} INFO -                               If dynamic allocation is enabled, the initial number of
[2025-04-26T06:14:07.073+0000] {subprocess.py:93} INFO -                               executors will be at least NUM.
[2025-04-26T06:14:07.074+0000] {subprocess.py:93} INFO -   --principal PRINCIPAL       Principal to be used to login to KDC.
[2025-04-26T06:14:07.074+0000] {subprocess.py:93} INFO -   --keytab KEYTAB             The full path to the file that contains the keytab for the
[2025-04-26T06:14:07.075+0000] {subprocess.py:93} INFO -                               principal specified above.
[2025-04-26T06:14:07.075+0000] {subprocess.py:93} INFO - 
[2025-04-26T06:14:07.076+0000] {subprocess.py:93} INFO -  Spark on YARN only:
[2025-04-26T06:14:07.076+0000] {subprocess.py:93} INFO -   --queue QUEUE_NAME          The YARN queue to submit to (Default: "default").
[2025-04-26T06:14:07.077+0000] {subprocess.py:93} INFO - 
[2025-04-26T06:14:07.078+0000] {subprocess.py:93} INFO - /opt/spark/app/processor.py: line 1: import: command not found
[2025-04-26T06:14:07.078+0000] {subprocess.py:93} INFO - /opt/spark/app/processor.py: line 2: import: command not found
[2025-04-26T06:14:07.079+0000] {subprocess.py:93} INFO - /opt/spark/app/processor.py: line 3: import: command not found
[2025-04-26T06:14:07.079+0000] {subprocess.py:93} INFO - /opt/spark/app/processor.py: line 4: from: command not found
[2025-04-26T06:14:07.080+0000] {subprocess.py:93} INFO - /opt/spark/app/processor.py: line 5: import: command not found
[2025-04-26T06:14:07.081+0000] {subprocess.py:93} INFO - /opt/spark/app/processor.py: line 8: import: command not found
[2025-04-26T06:14:07.081+0000] {subprocess.py:93} INFO - /opt/spark/app/processor.py: line 9: from: command not found
[2025-04-26T06:14:07.082+0000] {subprocess.py:93} INFO - /opt/spark/app/processor.py: line 10: from: command not found
[2025-04-26T06:14:07.082+0000] {subprocess.py:93} INFO - /opt/spark/app/processor.py: line 11: from: command not found
[2025-04-26T06:14:07.083+0000] {subprocess.py:93} INFO - /opt/spark/app/processor.py: line 12: from: command not found
[2025-04-26T06:14:07.083+0000] {subprocess.py:93} INFO - /opt/spark/app/processor.py: line 19: syntax error near unexpected token `"--- PySpark Script Dependencies Imported ---"'
[2025-04-26T06:14:07.084+0000] {subprocess.py:93} INFO - /opt/spark/app/processor.py: line 19: `print("--- PySpark Script Dependencies Imported ---")'
[2025-04-26T06:14:07.084+0000] {subprocess.py:97} INFO - Command exited with return code 2
[2025-04-26T06:14:07.111+0000] {taskinstance.py:2698} ERROR - Task failed with exception
Traceback (most recent call last):
  File "/home/airflow/.local/lib/python3.10/site-packages/airflow/models/taskinstance.py", line 433, in _execute_task
    result = execute_callable(context=context, **execute_callable_kwargs)
  File "/home/airflow/.local/lib/python3.10/site-packages/airflow/operators/bash.py", line 212, in execute
    raise AirflowException(
airflow.exceptions.AirflowException: Bash command failed. The command returned a non-zero exit code 2.
[2025-04-26T06:14:07.121+0000] {taskinstance.py:1138} INFO - Marking task as FAILED. dag_id=traffic_data_pipeline, task_id=submit_traffic_processor_spark_job, execution_date=20250426T061404, start_date=20250426T061406, end_date=20250426T061407
[2025-04-26T06:14:07.156+0000] {standard_task_runner.py:107} ERROR - Failed to execute job 36 for task submit_traffic_processor_spark_job (Bash command failed. The command returned a non-zero exit code 2.; 679)
[2025-04-26T06:14:07.212+0000] {local_task_job_runner.py:234} INFO - Task exited with return code 1
[2025-04-26T06:14:07.241+0000] {taskinstance.py:3280} INFO - 0 downstream tasks scheduled from follow-on schedule check
