[2025-04-26T02:51:50.308+0000] {taskinstance.py:1956} INFO - Dependencies all met for dep_context=non-requeueable deps ti=<TaskInstance: traffic_data_pipeline.submit_traffic_processor_spark_job manual__2025-04-26T02:51:49.012391+00:00 [queued]>
[2025-04-26T02:51:50.321+0000] {taskinstance.py:1956} INFO - Dependencies all met for dep_context=requeueable deps ti=<TaskInstance: traffic_data_pipeline.submit_traffic_processor_spark_job manual__2025-04-26T02:51:49.012391+00:00 [queued]>
[2025-04-26T02:51:50.322+0000] {taskinstance.py:2170} INFO - Starting attempt 1 of 1
[2025-04-26T02:51:50.344+0000] {taskinstance.py:2191} INFO - Executing <Task(BashOperator): submit_traffic_processor_spark_job> on 2025-04-26 02:51:49.012391+00:00
[2025-04-26T02:51:50.353+0000] {standard_task_runner.py:60} INFO - Started process 245 to run task
[2025-04-26T02:51:50.361+0000] {standard_task_runner.py:87} INFO - Running: ['***', 'tasks', 'run', 'traffic_data_pipeline', 'submit_traffic_processor_spark_job', 'manual__2025-04-26T02:51:49.012391+00:00', '--job-id', '5', '--raw', '--subdir', 'DAGS_FOLDER/traffic_pipeline_dag.py', '--cfg-path', '/tmp/tmp37oab8te']
[2025-04-26T02:51:50.372+0000] {standard_task_runner.py:88} INFO - Job 5: Subtask submit_traffic_processor_spark_job
[2025-04-26T02:51:50.491+0000] {task_command.py:423} INFO - Running <TaskInstance: traffic_data_pipeline.submit_traffic_processor_spark_job manual__2025-04-26T02:51:49.012391+00:00 [running]> on host f81ac7673fa0
[2025-04-26T02:51:50.817+0000] {taskinstance.py:2480} INFO - Exporting env vars: AIRFLOW_CTX_DAG_OWNER='***' AIRFLOW_CTX_DAG_ID='traffic_data_pipeline' AIRFLOW_CTX_TASK_ID='submit_traffic_processor_spark_job' AIRFLOW_CTX_EXECUTION_DATE='2025-04-26T02:51:49.012391+00:00' AIRFLOW_CTX_TRY_NUMBER='1' AIRFLOW_CTX_DAG_RUN_ID='manual__2025-04-26T02:51:49.012391+00:00'
[2025-04-26T02:51:50.820+0000] {subprocess.py:63} INFO - Tmp dir root location: /tmp
[2025-04-26T02:51:50.822+0000] {subprocess.py:75} INFO - Running command: ['/usr/bin/bash', '-c', '\n            export KAFKA_BROKERS_INTERNAL="kafk-1:9092,kafk-2:9092,kafk-3:9092" && \\\n            export KAFKA_TOPIC="raw_traffic_data" && \\\n            export SCHEMA_REGISTRY_URL="http://schema-registry:8081" && \\\n            export REDIS_HOST="redis" && \\\n            export CLICKHOUSE_HOST="clickhouse-server" && \\\n            export CLICKHOUSE_NATIVE_PORT="9000" && \\\n            export MINIO_ENDPOINT="http://minio:9000" && \\\n            export MINIO_ACCESS_KEY="minioadmin" && \\\n            export MINIO_SECRET_KEY="minioadmin" && \\\n            export MINIO_BUCKET="traffic-data" && \\\n            export CHECKPOINT_LOCATION="s3a://traffic-data/checkpoints_***" && \\\n            export PYSPARK_PYTHON=/usr/bin/python3 && \\\n            spark-submit \\\n            --master local[*] \\\n            --deploy-mode client \\\n            --conf spark.sql.streaming.schemaInference=true \\\n            --conf spark.hadoop.fs.s3a.endpoint=http://minio:9000 \\\n            --conf spark.hadoop.fs.s3a.access.key=minioadmin \\\n            --conf spark.hadoop.fs.s3a.secret.key=minioadmin \\\n            --conf spark.hadoop.fs.s3a.path.style.access=true \\\n            --conf spark.hadoop.fs.s3a.impl=org.apache.hadoop.fs.s3a.S3AFileSystem \\\n            --conf spark.sql.avro.schemaRegistryUrl=http://schema-registry:8081 \\\n            /opt/spark/app/processor.py\n            ']
[2025-04-26T02:51:50.835+0000] {subprocess.py:86} INFO - Output:
[2025-04-26T02:51:50.858+0000] {subprocess.py:93} INFO - /opt/spark/bin/load-spark-env.sh: line 68: ps: command not found
[2025-04-26T02:51:55.263+0000] {subprocess.py:93} INFO - --- RUNNING LATEST processor.py with IMPORTED haversine ---
[2025-04-26T02:51:55.400+0000] {subprocess.py:93} INFO - 25/04/26 02:51:55 INFO SparkContext: Running Spark version 3.3.4
[2025-04-26T02:51:55.491+0000] {subprocess.py:93} INFO - 25/04/26 02:51:55 WARN NativeCodeLoader: Unable to load native-hadoop library for your platform... using builtin-java classes where applicable
[2025-04-26T02:51:55.617+0000] {subprocess.py:93} INFO - 25/04/26 02:51:55 INFO ResourceUtils: ==============================================================
[2025-04-26T02:51:55.618+0000] {subprocess.py:93} INFO - 25/04/26 02:51:55 INFO ResourceUtils: No custom resources configured for spark.driver.
[2025-04-26T02:51:55.619+0000] {subprocess.py:93} INFO - 25/04/26 02:51:55 INFO ResourceUtils: ==============================================================
[2025-04-26T02:51:55.620+0000] {subprocess.py:93} INFO - 25/04/26 02:51:55 INFO SparkContext: Submitted application: TrafficProcessor
[2025-04-26T02:51:55.646+0000] {subprocess.py:93} INFO - 25/04/26 02:51:55 INFO ResourceProfile: Default ResourceProfile created, executor resources: Map(cores -> name: cores, amount: 1, script: , vendor: , memory -> name: memory, amount: 1024, script: , vendor: , offHeap -> name: offHeap, amount: 0, script: , vendor: ), task resources: Map(cpus -> name: cpus, amount: 1.0)
[2025-04-26T02:51:55.653+0000] {subprocess.py:93} INFO - 25/04/26 02:51:55 INFO ResourceProfile: Limiting resource is cpu
[2025-04-26T02:51:55.654+0000] {subprocess.py:93} INFO - 25/04/26 02:51:55 INFO ResourceProfileManager: Added ResourceProfile id: 0
[2025-04-26T02:51:55.314+0000] {subprocess.py:93} INFO - 25/04/26 02:51:55 INFO SecurityManager: Changing view acls to: ***
[2025-04-26T02:51:55.315+0000] {subprocess.py:93} INFO - 25/04/26 02:51:55 INFO SecurityManager: Changing modify acls to: ***
[2025-04-26T02:51:55.316+0000] {subprocess.py:93} INFO - 25/04/26 02:51:55 INFO SecurityManager: Changing view acls groups to:
[2025-04-26T02:51:55.317+0000] {subprocess.py:93} INFO - 25/04/26 02:51:55 INFO SecurityManager: Changing modify acls groups to:
[2025-04-26T02:51:55.317+0000] {subprocess.py:93} INFO - 25/04/26 02:51:55 INFO SecurityManager: SecurityManager: authentication disabled; ui acls disabled; users  with view permissions: Set(***); groups with view permissions: Set(); users  with modify permissions: Set(***); groups with modify permissions: Set()
[2025-04-26T02:51:54.738+0000] {subprocess.py:93} INFO - 25/04/26 02:51:54 INFO Utils: Successfully started service 'sparkDriver' on port 35599.
[2025-04-26T02:51:54.791+0000] {subprocess.py:93} INFO - 25/04/26 02:51:54 INFO SparkEnv: Registering MapOutputTracker
[2025-04-26T02:51:54.833+0000] {subprocess.py:93} INFO - 25/04/26 02:51:54 INFO SparkEnv: Registering BlockManagerMaster
[2025-04-26T02:51:54.867+0000] {subprocess.py:93} INFO - 25/04/26 02:51:54 INFO BlockManagerMasterEndpoint: Using org.apache.spark.storage.DefaultTopologyMapper for getting topology information
[2025-04-26T02:51:54.868+0000] {subprocess.py:93} INFO - 25/04/26 02:51:54 INFO BlockManagerMasterEndpoint: BlockManagerMasterEndpoint up
[2025-04-26T02:51:54.874+0000] {subprocess.py:93} INFO - 25/04/26 02:51:54 INFO SparkEnv: Registering BlockManagerMasterHeartbeat
[2025-04-26T02:51:54.906+0000] {subprocess.py:93} INFO - 25/04/26 02:51:54 INFO DiskBlockManager: Created local directory at /tmp/blockmgr-a76da1ef-8cc3-40b7-b6f0-1c5324c6ca32
[2025-04-26T02:51:54.926+0000] {subprocess.py:93} INFO - 25/04/26 02:51:54 INFO MemoryStore: MemoryStore started with capacity 434.4 MiB
[2025-04-26T02:51:54.947+0000] {subprocess.py:93} INFO - 25/04/26 02:51:54 INFO SparkEnv: Registering OutputCommitCoordinator
[2025-04-26T02:51:55.227+0000] {subprocess.py:93} INFO - 25/04/26 02:51:55 INFO Utils: Successfully started service 'SparkUI' on port 4040.
[2025-04-26T02:51:55.353+0000] {subprocess.py:93} INFO - 25/04/26 02:51:55 INFO Executor: Starting executor ID driver on host f81ac7673fa0
[2025-04-26T02:51:55.361+0000] {subprocess.py:93} INFO - 25/04/26 02:51:55 INFO Executor: Starting executor with user classpath (userClassPathFirst = false): ''
[2025-04-26T02:51:55.385+0000] {subprocess.py:93} INFO - 25/04/26 02:51:55 INFO Utils: Successfully started service 'org.apache.spark.network.netty.NettyBlockTransferService' on port 32869.
[2025-04-26T02:51:55.385+0000] {subprocess.py:93} INFO - 25/04/26 02:51:55 INFO NettyBlockTransferService: Server created on f81ac7673fa0:32869
[2025-04-26T02:51:55.388+0000] {subprocess.py:93} INFO - 25/04/26 02:51:55 INFO BlockManager: Using org.apache.spark.storage.RandomBlockReplicationPolicy for block replication policy
[2025-04-26T02:51:55.396+0000] {subprocess.py:93} INFO - 25/04/26 02:51:55 INFO BlockManagerMaster: Registering BlockManager BlockManagerId(driver, f81ac7673fa0, 32869, None)
[2025-04-26T02:51:55.401+0000] {subprocess.py:93} INFO - 25/04/26 02:51:55 INFO BlockManagerMasterEndpoint: Registering block manager f81ac7673fa0:32869 with 434.4 MiB RAM, BlockManagerId(driver, f81ac7673fa0, 32869, None)
[2025-04-26T02:51:55.403+0000] {subprocess.py:93} INFO - 25/04/26 02:51:55 INFO BlockManagerMaster: Registered BlockManager BlockManagerId(driver, f81ac7673fa0, 32869, None)
[2025-04-26T02:51:55.404+0000] {subprocess.py:93} INFO - 25/04/26 02:51:55 INFO BlockManager: Initialized BlockManager: BlockManagerId(driver, f81ac7673fa0, 32869, None)
[2025-04-26T02:51:55.984+0000] {subprocess.py:93} INFO - Spark Session created. Version: 3.3.4
[2025-04-26T02:51:55.985+0000] {subprocess.py:93} INFO - Broadcasting segments data...
[2025-04-26T02:51:56.171+0000] {subprocess.py:93} INFO - Segments data broadcasted.
[2025-04-26T02:51:57.679+0000] {subprocess.py:93} INFO - Traceback (most recent call last):
[2025-04-26T02:51:57.679+0000] {subprocess.py:93} INFO -   File "/opt/spark/app/processor.py", line 247, in <module>
[2025-04-26T02:51:57.685+0000] {subprocess.py:93} INFO -     main()
[2025-04-26T02:51:57.686+0000] {subprocess.py:93} INFO -   File "/opt/spark/app/processor.py", line 176, in main
[2025-04-26T02:51:57.690+0000] {subprocess.py:93} INFO -     .load()
[2025-04-26T02:51:57.690+0000] {subprocess.py:93} INFO -      ^^^^^^
[2025-04-26T02:51:57.691+0000] {subprocess.py:93} INFO -   File "/opt/spark/python/lib/pyspark.zip/pyspark/sql/streaming.py", line 469, in load
[2025-04-26T02:51:57.691+0000] {subprocess.py:93} INFO -   File "/opt/spark/python/lib/py4j-0.10.9.5-src.zip/py4j/java_gateway.py", line 1321, in __call__
[2025-04-26T02:51:57.692+0000] {subprocess.py:93} INFO -   File "/opt/spark/python/lib/pyspark.zip/pyspark/sql/utils.py", line 196, in deco
[2025-04-26T02:51:57.702+0000] {subprocess.py:93} INFO - pyspark.sql.utils.IllegalArgumentException: 'path' is not specified
[2025-04-26T02:51:57.861+0000] {subprocess.py:97} INFO - Command exited with return code 1
[2025-04-26T02:51:57.880+0000] {taskinstance.py:2698} ERROR - Task failed with exception
Traceback (most recent call last):
  File "/home/airflow/.local/lib/python3.10/site-packages/airflow/models/taskinstance.py", line 433, in _execute_task
    result = execute_callable(context=context, **execute_callable_kwargs)
  File "/home/airflow/.local/lib/python3.10/site-packages/airflow/operators/bash.py", line 212, in execute
    raise AirflowException(
airflow.exceptions.AirflowException: Bash command failed. The command returned a non-zero exit code 1.
[2025-04-26T02:51:57.888+0000] {taskinstance.py:1138} INFO - Marking task as FAILED. dag_id=traffic_data_pipeline, task_id=submit_traffic_processor_spark_job, execution_date=20250426T025149, start_date=20250426T025150, end_date=20250426T025157
[2025-04-26T02:51:57.926+0000] {standard_task_runner.py:107} ERROR - Failed to execute job 5 for task submit_traffic_processor_spark_job (Bash command failed. The command returned a non-zero exit code 1.; 245)
[2025-04-26T02:51:57.969+0000] {local_task_job_runner.py:234} INFO - Task exited with return code 1
[2025-04-26T02:51:58.000+0000] {taskinstance.py:3280} INFO - 0 downstream tasks scheduled from follow-on schedule check
