[2025-04-26T06:27:30.520+0000] {taskinstance.py:1956} INFO - Dependencies all met for dep_context=non-requeueable deps ti=<TaskInstance: traffic_data_pipeline.submit_traffic_processor_spark_job manual__2025-04-26T06:27:29.398305+00:00 [queued]>
[2025-04-26T06:27:30.539+0000] {taskinstance.py:1956} INFO - Dependencies all met for dep_context=requeueable deps ti=<TaskInstance: traffic_data_pipeline.submit_traffic_processor_spark_job manual__2025-04-26T06:27:29.398305+00:00 [queued]>
[2025-04-26T06:27:30.540+0000] {taskinstance.py:2170} INFO - Starting attempt 1 of 1
[2025-04-26T06:27:30.559+0000] {taskinstance.py:2191} INFO - Executing <Task(BashOperator): submit_traffic_processor_spark_job> on 2025-04-26 06:27:29.398305+00:00
[2025-04-26T06:27:30.564+0000] {standard_task_runner.py:60} INFO - Started process 1322 to run task
[2025-04-26T06:27:30.568+0000] {standard_task_runner.py:87} INFO - Running: ['***', 'tasks', 'run', 'traffic_data_pipeline', 'submit_traffic_processor_spark_job', 'manual__2025-04-26T06:27:29.398305+00:00', '--job-id', '41', '--raw', '--subdir', 'DAGS_FOLDER/traffic_pipeline_dag.py', '--cfg-path', '/tmp/tmpdh78d83y']
[2025-04-26T06:27:30.571+0000] {standard_task_runner.py:88} INFO - Job 41: Subtask submit_traffic_processor_spark_job
[2025-04-26T06:27:30.642+0000] {task_command.py:423} INFO - Running <TaskInstance: traffic_data_pipeline.submit_traffic_processor_spark_job manual__2025-04-26T06:27:29.398305+00:00 [running]> on host df84b95b25c0
[2025-04-26T06:27:30.750+0000] {taskinstance.py:2480} INFO - Exporting env vars: AIRFLOW_CTX_DAG_OWNER='***' AIRFLOW_CTX_DAG_ID='traffic_data_pipeline' AIRFLOW_CTX_TASK_ID='submit_traffic_processor_spark_job' AIRFLOW_CTX_EXECUTION_DATE='2025-04-26T06:27:29.398305+00:00' AIRFLOW_CTX_TRY_NUMBER='1' AIRFLOW_CTX_DAG_RUN_ID='manual__2025-04-26T06:27:29.398305+00:00'
[2025-04-26T06:27:30.752+0000] {subprocess.py:63} INFO - Tmp dir root location: /tmp
[2025-04-26T06:27:30.754+0000] {subprocess.py:75} INFO - Running command: ['/usr/bin/bash', '-c', '\n            echo "--- Checking Line Endings for processor.py ---"\n            cat -e /opt/spark/app/processor.py | head -n 10\n            echo "--- Finished Checking Line Endings ---"\n            echo "Setting PYTHONPATH..."\n            PYTHON_USER_SITE="/home/***/.local/lib/python3.10/site-packages"\n            export PYTHONPATH="${PYTHON_USER_SITE}:${PYTHONPATH:-}"\n            echo "Using PYTHONPATH=$PYTHONPATH"\n            echo "Exporting other environment variables..."\n            export KAFKA_BROKERS_INTERNAL="$KAFKA_BROKERS_INTERNAL" && \\\n            export KAFKA_TOPIC="$KAFKA_TOPIC" && \\\n            export SCHEMA_REGISTRY_URL="$SCHEMA_REGISTRY_URL" && \\\n            export REDIS_HOST="$REDIS_HOST" && \\\n            export CLICKHOUSE_HOST="$CLICKHOUSE_HOST" && \\\n            export CLICKHOUSE_NATIVE_PORT="$CLICKHOUSE_NATIVE_PORT" && \\\n            export MINIO_ENDPOINT="$MINIO_ENDPOINT" && \\\n            export MINIO_ACCESS_KEY="$MINIO_ACCESS_KEY" && \\\n            export MINIO_SECRET_KEY="$MINIO_SECRET_KEY" && \\\n            export MINIO_BUCKET="$MINIO_BUCKET" && \\\n            CHECKPOINT_LOCATION_VAR="s3a://${MINIO_BUCKET:-traffic-data}/checkpoints_***/traffic_processing_pipeline" && \\\n            export CHECKPOINT_LOCATION="$CHECKPOINT_LOCATION_VAR" && \\\n            export PYSPARK_PYTHON=/usr/local/bin/python3.10 && \\\n            echo "--- Running Spark Submit ---" && \\\n            spark-submit \\\n            --master local[*] \\\n            --deploy-mode client \\\n            --conf spark.sql.streaming.schemaInference=true \\\n            --conf spark.hadoop.fs.s3a.endpoint="$MINIO_ENDPOINT" \\\n            --conf spark.hadoop.fs.s3a.access.key="$MINIO_ACCESS_KEY" \\\n            --conf spark.hadoop.fs.s3a.secret.key="$MINIO_SECRET_KEY" \\\n            --conf spark.hadoop.fs.s3a.path.style.access=true \\\n            --conf spark.hadoop.fs.s3a.impl=org.apache.hadoop.fs.s3a.S3AFileSystem \\\n            --conf spark.sql.avro.schemaRegistryUrl="$SCHEMA_REGISTRY_URL" \\\n            /opt/spark/app/processor.py\n            ']
[2025-04-26T06:27:30.765+0000] {subprocess.py:86} INFO - Output:
[2025-04-26T06:27:30.766+0000] {subprocess.py:93} INFO - --- Checking Line Endings for processor.py ---
[2025-04-26T06:27:30.771+0000] {subprocess.py:93} INFO - import os$
[2025-04-26T06:27:30.772+0000] {subprocess.py:93} INFO - import json$
[2025-04-26T06:27:30.773+0000] {subprocess.py:93} INFO - import math$
[2025-04-26T06:27:30.773+0000] {subprocess.py:93} INFO - from datetime import datetime$
[2025-04-26T06:27:30.774+0000] {subprocess.py:93} INFO - import traceback$
[2025-04-26T06:27:30.774+0000] {subprocess.py:93} INFO - $
[2025-04-26T06:27:30.775+0000] {subprocess.py:93} INFO - # Import thM-FM-0 viM-aM-;M-^Gn cM-aM-:M-'n thiM-aM-:M-?t cho Pandas UDF$
[2025-04-26T06:27:30.776+0000] {subprocess.py:93} INFO - import pandas as pd$
[2025-04-26T06:27:30.776+0000] {subprocess.py:93} INFO - from pyspark.sql import SparkSession$
[2025-04-26T06:27:30.777+0000] {subprocess.py:93} INFO - from pyspark.sql.functions import col, window, avg, count, udf, lit, expr, pandas_udf, PandasUDFType, year, month, dayofmonth, hour$
[2025-04-26T06:27:30.778+0000] {subprocess.py:93} INFO - --- Finished Checking Line Endings ---
[2025-04-26T06:27:30.778+0000] {subprocess.py:93} INFO - Setting PYTHONPATH...
[2025-04-26T06:27:30.779+0000] {subprocess.py:93} INFO - Using PYTHONPATH=/home/***/.local/lib/python3.10/site-packages:
[2025-04-26T06:27:30.779+0000] {subprocess.py:93} INFO - Exporting other environment variables...
[2025-04-26T06:27:30.780+0000] {subprocess.py:93} INFO - --- Running Spark Submit ---
[2025-04-26T06:27:30.780+0000] {subprocess.py:93} INFO - /opt/spark/bin/load-spark-env.sh: line 68: ps: command not found
[2025-04-26T06:27:35.025+0000] {subprocess.py:93} INFO - --- PySpark Script Dependencies Imported ---
[2025-04-26T06:27:35.026+0000] {subprocess.py:93} INFO - Traceback (most recent call last):
[2025-04-26T06:27:35.027+0000] {subprocess.py:93} INFO -   File "/opt/spark/app/processor.py", line 69, in <module>
[2025-04-26T06:27:35.032+0000] {subprocess.py:93} INFO -     def classify_status_udf(avg_speed: Optional[float]) -> Optional[str]:
[2025-04-26T06:27:35.033+0000] {subprocess.py:93} INFO - NameError: name 'Optional' is not defined
[2025-04-26T06:27:35.152+0000] {subprocess.py:93} INFO - 25/04/26 06:27:35 INFO ShutdownHookManager: Shutdown hook called
[2025-04-26T06:27:35.161+0000] {subprocess.py:93} INFO - 25/04/26 06:27:35 INFO ShutdownHookManager: Deleting directory /tmp/spark-debd6cd7-181f-42e2-8147-1a174381f3ed
[2025-04-26T06:27:35.205+0000] {subprocess.py:97} INFO - Command exited with return code 1
[2025-04-26T06:27:35.224+0000] {taskinstance.py:2698} ERROR - Task failed with exception
Traceback (most recent call last):
  File "/home/airflow/.local/lib/python3.10/site-packages/airflow/models/taskinstance.py", line 433, in _execute_task
    result = execute_callable(context=context, **execute_callable_kwargs)
  File "/home/airflow/.local/lib/python3.10/site-packages/airflow/operators/bash.py", line 212, in execute
    raise AirflowException(
airflow.exceptions.AirflowException: Bash command failed. The command returned a non-zero exit code 1.
[2025-04-26T06:27:35.228+0000] {taskinstance.py:1138} INFO - Marking task as FAILED. dag_id=traffic_data_pipeline, task_id=submit_traffic_processor_spark_job, execution_date=20250426T062729, start_date=20250426T062730, end_date=20250426T062735
[2025-04-26T06:27:35.244+0000] {standard_task_runner.py:107} ERROR - Failed to execute job 41 for task submit_traffic_processor_spark_job (Bash command failed. The command returned a non-zero exit code 1.; 1322)
[2025-04-26T06:27:35.288+0000] {local_task_job_runner.py:234} INFO - Task exited with return code 1
[2025-04-26T06:27:35.329+0000] {taskinstance.py:3280} INFO - 0 downstream tasks scheduled from follow-on schedule check
